
Cadence Innovus(TM) Implementation System.
Copyright 2025 Cadence Design Systems, Inc. All rights reserved worldwide.

Version:	v25.10-p002_1, built Wed Apr 23 12:43:30 PDT 2025
Options:	-init innovus.tcl -log innovus.log -overwrite 
Date:		Fri Apr 17 13:39:55 2026
Host:		borax.clear8.rice.edu (x86_64 w/Linux 4.18.0-553.89.1.el8_10.x86_64) (10cores*40cpus*Intel(R) Xeon(R) CPU E5-2640 v4 @ 2.40GHz 25600KB)
OS:		Red Hat Enterprise Linux 8.10 (Ootpa)

License:
		[13:39:56.380889] Configured Lic search path (25.01-s002): 5280@cadence.lic.rice.edu

		invs	Innovus Implementation System	25.1	checkout succeeded
		8 CPU jobs allowed with the current license(s). Use setMultiCpuUsage to set your required CPU count.

**Info: Common UI will be the default UI for innovus in the next major release. Please use -legacy_ui when invoking innovus if you wish to continue to use legacy UI.
Change the soft stacksize limit to 0.2%RAM (256 mbytes). Set global soft_stack_size_limit to change the value.
Info: Process UID = 2199429 / 50f5edff-bd60-4b60-ae3e-d22e9a5d79dd / NFtKWF43EU
Loading attribute definitions from mini dummy db...
Info: Defined 24274 Synthesis attributes
Info: Skipped defining 1017 Synthesis attributes already defined in Innovus

**INFO:  MMMC transition support version v31-84 

<CMD> set_global _enable_mmmc_by_default_flow      $CTE::mmmc_default
<CMD> suppressMessage ENCEXT-2799
<CMD> getVersion
[INFO] Loading Pegasus 24.12 fill procedures
Sourcing file "innovus.tcl" ...
source innovus.tcl
<CMD> set_global _enable_mmmc_by_default_flow      $CTE::mmmc_default
<CMD> set init_verilog top.vh
<CMD> set init_top_cell top
<CMD> set init_lef_file /clear/apps/osu/soc/cadence/lib/ami05/lib/osu05_stdcells.lef
<CMD> set init_gnd_net gnd
<CMD> set init_design_settop 0
<CMD> set init_pwr_net vdd
<CMD> init_design

Loading LEF file /clear/apps/osu/soc/cadence/lib/ami05/lib/osu05_stdcells.lef ...
**WARN: (IMPLF-108):	There is no overlap layer defined in any LEF file
so you are unable to create rectilinear partition in a hierarchical flow.
Set DBUPerIGU to M2 pitch 2400.

##  Check design process and node:  
##  Both design process and tech node are not set.

*** End library_loading (cpu=0.00min, real=0.00min, mem=0.0M, fe_cpu=0.57min, fe_real=0.82min, fe_mem=1966.2M) ***
#% Begin Load netlist data ... (date=04/17 13:40:44, mem=1966.3M)
*** Begin netlist parsing (mem=1966.3M) ***
Created 0 new cells from 0 timing libraries.
Reading netlist ...
Backslashed names will retain backslash and a trailing blank character.
Reading verilog netlist 'top.vh'

*** Memory Usage v#1 (Current mem = 1979.277M, initial mem = 948.016M) ***
*** End netlist parsing (cpu=0:00:00.3, real=0:00:00.0, mem=1979.3M) ***
#% End Load netlist data ... (date=04/17 13:40:44, total cpu=0:00:00.4, real=0:00:00.0, peak res=1979.5M, current mem=1978.2M)
Set top cell to top.
Hooked 0 DB cells to tlib cells.
Starting recursive module instantiation check.
No recursion found.
Building hierarchical netlist for Cell top ...
***** UseNewTieNetMode *****.
*** Netlist is unique.
** info: there are 41 modules.
** info: there are 22958 stdCell insts.
** info: there are 22958 stdCell insts with at least one signal pin.

*** Memory Usage v#1 (Current mem = 2017.949M, initial mem = 948.016M) ***
**WARN: (IMPFP-3961):	The techSite 'IO' has no related standard cells in the LEF/OA library. The calculations for this site type cannot be made unless standard cell models of this type exist in the LEF/OA library. Ignore this warning if the SITE is not used by the library. Alternatively, remove the SITE definition for the LEF/OA library to avoid this message.
Type 'man IMPFP-3961' for more detail.
**WARN: (IMPFP-3961):	The techSite 'corner' has no related standard cells in the LEF/OA library. The calculations for this site type cannot be made unless standard cell models of this type exist in the LEF/OA library. Ignore this warning if the SITE is not used by the library. Alternatively, remove the SITE definition for the LEF/OA library to avoid this message.
Type 'man IMPFP-3961' for more detail.
Horizontal Layer M1 offset = 1500 (derived)
Vertical Layer M2 offset = 1200 (derived)
Start create_tracks
Extraction setup Started for TopCell top 

*** Summary of all messages that are not suppressed in this session:
Severity  ID               Count  Summary                                  
WARNING   IMPLF-108            1  There is no overlap layer defined in any...
WARNING   IMPFP-3961           2  The techSite '%s' has no related standar...
*** Message Summary: 3 warning(s), 0 error(s)

<CMD> saveDesign top.enc
#% Begin save design ... (date=04/17 13:40:45, mem=2290.1M)
INFO: Current data have to be saved into a temporary db: 'top.enc.dat.tmp' first. It will be renamed to the correct name 'top.enc.dat' after the old db was deleted.
% Begin Save ccopt configuration ... (date=04/17 13:40:45, mem=2290.1M)
% End Save ccopt configuration ... (date=04/17 13:40:45, total cpu=0:00:00.0, real=0:00:00.0, peak res=2291.8M, current mem=2291.8M)
% Begin Save netlist data ... (date=04/17 13:40:45, mem=2309.6M)
Writing Binary DB to top.enc.dat.tmp/top.v.bin in single-threaded mode...
% End Save netlist data ... (date=04/17 13:40:45, total cpu=0:00:00.1, real=0:00:00.0, peak res=2316.9M, current mem=2311.0M)
Saving symbol-table file ...
Saving congestion map file top.enc.dat.tmp/top.route.congmap.gz ...
% Begin Save AAE data ... (date=04/17 13:40:46, mem=2312.1M)
Saving AAE Data ...
% End Save AAE data ... (date=04/17 13:40:46, total cpu=0:00:00.1, real=0:00:00.0, peak res=2340.2M, current mem=2312.4M)
Saving preference file top.enc.dat.tmp/gui.pref.tcl ...
Saving mode setting ...
**WARN: (IMPMF-5054):	fill_setting_save command is obsolete and should not be used any more. It still works in this release but will be removed in future release. Recommend to use Pegasus metal fill flow which is the replacement.
Saving global file ...
% Begin Save floorplan data ... (date=04/17 13:40:47, mem=2316.3M)
Saving floorplan file ...
% End Save floorplan data ... (date=04/17 13:40:53, total cpu=0:00:00.1, real=0:00:06.0, peak res=2317.3M, current mem=2317.3M)
*info - save blackBox cells to lef file top.enc.dat.tmp/top.bbox.lef
Saving Drc markers ...
... No Drc file written since there is no markers found.
% Begin Save placement data ... (date=04/17 13:40:53, mem=2317.3M)
** Saving stdCellPlacement_binary (version# 2) ...
Save Adaptive View Pruning View Names to Binary file
% End Save placement data ... (date=04/17 13:40:53, total cpu=0:00:00.1, real=0:00:01.0, peak res=2318.0M, current mem=2318.0M)
% Begin Save routing data ... (date=04/17 13:40:54, mem=2318.0M)
Saving route file ...
*** Completed saveRoute (cpu=0:00:00.1 real=0:00:00.0 mem=2319.3M) ***
% End Save routing data ... (date=04/17 13:40:54, total cpu=0:00:00.1, real=0:00:00.0, peak res=2318.3M, current mem=2318.3M)
Saving property file top.enc.dat.tmp/top.prop
*** Completed saveProperty (cpu=0:00:00.1 real=0:00:00.0 mem=2322.4M) ***
% Begin Save power constraints data ... (date=04/17 13:40:54, mem=2320.7M)
% End Save power constraints data ... (date=04/17 13:40:54, total cpu=0:00:00.1, real=0:00:00.0, peak res=2320.7M, current mem=2320.7M)
Generated self-contained design top.enc.dat.tmp
#% End save design ... (date=04/17 13:40:55, total cpu=0:00:02.1, real=0:00:10.0, peak res=2340.2M, current mem=2326.1M)

*** Summary of all messages that are not suppressed in this session:
Severity  ID               Count  Summary                                  
WARNING   IMPMF-5054           1  fill_setting_save command is obsolete an...
*** Message Summary: 1 warning(s), 0 error(s)

<CMD> getIoFlowFlag
<CMD> setIoFlowFlag 0
<CMD> floorPlan -r 1.0 0.8 21 21 21 21
Adjusting coreMargin left    to finFet grid (PlacementGrid) : after adjusting :21.6
Adjusting coreMargin right   to finFet grid (PlacementGrid) : after adjusting :21.6
Adjusting core size to PlacementGrid : width :3086.4 height : 3060
**WARN: (IMPFP-3961):	The techSite 'IO' has no related standard cells in the LEF/OA library. The calculations for this site type cannot be made unless standard cell models of this type exist in the LEF/OA library. Ignore this warning if the SITE is not used by the library. Alternatively, remove the SITE definition for the LEF/OA library to avoid this message.
Type 'man IMPFP-3961' for more detail.
**WARN: (IMPFP-3961):	The techSite 'corner' has no related standard cells in the LEF/OA library. The calculations for this site type cannot be made unless standard cell models of this type exist in the LEF/OA library. Ignore this warning if the SITE is not used by the library. Alternatively, remove the SITE definition for the LEF/OA library to avoid this message.
Type 'man IMPFP-3961' for more detail.
Horizontal Layer M1 offset = 1500 (derived)
Vertical Layer M2 offset = 1200 (derived)
Start create_tracks
**WARN: (IMPFP-325):	Floorplan of the design is resized. All current floorplan objects are automatically derived based on specified new floorplan. This may change blocks, fixed standard cells, existing routes and blockages.
<CMD> uiSetTool select
<CMD> getIoFlowFlag
<CMD> fit
<CMD> clearGlobalNets
<CMD> globalNetConnect gnd -type pgpin -pin gnd -inst *
<CMD> globalNetConnect vdd -type pgpin -pin vdd -inst *
<CMD> set sprCreateIeRingNets {}
<CMD> set sprCreateIeRingLayers {}
<CMD> set sprCreateIeRingWidth 1.2
<CMD> set sprCreateIeRingSpacing 1.2
<CMD> set sprCreateIeRingOffset 1.2
<CMD> set sprCreateIeRingThreshold 1.2
<CMD> set sprCreateIeRingJogDistance 1.2
<CMD> setPlaceMode -placeIoPins true
<CMD> setAddRingMode -stacked_via_top_layer metal3
<CMD> setAddRingMode -stacked_via_bottom_layer metal1
<CMD> addRing -skip_via_on_wire_shape Noshape -skip_via_on_pin Standardcell -center 1 -type core_rings -jog_distance 1.8 -threshold 1.8 -nets {gnd vdd} -follow core -layer {bottom metal1 top metal1 right metal2 left metal2} -width 6.0 -spacing 1.2 -offset 1.8
#% Begin addRing (date=04/17 13:40:55, mem=2328.7M)


viaInitial starts at Fri Apr 17 13:40:55 2026
**WARN: (IMPPP-556):	A SAMENET rule between different layers for a 4 layer technology is probably a mistake. Stacked vias will be difficult to create and probably will not be what expected. Check if this rule can be removed from the technology file: SAMENET cc via 0.150000 ;
**WARN: (IMPPP-556):	A SAMENET rule between different layers for a 4 layer technology is probably a mistake. Stacked vias will be difficult to create and probably will not be what expected. Check if this rule can be removed from the technology file: SAMENET via via2 0.150000 ;
**WARN: (IMPPP-557):	A single-layer VIARULE GENERATE for turn-vias is obsolete and is being ignored. Remove this statement from the technology file: VIARULE TURN1 GENERATE.
Type 'man IMPPP-557' for more detail.
**WARN: (IMPPP-557):	A single-layer VIARULE GENERATE for turn-vias is obsolete and is being ignored. Remove this statement from the technology file: VIARULE TURN2 GENERATE.
Type 'man IMPPP-557' for more detail.
**WARN: (IMPPP-557):	A single-layer VIARULE GENERATE for turn-vias is obsolete and is being ignored. Remove this statement from the technology file: VIARULE TURN3 GENERATE.
Type 'man IMPPP-557' for more detail.
viaInitial ends at Fri Apr 17 13:40:55 2026
Loading cell geometries (cpu: 0:00:00.0, real: 0:00:00.0, peak mem: 2329.1M)
Ring generation is complete.
vias are now being generated.
addRing created 8 wires.
ViaGen created 8 vias, deleted 0 via to avoid violation.
+--------+----------------+----------------+
|  Layer |     Created    |     Deleted    |
+--------+----------------+----------------+
| metal1 |        4       |       NA       |
|   via  |        8       |        0       |
| metal2 |        4       |       NA       |
+--------+----------------+----------------+
#% End addRing (date=04/17 13:40:55, total cpu=0:00:00.0, real=0:00:00.0, peak res=2331.9M, current mem=2331.9M)
<CMD> getPlaceMode -place_hierarchical_flow -quiet
<CMD> report_message -start_cmd
<CMD> getRouteMode -maxRouteLayer -quiet
<CMD> getRouteMode -user -maxRouteLayer
<CMD> getPlaceMode -place_global_place_io_pins -quiet
<CMD> getPlaceMode -user -maxRouteLayer
<CMD> getPlaceMode -quiet -adaptiveFlowMode
<CMD> getPlaceMode -timingDriven -quiet
<CMD> getPlaceMode -adaptive -quiet
<CMD> getPlaceMode -relaxSoftBlockageMode -quiet
<CMD> getPlaceMode -user -relaxSoftBlockageMode
<CMD> getPlaceMode -ignoreScan -quiet
<CMD> getPlaceMode -user -ignoreScan
<CMD> getPlaceMode -repairPlace -quiet
<CMD> getPlaceMode -user -repairPlace
<CMD> getPlaceMode -inPlaceOptMode -quiet
<CMD> getPlaceMode -quiet -bypassFlowEffortHighChecking
<CMD> getDesignMode -quiet -siPrevention
<CMD> getPlaceMode -quiet -place_global_exp_enable_3d
<CMD> getPlaceMode -quiet -place_global_exp_ignore_intra_ilm_out_of_corebox_check
<CMD> getPlaceMode -place_global_place_io_pins -quiet
<CMD> getPlaceMode -place_global_check_io_pins -quiet
*** placeDesign #1 [begin] () : totSession cpu/real = 0:00:38.2/0:00:51.5 (0.7), mem = 2333.0M
<CMD> getPlaceMode -exp_slack_driven -quiet
<CMD> um::push_snapshot_stack
<CMD> getDesignMode -quiet -flowEffort
<CMD> getDesignMode -highSpeedCore -quiet
<CMD> getPlaceMode -quiet -adaptive
<CMD> set spgFlowInInitialPlace 1
<CMD> getPlaceMode -sdpAlignment -quiet
<CMD> getPlaceMode -softGuide -quiet
<CMD> getPlaceMode -useSdpGroup -quiet
<CMD> getPlaceMode -sdpAlignment -quiet
<CMD> getPlaceMode -enableDbSaveAreaPadding -quiet
<CMD> getPlaceMode -quiet -wireLenOptEffort
<CMD> getPlaceMode -sdpPlace -quiet
<CMD> getPlaceMode -exp_slack_driven -quiet
<CMD> getPlaceMode -sdpPlace -quiet
<CMD> getPlaceMode -groupHighLevelClkGate -quiet
<CMD_INTERNAL> setvar spgRptErrorForScanConnection 0
<CMD> getPlaceMode -place_global_exp_allow_missing_scan_chain -quiet
<CMD> getPlaceMode -place_check_library -quiet
<CMD> getPlaceMode -place_detail_exp_enable_3d_hdb -quiet
<CMD> getPlaceMode -place_global_exp_heterogeneous_3d_placement -quiet
<CMD> getPlaceMode -trimView -quiet
<CMD> getPlaceMode -expTrimOptBeforeTDGP -quiet
<CMD> getPlaceMode -quiet -useNonTimingDeleteBufferTree
<CMD> getPlaceMode -congEffort -quiet
<CMD> getPlaceMode -relaxSoftBlockageMode -quiet
<CMD> getPlaceMode -user -relaxSoftBlockageMode
<CMD> getPlaceMode -ignoreScan -quiet
<CMD> getPlaceMode -user -ignoreScan
<CMD> getPlaceMode -repairPlace -quiet
<CMD> getPlaceMode -user -repairPlace
<CMD> getPlaceMode -congEffort -quiet
<CMD> getPlaceMode -fp -quiet
<CMD> getPlaceMode -timingDriven -quiet
<CMD> getPlaceMode -user -timingDriven
<CMD> getPlaceMode -fastFp -quiet
<CMD> getPlaceMode -clusterMode -quiet
<CMD> get_proto_model -type_match {flex_module flex_instgroup} -committed -name -tcl
<CMD> getPlaceMode -inPlaceOptMode -quiet
<CMD> getPlaceMode -quiet -bypassFlowEffortHighChecking
<CMD> getPlaceMode -ultraCongEffortFlow -quiet
<CMD> getPlaceMode -forceTiming -quiet
<CMD> getPlaceMode -fp -quiet
<CMD> getPlaceMode -fastfp -quiet
<CMD> getPlaceMode -timingDriven -quiet
**WARN: (IMPSP-9513):	Timing constraint file does not exist
**WARN: (IMPSP-9514):	Non-TimingDriven placement will be performed.
<CMD> setPlaceMode -timingDriven 0
<CMD> getPlaceMode -fp -quiet
<CMD> getPlaceMode -fastfp -quiet
<CMD> getPlaceMode -powerDriven -quiet
<CMD> getExtractRCMode -quiet -engine
<CMD> getAnalysisMode -quiet -clkSrcPath
<CMD> getAnalysisMode -quiet -clockPropagation
<CMD> getAnalysisMode -quiet -cppr
<CMD> setExtractRCMode -engine preRoute
<CMD> setAnalysisMode -clkSrcPath false -clockPropagation forcedIdeal
<CMD> getPlaceMode -exp_slack_driven -quiet
<CMD_INTERNAL> isAnalysisModeSetup
<CMD> getPlaceMode -quiet -place_global_exp_solve_unbalance_path
<CMD> getPlaceMode -quiet -NMPsuppressInfo
<CMD> getPlaceMode -quiet -place_global_exp_wns_focus_v2
<CMD> getPlaceMode -quiet -place_incr_exp_isolation_flow
<CMD> getPlaceMode -wl_budget_mode -quiet
<CMD> setPlaceMode -reset -place_global_exp_balance_buffer_chain
<CMD> getPlaceMode -wl_budget_mode -quiet
<CMD> setPlaceMode -reset -place_global_exp_balance_pipeline
<CMD> getPlaceMode -place_global_exp_balance_buffer_chain -quiet
<CMD> getPlaceMode -place_global_exp_balance_pipeline -quiet
<CMD> getPlaceMode -tdgpMemFlow -quiet
<CMD> getPlaceMode -user -resetCombineRFLevel
<CMD> getPlaceMode -quiet -resetCombineRFLevel
<CMD> setPlaceMode -resetCombineRFLevel 1000
<CMD> getPlaceMode -place_global_exp_skp_unbalanced_net_weight -quiet
<CMD> getPlaceMode -place_global_exp_skp_path_based_begin_point -quiet
<CMD_INTERNAL> setvar spgSpeedupBuildVSM 1
<CMD> getPlaceMode -tdgpResetCteTG -quiet
<CMD> getPlaceMode -macroPlaceMode -quiet
<CMD> getPlaceMode -place_global_replace_QP -quiet
<CMD> getPlaceMode -macroPlaceMode -quiet
<CMD> getPlaceMode -enableDistPlace -quiet
<CMD> getPlaceMode -exp_slack_driven -quiet
<CMD> getPlaceMode -place_global_ignore_spare -quiet
<CMD> getPlaceMode -quiet -expNewFastMode
<CMD> setPlaceMode -expHiddenFastMode 1
<CMD> setPlaceMode -reset -ignoreScan
<CMD> getPlaceMode -quiet -place_global_exp_auto_finish_floorplan
<CMD> getPlaceMode -quiet -IOSlackAdjust
*** Starting placeDesign default flow ***
<CMD> getPlaceMode -tdgpCteZeroDelayModeDelBuf -quiet
<CMD> set_global timing_enable_zero_delay_analysis_mode true
<CMD> getPlaceMode -quiet -useNonTimingDeleteBufferTree
<CMD> getPlaceMode -quiet -prePlaceOptSimplifyNetlist
<CMD> getPlaceMode -quiet -enablePrePlaceOptimizations
<CMD> getPlaceMode -quiet -prePlaceOptDecloneInv
<CMD> deleteBufferTree -decloneInv
<CMD> getPlaceMode -tdgpCteZeroDelayModeDelBuf -quiet
<CMD> set_global timing_enable_zero_delay_analysis_mode false
<CMD> getPlaceMode -exp_slack_driven -quiet
<CMD> all_setup_analysis_views
<CMD> getPlaceMode -quiet -expSkipGP
<CMD> getPlaceMode -quiet -place_global_exp_inverter_rewiring
<CMD> getPlaceMode -quiet -place_global_exp_enable_wdir_incrP_handoff
<CMD> getPlaceMode -ignoreUnproperPowerInit -quiet
<CMD> getPlaceMode -quiet -expSkipGP
*** ThreeLayerMode is automatically turned on for small designs with less than 4 layers.
Deleted 0 physical inst  (cell - / prefix -).
INFO: #ExclusiveGroups=0
INFO: There are no Exclusive Groups.
Extracting standard cell pins and blockage ...... 
Pin and blockage extraction finished
Extracting macro/IO cell pins and blockage ...... 
Pin and blockage extraction finished
*** Starting "NanoPlace(TM) placement v#2 (mem=2336.5M)" ...
<CMD> setDelayCalMode -engine feDc
No user-set net weight.
Net fanout histogram:
2		: 18419 (79.8%) nets
3		: 1032 (4.5%) nets
4     -	14	: 2535 (11.0%) nets
15    -	39	: 1106 (4.8%) nets
40    -	79	: 0 (0.0%) nets
80    -	159	: 0 (0.0%) nets
160   -	319	: 0 (0.0%) nets
320   -	639	: 0 (0.0%) nets
640   -	1279	: 1 (0.0%) nets
1280  -	2559	: 0 (0.0%) nets
2560  -	5119	: 0 (0.0%) nets
5120+		: 0 (0.0%) nets
#std cell=22958 (0 fixed + 22958 movable) #buf cell=0 #inv cell=0 #block=0 (0 floating + 0 preplaced)
#ioInst=0 #net=23093 #term=81447 #term/net=3.53, #fixedIo=0, #floatIo=0, #fixedPin=0, #floatPin=1030
stdCell: 22958 single + 0 double + 0 multi
Total standard cell length = 251.7240 (mm), area = 7.5517 (mm^2)
Average module density = 0.800.
Density for the design = 0.800.
       = stdcell_area 104885 sites (7551720 um^2) / alloc_area 131172 sites (9444384 um^2).
Pin Density = 0.6209.
            = total # of pins 81447 / total area 131172.
[spp] 0
**WARN: (IMPSP-9531):	Turning off clkGateAware when timingDriven is off
=== lastAutoLevel = 8 
Iteration  1: Total net bbox = 3.709e-08 (1.26e-08 2.45e-08)
              Est.  stn bbox = 3.915e-08 (1.32e-08 2.59e-08)
              cpu = 0:00:00.1 real = 0:00:00.0 mem = 2385.1M
Iteration  2: Total net bbox = 3.709e-08 (1.26e-08 2.45e-08)
              Est.  stn bbox = 3.915e-08 (1.32e-08 2.59e-08)
              cpu = 0:00:00.0 real = 0:00:00.0 mem = 2385.4M
Iteration  3: Total net bbox = 1.109e+03 (5.30e+02 5.79e+02)
              Est.  stn bbox = 1.399e+03 (6.68e+02 7.31e+02)
              cpu = 0:00:01.4 real = 0:00:02.0 mem = 2431.1M
Iteration  4: Total net bbox = 6.820e+06 (3.60e+06 3.22e+06)
              Est.  stn bbox = 8.211e+06 (4.09e+06 4.12e+06)
              cpu = 0:00:08.8 real = 0:00:14.0 mem = 2432.7M
Iteration  5: Total net bbox = 6.425e+06 (3.22e+06 3.21e+06)
              Est.  stn bbox = 8.470e+06 (4.15e+06 4.32e+06)
              cpu = 0:00:08.6 real = 0:00:08.0 mem = 2432.8M
Iteration  6: Total net bbox = 6.251e+06 (3.12e+06 3.13e+06)
              Est.  stn bbox = 8.287e+06 (4.03e+06 4.25e+06)
              cpu = 0:00:14.1 real = 0:00:14.0 mem = 2443.8M
<CMD> psp::embedded_egr_init_
[NR-eGR] Started Early Global Route kernel ( Curr Mem: 2.22 MB )
<CMD> psp::embedded_egr_term_
Iteration  7: Total net bbox = 6.372e+06 (3.21e+06 3.17e+06)
              Est.  stn bbox = 8.408e+06 (4.12e+06 4.29e+06)
              cpu = 0:00:01.2 real = 0:00:02.0 mem = 2465.5M
Iteration  8: Total net bbox = 6.372e+06 (3.21e+06 3.17e+06)
              Est.  stn bbox = 8.408e+06 (4.12e+06 4.29e+06)
              cpu = 0:00:00.1 real = 0:00:00.0 mem = 2465.5M
<CMD> psp::embedded_egr_init_
<CMD> psp::embedded_egr_term_
Iteration  9: Total net bbox = 6.329e+06 (3.21e+06 3.11e+06)
              Est.  stn bbox = 8.414e+06 (4.15e+06 4.26e+06)
              cpu = 0:00:25.1 real = 0:00:25.0 mem = 2461.9M
Iteration 10: Total net bbox = 6.329e+06 (3.21e+06 3.11e+06)
              Est.  stn bbox = 8.414e+06 (4.15e+06 4.26e+06)
              cpu = 0:00:00.1 real = 0:00:00.0 mem = 2461.9M
<CMD> psp::embedded_egr_init_
<CMD> psp::embedded_egr_term_
Iteration 11: Total net bbox = 6.305e+06 (3.25e+06 3.06e+06)
              Est.  stn bbox = 8.381e+06 (4.20e+06 4.18e+06)
              cpu = 0:00:25.4 real = 0:00:30.0 mem = 2456.0M
Iteration 12: Total net bbox = 6.305e+06 (3.25e+06 3.06e+06)
              Est.  stn bbox = 8.381e+06 (4.20e+06 4.18e+06)
              cpu = 0:00:00.1 real = 0:00:00.0 mem = 2456.0M
Iteration 13: Total net bbox = 6.345e+06 (3.25e+06 3.09e+06)
              Est.  stn bbox = 8.410e+06 (4.19e+06 4.22e+06)
              cpu = 0:00:35.3 real = 0:00:36.0 mem = 2464.9M
Iteration 14: Total net bbox = 6.345e+06 (3.25e+06 3.09e+06)
              Est.  stn bbox = 8.410e+06 (4.19e+06 4.22e+06)
              cpu = 0:00:00.2 real = 0:00:00.0 mem = 2464.9M
*** cost = 6.345e+06 (3.25e+06 3.09e+06) (cpu for global=0:02:01) real=0:02:13***
Solver runtime cpu: 0:01:53 real: 0:01:55
Core Placement runtime cpu: 0:01:58 real: 0:02:05
<CMD> scanReorder
Begin: Reorder Scan Chains
**WARN: (IMPSP-9025):	No scan chain specified/traced.
Type 'man IMPSP-9025' for more detail.
End: Reorder Scan Chains
Disable CLEQ because CTE is in physical only mode.
*** Starting refinePlace (0:02:40 mem=2466.8M) ***
Total net bbox length = 6.366e+06 (3.265e+06 3.101e+06) (ext = 9.323e+04)
Move report: Detail placement moved 22958 insts, mean move: 10.18 um, max move: 599.44 um 
	Max move on inst (datapath/U17267): (1818.69, 2180.95) --> (1339.20, 2061.00)
	Runtime: CPU: 0:00:09.4 REAL: 0:00:12.0 MEM: 2480.8MB
Summary Report:
Instances moved: 22958 (out of 22958 movable)
Instances flipped: 0
Mean displacement: 10.18 um
Max displacement: 599.44 um (Instance: datapath/U17267) (1818.69, 2180.95) -> (1339.2, 2061)
	Length: 3 sites, height: 1 rows, site name: core, cell type: NAND2X1
Physical-only instances moved: 0 (out of 0 movable physical-only)
Total net bbox length = 6.304e+06 (3.201e+06 3.103e+06) (ext = 8.078e+04)
Runtime: CPU: 0:00:09.6 REAL: 0:00:12.0 MEM: 2480.9MB
*** Finished refinePlace (0:02:50 mem=2480.9M) ***
*** End of Placement (cpu=0:02:11, real=0:02:26, mem=2480.2M) ***
default core: bins with density > 0.750 = 55.37 % ( 67 / 121 )
Density distribution unevenness ratio = 6.128%
Starting IO pin assignment...
The design is not routed. Using placement based method for pin assignment.
<CMD> getExtractRCMode -relative_c_th -quiet
<CMD> getExtractRCMode -coupling_c_th -quiet
<CMD> getExtractRCMode -total_c_th -quiet
<CMD> getDesignMode -pessimisticMode -quiet
<CMD> getExtractRCMode -lefTechFileMap -quiet
<CMD> getExtractRCMode -turboReduce -quiet
<CMD> getExtractRCMode -coupled -quiet
Completed IO pin assignment.
<CMD> setDelayCalMode -engine aae
<CMD> all_setup_analysis_views
<CMD> getPlaceMode -quiet -tdgpAdjustNetWeightBySlack
<CMD> get_ccopt_clock_trees *
<CMD> getPlaceMode -exp_insert_guidance_clock_tree -quiet
<CMD> getPlaceMode -exp_cluster_based_high_fanout_buffering -quiet
<CMD> getPlaceMode -quiet -place_global_exp_heterogeneous_3d_placement
<CMD> getPlaceMode -place_global_exp_incr_skp_preserve_mode_v2 -quiet
<CMD> getPlaceMode -quiet -place_global_exp_netlist_balance_flow
<CMD> getPlaceMode -quiet -place_global_exp_netlist_balance_flow
<CMD> getPlaceMode -quiet -place_global_high_effort_density_smoother
<CMD> getPlaceMode -quiet -timingEffort
<CMD> getPlaceMode -quiet -place_detail_exp_enable_full_fgc_in_pod
<CMD> getPlaceMode -quiet -place_detail_refinePlace_v3
<CMD> getPlaceMode -quiet -place_detail_refinePlace_v2
<CMD> getPlaceMode -quiet -place_detail_refinePlace_v2_pa_fgc_prects_on
<CMD> getPlaceMode -place_global_exp_tmp_invoke_fast_placer -quiet
<CMD> getPlaceMode -exp_slack_driven -quiet
<CMD> all_setup_analysis_views
<CMD> getPlaceMode -quiet -cong_repair_commit_clock_net_route_attr
<CMD> getPlaceMode -enableDbSaveAreaPadding -quiet
<CMD> getPlaceMode -quiet -wireLenOptEffort
<CMD> setPlaceMode -reset -improveWithPsp
<CMD> getPlaceMode -quiet -debugGlobalPlace
<CMD> getPlaceMode -congRepair -quiet
<CMD> getPlaceMode -fp -quiet
<CMD> getPlaceMode -user -rplaceIncrNPClkGateAwareMode
<CMD> getPlaceMode -user -congRepairMaxIter
<CMD> getPlaceMode -quiet -congRepairPDClkGateMode4
<CMD> setPlaceMode -rplaceIncrNPClkGateAwareMode 4
<CMD> getPlaceMode -quiet -expCongRepairPDOneLoop
<CMD> setPlaceMode -congRepairMaxIter 1
<CMD> getPlaceMode -quickCTS -quiet
<CMD> get_proto_model -type_match {flex_module flex_instgroup} -committed -name -tcl
<CMD> getPlaceMode -congRepairForceTrialRoute -quiet
<CMD> getPlaceMode -user -congRepairForceTrialRoute
<CMD> setPlaceMode -congRepairForceTrialRoute true
<CMD> ::goMC::is_advanced_metrics_collection_running
<CMD> congRepair
Info: Disable timing driven in postCTS congRepair.

Starting congRepair ...
*** ThreeLayerMode is automatically turned on for small designs with less than 4 layers.
[NR-eGR] Early global route reroute all routable nets
[NR-eGR] Track table information for default rule: 
[NR-eGR] metal1 has single uniform track structure
[NR-eGR] metal2 has single uniform track structure
[NR-eGR] metal3 has single uniform track structure
[NR-eGR] Read 12 PG shapes
[NR-eGR] Read 0 clock shapes
[NR-eGR] Read 0 other shapes
[NR-eGR] #Routing Blockages  : 0
[NR-eGR] #Bump Blockages     : 0
[NR-eGR] #Instance Blockages : 19269
[NR-eGR] #PG Blockages       : 12
[NR-eGR] #Halo Blockages     : 0
[NR-eGR] #Boundary Blockages : 0
[NR-eGR] #Clock Blockages    : 0
[NR-eGR] #Other Blockages    : 0
[NR-eGR] #prerouted nets         : 0
[NR-eGR] #prerouted special nets : 0
[NR-eGR] #prerouted wires        : 0
[NR-eGR] Read 23093 nets ( ignored 0 )
[NR-eGR] Handle net priority by net group ordering
[NR-eGR] == Routing rule table ==
[NR-eGR]  ID  Name       #Nets 
[NR-eGR] ----------------------
[NR-eGR]   0  (Default)  23093 
[NR-eGR] Layer group 1: route 23093 net(s) in layer range [2, 3]
**WARN: (IMPPSP-1318):	Because design is too congested, more than 60% in one direction (H or V) and/or more than 90% adding the congestion on both directions (H + V), Early Global Route is reducing effort to solve congestion and avoiding a big runtime. Overflow: 151.89% H + 149.34% V.
[NR-eGR] Early Global Route overflow of layer group 1: 147.89% H + 146.11% V. EstWL: 7.542570e+06um
[NR-eGR] Congestion Analysis By layer: (blocked Gcells are excluded) 
[NR-eGR]                        OverCon           OverCon           OverCon           OverCon            
[NR-eGR]                         #Gcell            #Gcell            #Gcell            #Gcell     %Gcell
[NR-eGR]        Layer             (1-4)             (5-9)           (10-13)           (14-18)    OverCon
[NR-eGR] -------------------------------------------------------------------------------------------------
[NR-eGR]  metal1 ( 1)         0( 0.00%)         0( 0.00%)         0( 0.00%)         0( 0.00%)   ( 0.00%) 
[NR-eGR]  metal2 ( 2)      1393(13.13%)      2765(26.06%)      1440(13.57%)       174( 1.64%)   (54.41%) 
[NR-eGR]  metal3 ( 3)      1709(16.11%)      3006(28.33%)      1412(13.31%)       132( 1.24%)   (58.99%) 
[NR-eGR] -------------------------------------------------------------------------------------------------
[NR-eGR]        Total      3102(14.62%)      5771(27.20%)      2852(13.44%)       306( 1.44%)   (56.70%) 
[NR-eGR] 
[NR-eGR] Overflow after Early Global Route 58.42% H + 53.88% V
[NR-eGR] Finished Early Global Route kernel ( CPU: 0.65 sec, Real: 0.74 sec, Curr Mem: 2.39 MB )
Early Global Route congestion estimation runtime: 0.75 seconds, mem = 2474.6M
Local HotSpot Analysis: normalized max congestion hotspot area = 492.00, normalized total congestion hotspot area = 492.00 (area is in unit of 4 std-cell row bins)

=== incrementalPlace Internal Loop 1 ===
*** ThreeLayerMode is automatically turned on for small designs with less than 4 layers.
[spp] 0
Iteration  7: Total net bbox = 6.277e+06 (3.22e+06 3.06e+06)
              Est.  stn bbox = 8.349e+06 (4.16e+06 4.19e+06)
              cpu = 0:00:12.4 real = 0:00:13.0 mem = 2539.1M
Iteration  8: Total net bbox = 6.242e+06 (3.21e+06 3.03e+06)
              Est.  stn bbox = 8.320e+06 (4.15e+06 4.17e+06)
              cpu = 0:00:16.8 real = 0:00:18.0 mem = 2531.1M
Iteration  9: Total net bbox = 6.244e+06 (3.21e+06 3.03e+06)
              Est.  stn bbox = 8.326e+06 (4.16e+06 4.16e+06)
              cpu = 0:00:20.4 real = 0:00:21.0 mem = 2533.4M
Iteration 10: Total net bbox = 6.293e+06 (3.25e+06 3.04e+06)
              Est.  stn bbox = 8.371e+06 (4.19e+06 4.18e+06)
              cpu = 0:00:15.7 real = 0:00:16.0 mem = 2536.6M
Move report: Congestion Driven Placement moved 22958 insts, mean move: 49.14 um, max move: 629.49 um 
	Max move on inst (U2267): (880.80, 201.00) --> (371.36, 321.05)

Finished Incremental Placement (cpu=0:01:07, real=0:01:09, mem=2536.2M)
Disable CLEQ because CTE is in physical only mode.
*** Starting refinePlace (0:03:59 mem=2536.2M) ***
Total net bbox length = 6.330e+06 (3.259e+06 3.072e+06) (ext = 8.655e+04)
Move report: Detail placement moved 22958 insts, mean move: 6.17 um, max move: 246.89 um 
	Max move on inst (U1538): (1358.71, 1131.00) --> (1605.60, 1131.00)
	Runtime: CPU: 0:00:04.7 REAL: 0:00:05.0 MEM: 2537.9MB
Summary Report:
Instances moved: 22958 (out of 22958 movable)
Instances flipped: 0
Mean displacement: 6.17 um
Max displacement: 246.89 um (Instance: U1538) (1358.71, 1131) -> (1605.6, 1131)
	Length: 2 sites, height: 1 rows, site name: core, cell type: INVX2
Physical-only instances moved: 0 (out of 0 movable physical-only)
Total net bbox length = 6.277e+06 (3.205e+06 3.072e+06) (ext = 7.749e+04)
Runtime: CPU: 0:00:04.9 REAL: 0:00:05.0 MEM: 2537.9MB
*** Finished refinePlace (0:04:04 mem=2537.9M) ***
*** ThreeLayerMode is automatically turned on for small designs with less than 4 layers.
[NR-eGR] Early global route reroute all routable nets
[NR-eGR] Track table information for default rule: 
[NR-eGR] metal1 has single uniform track structure
[NR-eGR] metal2 has single uniform track structure
[NR-eGR] metal3 has single uniform track structure
[NR-eGR] Read 0 clock shapes
[NR-eGR] Read 0 other shapes
[NR-eGR] #Routing Blockages  : 0
[NR-eGR] #Bump Blockages     : 0
[NR-eGR] #Instance Blockages : 19269
[NR-eGR] #PG Blockages       : 12
[NR-eGR] #Halo Blockages     : 0
[NR-eGR] #Boundary Blockages : 0
[NR-eGR] #Clock Blockages    : 0
[NR-eGR] #Other Blockages    : 0
[NR-eGR] #prerouted nets         : 0
[NR-eGR] #prerouted special nets : 0
[NR-eGR] #prerouted wires        : 0
[NR-eGR] Read 23093 nets ( ignored 0 )
[NR-eGR] Handle net priority by net group ordering
[NR-eGR] == Routing rule table ==
[NR-eGR]  ID  Name       #Nets 
[NR-eGR] ----------------------
[NR-eGR]   0  (Default)  23093 
[NR-eGR] Layer group 1: route 23093 net(s) in layer range [2, 3]
**WARN: (IMPPSP-1318):	Because design is too congested, more than 60% in one direction (H or V) and/or more than 90% adding the congestion on both directions (H + V), Early Global Route is reducing effort to solve congestion and avoiding a big runtime. Overflow: 152.80% H + 150.00% V.
[NR-eGR] Early Global Route overflow of layer group 1: 148.93% H + 146.84% V. EstWL: 7.554000e+06um
[NR-eGR] Congestion Analysis By layer: (blocked Gcells are excluded) 
[NR-eGR]                        OverCon           OverCon           OverCon           OverCon            
[NR-eGR]                         #Gcell            #Gcell            #Gcell            #Gcell     %Gcell
[NR-eGR]        Layer             (1-4)             (5-8)            (9-12)           (13-17)    OverCon
[NR-eGR] -------------------------------------------------------------------------------------------------
[NR-eGR]  metal1 ( 1)         0( 0.00%)         0( 0.00%)         0( 0.00%)         0( 0.00%)   ( 0.00%) 
[NR-eGR]  metal2 ( 2)      1323(12.47%)      2186(20.61%)      2076(19.57%)       211( 1.99%)   (54.63%) 
[NR-eGR]  metal3 ( 3)      1607(15.15%)      2323(21.89%)      2081(19.61%)       227( 2.14%)   (58.79%) 
[NR-eGR] -------------------------------------------------------------------------------------------------
[NR-eGR]        Total      2930(13.81%)      4509(21.25%)      4157(19.59%)       438( 2.06%)   (56.72%) 
[NR-eGR] 
[NR-eGR] Overflow after Early Global Route 58.23% H + 54.10% V
[NR-eGR] Finished Early Global Route kernel ( CPU: 0.85 sec, Real: 0.95 sec, Curr Mem: 2.35 MB )
Early Global Route congestion estimation runtime: 0.99 seconds, mem = 2483.8M
Local HotSpot Analysis: normalized max congestion hotspot area = 495.00, normalized total congestion hotspot area = 495.00 (area is in unit of 4 std-cell row bins)
[NR-eGR] Connected 0 must-join pins/ports (post-process)
[NR-eGR] Total eGR-routed clock nets wire length: 0um, number of vias: 0
[NR-eGR] --------------------------------------------------------------------------
[NR-eGR]                 Length (um)    Vias 
[NR-eGR] ------------------------------------
[NR-eGR]  metal1  (1H)             0   80423 
[NR-eGR]  metal2  (2V)       4028142  125379 
[NR-eGR]  metal3  (3H)       3982303       0 
[NR-eGR] ------------------------------------
[NR-eGR]          Total      8010445  205802 
[NR-eGR] --------------------------------------------------------------------------
[NR-eGR] Total half perimeter of net bounding box: 6276818um
[NR-eGR] Total length: 8010445um, number of vias: 205802
[NR-eGR] --------------------------------------------------------------------------
Early Global Route wiring runtime: 0.58 seconds, mem = 2490.0M
Tdgp not enabled or already been cleared! skip clearing
End of congRepair (cpu=0:01:15, real=0:01:17)
<CMD> ::goMC::is_advanced_metrics_collection_running
<CMD> ::goMC::is_advanced_metrics_collection_running
<CMD> ::goMC::is_advanced_metrics_collection_running
<CMD> setPlaceMode -reset -congRepairForceTrialRoute
<CMD> getPlaceMode -quiet -congRepairPDClkGateMode4
<CMD> setPlaceMode -reset -rplaceIncrNPClkGateAwareMode
<CMD> setPlaceMode -reset -congRepairMaxIter
<CMD> getPlaceMode -congRepairCleanupPadding -quiet
<CMD> getPlaceMode -quiet -wireLenOptEffort
<CMD> all_setup_analysis_views
<CMD> getPlaceMode -place_global_exp_incr_skp_preserve_mode_v2 -quiet
<CMD> getPlaceMode -quiet -place_global_exp_netlist_balance_flow
<CMD> getPlaceMode -quiet -place_global_exp_netlist_balance_flow
<CMD> getPlaceMode -quiet -place_global_high_effort_density_smoother
<CMD> getPlaceMode -quiet -timingEffort
<CMD> getPlaceMode -tdgpDumpStageTiming -quiet
*** Finishing placeDesign default flow ***
<CMD> getPlaceMode -quiet -tdgpAdjustNetWeightBySlack
**placeDesign ... cpu = 0: 3:27, real = 0: 3:45, mem = 2466.1M **
<CMD> getPlaceMode -trimView -quiet
<CMD> getOptMode -quiet -viewOptPolishing
<CMD> getOptMode -quiet -fastViewOpt
<CMD_INTERNAL> spInternalUse deleteViewOptManager
<CMD_INTERNAL> spInternalUse tdgp clearSkpData
Tdgp not enabled or already been cleared! skip clearing
<CMD> setAnalysisMode -clkSrcPath true -clockPropagation sdcControl
<CMD> getPlaceMode -exp_slack_driven -quiet
<CMD> setExtractRCMode -engine preRoute
<CMD> setPlaceMode -reset -relaxSoftBlockageMode
<CMD> setPlaceMode -reset -ignoreScan
<CMD> setPlaceMode -reset -repairPlace
<CMD> getPlaceMode -quiet -NMPsuppressInfo
<CMD_INTERNAL> setvar spgSpeedupBuildVSM 0
<CMD> getPlaceMode -macroPlaceMode -quiet
<CMD> getPlaceMode -place_global_replace_QP -quiet
<CMD> getPlaceMode -macroPlaceMode -quiet
<CMD> getPlaceMode -exp_slack_driven -quiet
<CMD> getPlaceMode -place_global_ignore_spare -quiet
<CMD> getPlaceMode -tdgpMemFlow -quiet
<CMD> setPlaceMode -reset -resetCombineRFLevel
<CMD> getPlaceMode -place_global_exp_skp_unbalanced_net_weight -quiet
<CMD> getPlaceMode -place_global_exp_skp_path_based_begin_point -quiet
<CMD> getPlaceMode -quiet -place_global_exp_solve_unbalance_path
<CMD> setPlaceMode -reset -expHiddenFastMode
<CMD> getPlaceMode -tcg2Pass -quiet
<CMD> getPlaceMode -quiet -wireLenOptEffort
<CMD> getPlaceMode -fp -quiet
<CMD> getPlaceMode -fastfp -quiet
<CMD> getPlaceMode -doRPlace -quiet
<CMD> getPlaceMode -RTCPlaceDesignFlow -quiet
<CMD> getPlaceMode -quickCTS -quiet
<CMD> set spgFlowInInitialPlace 0
<CMD> getPlaceMode -user -maxRouteLayer
<CMD_INTERNAL> spInternalUse TDGP resetIgnoreNetLoad
<CMD> getPlaceMode -place_global_exp_balance_pipeline -quiet
<CMD> getDesignMode -quiet -flowEffort
<CMD> report_message -end_cmd

*** Summary of all messages that are not suppressed in this session:
Severity  ID               Count  Summary                                  
WARNING   IMPSP-9513           1  Timing constraint file does not exist    
WARNING   IMPSP-9514           1  Non-TimingDriven placement will be perfo...
WARNING   IMPSP-9531           1  Turning off clkGateAware when timingDriv...
WARNING   IMPSP-9025           1  No scan chain specified/traced.          
WARNING   NRIF-95              2  Option setNanoRouteMode -routeTopRouting...
WARNING   IMPPSP-1318          2  Because design is too congested, more th...
*** Message Summary: 8 warning(s), 0 error(s)

<CMD> um::create_snapshot -name final -auto min
<CMD> um::pop_snapshot_stack
<CMD> um::create_snapshot -name place_design
*** placeDesign #1 [finish] () : cpu/real = 0:03:26.9/0:03:44.3 (0.9), totSession cpu/real = 0:04:05.1/0:04:35.9 (0.9), mem = 2466.3M
<CMD> getPlaceMode -exp_slack_driven -quiet
<CMD> sroute -nets {vdd gnd}
#% Begin sroute (date=04/17 13:44:40, mem=2466.3M)
*** Begin SPECIAL ROUTE on Fri Apr 17 13:44:40 2026 ***
SPECIAL ROUTE ran on directory: /storage-home/e/ely2/ELEC422/project/elec422_space_invaders/Innovus
SPECIAL ROUTE ran on machine: borax.clear8.rice.edu (Linux 4.18.0-553.89.1.el8_10.x86_64 Xeon 3.40Ghz)

Begin option processing ...
srouteConnectPowerBump set to false
routeSelectNet set to "vdd gnd"
routeSpecial set to true
srouteConnectConverterPin set to false
srouteFollowCorePinEnd set to 3
srouteJogControl set to "preferWithChanges differentLayer"
sroutePadPinAllPorts set to true
sroutePreserveExistingRoutes set to true
srouteRoutePowerBarPortOnBothDir set to true
End option processing: cpu: 0:00:00, real: 0:00:00, peak: 343.00 megs.

Reading DB technology information...
Finished reading DB technology information.
Reading floorplan and netlist information...
Finished reading floorplan and netlist information.
Read in 6 layers, 3 routing layers, 0 overlap layer
Read in 34 macros, 20 used
Read in 22958 components
  22958 core components: 0 unplaced, 22958 placed, 0 fixed
Read in 1030 physical pins
  1030 physical pins: 0 unplaced, 1030 placed, 0 fixed
Read in 1030 nets
Read in 2 special nets, 2 routed
Read in 46946 terminals
2 nets selected.

Begin power routing ...
**WARN: (IMPSR-1254):	Unable to connect the specified objects, since block pins of the vdd net were not found in the design. Check netlist or change the parameter value to include block pins in the design.
**WARN: (IMPSR-1256):	Unable to find any CORE class pad pin of the vdd net due to unavailability of the pin or check netlist in the routing area or layer. Change routing area or layer to include the expected pin or check netlist. Alternatively, change port class in the technology file.
Type 'man IMPSR-1256' for more detail.
Cannot find any AREAIO class pad pin of net vdd. Check net list, or change port class in the technology file, or change option to include pin in given range.
**WARN: (IMPSR-1254):	Unable to connect the specified objects, since block pins of the gnd net were not found in the design. Check netlist or change the parameter value to include block pins in the design.
**WARN: (IMPSR-1256):	Unable to find any CORE class pad pin of the gnd net due to unavailability of the pin or check netlist in the routing area or layer. Change routing area or layer to include the expected pin or check netlist. Alternatively, change port class in the technology file.
Type 'man IMPSR-1256' for more detail.
Cannot find any AREAIO class pad pin of net gnd. Check net list, or change port class in the technology file, or change option to include pin in given range.
CPU time for vdd FollowPin 0 seconds
CPU time for gnd FollowPin 0 seconds
  Number of IO ports routed: 0
  Number of Block ports routed: 0
  Number of Stripe ports routed: 0
  Number of Core ports routed: 206
  Number of Pad ports routed: 0
  Number of Power Bump ports routed: 0
  Number of Followpin connections: 103
End power routing: cpu: 0:00:00, real: 0:00:00, peak: 343.00 megs.



 Begin updating DB with routing results ...
 Updating DB with 1030 io pins ...
 Updating DB with 0 via definition ...
sroute created 309 wires.
ViaGen created 206 vias, deleted 0 via to avoid violation.
+--------+----------------+----------------+
|  Layer |     Created    |     Deleted    |
+--------+----------------+----------------+
| metal1 |       309      |       NA       |
|   via  |       206      |        0       |
+--------+----------------+----------------+
#% End sroute (date=04/17 13:44:40, total cpu=0:00:00.5, real=0:00:00.0, peak res=2485.8M, current mem=2485.8M)
<CMD> saveDesign top.enc
#% Begin save design ... (date=04/17 13:44:40, mem=2485.8M)
INFO: Current data have to be saved into a temporary db: 'top.enc.dat.tmp' first. It will be renamed to the correct name 'top.enc.dat' after the old db was deleted.
% Begin Save ccopt configuration ... (date=04/17 13:44:40, mem=2485.8M)
% End Save ccopt configuration ... (date=04/17 13:44:40, total cpu=0:00:00.0, real=0:00:00.0, peak res=2486.1M, current mem=2486.1M)
% Begin Save netlist data ... (date=04/17 13:44:40, mem=2486.1M)
Writing Binary DB to top.enc.dat.tmp/top.v.bin in single-threaded mode...
% End Save netlist data ... (date=04/17 13:44:41, total cpu=0:00:00.1, real=0:00:00.0, peak res=2486.1M, current mem=2479.9M)
Saving symbol-table file ...
Saving congestion map file top.enc.dat.tmp/top.route.congmap.gz ...
% Begin Save AAE data ... (date=04/17 13:44:41, mem=2480.1M)
Saving AAE Data ...
% End Save AAE data ... (date=04/17 13:44:41, total cpu=0:00:00.2, real=0:00:00.0, peak res=2582.7M, current mem=2480.1M)
Saving preference file top.enc.dat.tmp/gui.pref.tcl ...
Saving mode setting ...
**WARN: (IMPMF-5054):	fill_setting_save command is obsolete and should not be used any more. It still works in this release but will be removed in future release. Recommend to use Pegasus metal fill flow which is the replacement.
Saving global file ...
% Begin Save floorplan data ... (date=04/17 13:44:42, mem=2480.9M)
Saving floorplan file ...
% End Save floorplan data ... (date=04/17 13:44:42, total cpu=0:00:00.1, real=0:00:00.0, peak res=2481.0M, current mem=2481.0M)
Saving PG file top.enc.dat.tmp/top.pg.gz, version#2, (Created by Innovus v25.10-p002_1 on Fri Apr 17 13:44:42 2026)
*** Completed savePGFile (cpu=0:00:00.0 real=0:00:01.0 mem=2481.6M) ***
*info - save blackBox cells to lef file top.enc.dat.tmp/top.bbox.lef
Saving Drc markers ...
... No Drc file written since there is no markers found.
% Begin Save placement data ... (date=04/17 13:44:43, mem=2481.1M)
** Saving stdCellPlacement_binary (version# 2) ...
Save Adaptive View Pruning View Names to Binary file
% End Save placement data ... (date=04/17 13:44:43, total cpu=0:00:00.1, real=0:00:00.0, peak res=2481.1M, current mem=2481.1M)
% Begin Save routing data ... (date=04/17 13:44:43, mem=2481.1M)
Saving route file ...
*** Completed saveRoute (cpu=0:00:00.1 real=0:00:00.0 mem=2481.8M) ***
% End Save routing data ... (date=04/17 13:44:43, total cpu=0:00:00.2, real=0:00:00.0, peak res=2481.1M, current mem=2481.1M)
Saving property file top.enc.dat.tmp/top.prop
*** Completed saveProperty (cpu=0:00:00.1 real=0:00:00.0 mem=2483.6M) ***
% Begin Save power constraints data ... (date=04/17 13:44:43, mem=2481.4M)
% End Save power constraints data ... (date=04/17 13:44:43, total cpu=0:00:00.1, real=0:00:00.0, peak res=2481.4M, current mem=2481.4M)
Generated self-contained design top.enc.dat.tmp
#% End save design ... (date=04/17 13:44:44, total cpu=0:00:02.2, real=0:00:04.0, peak res=2582.7M, current mem=2482.0M)

*** Summary of all messages that are not suppressed in this session:
Severity  ID               Count  Summary                                  
WARNING   IMPMF-5054           1  fill_setting_save command is obsolete an...
*** Message Summary: 1 warning(s), 0 error(s)

<CMD> addFiller -cell FILL -prefix FILLER -markFixed
**WARN: (IMPSP-9057):	Fillers being added in a FIXED mode to the whole design. Some subsequent 
operations, such as antenna fixing, may fail due to fillers being marked 
as 'FIXED'. If this was not intended, use deleteFiller command to undo.
**Info: (IMPSP-2055): Transparent Filler Flow is OFF !

*INFO: Adding fillers to top-module.
*INFO:   Added 26287 filler insts (cell FILL / prefix FILLER).
*INFO: Total 26287 filler insts added - prefix FILLER (CPU: 0:00:01.1).
For 26287 new insts, 
<CMD> routeDesign -globalDetail
#% Begin routeDesign (date=04/17 13:44:45, mem=2475.9M)
#routeDesign: cpu time = 00:00:00, elapsed time = 00:00:00, memory = 2475.91 (MB), peak = 2582.68 (MB)
AAE_INFO: Pre Route call back at the beginning of routeDesign
#**INFO: setDesignMode -flowEffort standard
#**INFO: setDesignMode -powerEffort none
#WARNING (NRIG-96) Selected single pass global detail route "-globalDetail". Clock eco and post optimizations will not be run. See "man NRIG-96" for more details.
**INFO: User settings:
setNanoRouteMode -route_route_side                      front
setNanoRouteMode -route_extract_third_party_compatible  false
setExtractRCMode -engine                                preRoute
setDelayCalMode -engine                                 aae
setDelayCalMode -ignoreNetLoad                          false

#No active setup or hold rc corner
#No active RC corner or QRC tech file is missing.
#**INFO: multi-cut via swapping will not be performed after routing.
#**INFO: All auto set options tuned by routeDesign will be restored to their original settings on command completion.
Begin checking placement ... (start mem=2476.1M, init mem=2476.6M)
*info: Placed = 49245          (Fixed = 26287)
*info: Unplaced = 0           
Placement Density:100.00%(7551720/7551720)
Placement Density (including fixed std cells):100.00%(9444384/9444384)
Finished checkPlace (total: cpu=0:00:00.9, real=0:00:01.0; vio checks: cpu=0:00:00.8, real=0:00:00.0; mem=2481.2M)

changeUseClockNetStatus Option :  -ignoreSkipRoutingNets -noFixedNetWires 
*** Changed status on (0) nets in Clock.
*** End changeUseClockNetStatus (cpu=0:00:00.0, real=0:00:00.0, mem=2481.3M) ***
% Begin globalDetailRoute (date=04/17 13:44:46, mem=2480.1M)

globalDetailRoute

#Start globalDetailRoute on Fri Apr 17 13:44:46 2026
#
Updating RC Grid density data for preRoute extraction ...
#WARNING (NRIF-95) Option setNanoRouteMode -routeTopRoutingLayer has invalid value "0". Reset to max routing layer "3".
#NanoRoute Version 25.10-p002_1 NR250317-0405/25_10-UB
#WARNING (NRIF-95) Option setNanoRouteMode -routeTopRoutingLayer has invalid value "0". Reset to max routing layer "3".
#WARNING (NRIF-95) Option setNanoRouteMode -routeTopRoutingLayer has invalid value "0". Reset to max routing layer "3".
#WARNING (NRIF-95) Option setNanoRouteMode -routeTopRoutingLayer has invalid value "0". Reset to max routing layer "3".
#WARNING (NRIF-95) Option setNanoRouteMode -routeTopRoutingLayer has invalid value "0". Reset to max routing layer "3".
#Total number of trivial nets (e.g. < 2 pins) = 57 (skipped).
#Total number of routable nets = 23093.
#Total number of nets in the design = 23150.
#23093 routable nets do not have any wires.
#23093 nets will be global routed.
#WARNING (NRIF-95) Option setNanoRouteMode -routeTopRoutingLayer has invalid value "0". Reset to max routing layer "3".
#Start routing data preparation on Fri Apr 17 13:44:47 2026
#
#WARNING (NRIF-95) Option setNanoRouteMode -routeTopRoutingLayer has invalid value "0". Reset to max routing layer "3".
#WARNING (NRIF-95) Option setNanoRouteMode -routeTopRoutingLayer has invalid value "0". Reset to max routing layer "3".
#Rebuild pin access data for design.
#Initial pin access analysis.
#Detail pin access analysis.
# metal1       H   Track-Pitch = 3.0000    Line-2-Via Pitch = 1.9500
# metal2       V   Track-Pitch = 2.4000    Line-2-Via Pitch = 1.9500
# metal3       H   Track-Pitch = 3.0000    Line-2-Via Pitch = 2.5500
#Bottom routing layer index=1(metal1), bottom routing layer for shielding=1(metal1), bottom shield layer=1(metal1)
#shield_bottom_stripe_layer=1(metal1), shield_top_stripe_layer=3(metal3)
#pin_access_rlayer=2(metal2)
#shield_top_dpt_rlayer=-1 top_rlayer=3 top_trim_metal_rlayer=-1 rlayer_lowest=1 bottom_rlayer=1
#enable_trim_layer_shield=F enable_dpt_layer_shield=F has_line_end_grid=F
#enable_dpt_layer_shield=F
#has_line_end_grid=F
#cpu time = 00:00:00, elapsed time = 00:00:00, memory = 2513.64 (MB), peak = 2582.68 (MB)
#Regenerating Ggrids automatically.
#Auto generating G-grids with size=20 tracks, using layer metal2's pitch = 2.4000.
#Using automatically generated G-grids.
#Done routing data preparation.
#cpu time = 00:00:00, elapsed time = 00:00:00, memory = 2522.56 (MB), peak = 2582.68 (MB)
#WARNING (NRIF-95) Option setNanoRouteMode -routeTopRoutingLayer has invalid value "0". Reset to max routing layer "3".
#
#Finished routing data preparation on Fri Apr 17 13:44:47 2026
#
#Cpu time = 00:00:00
#Elapsed time = 00:00:00
#Increased memory = 19.14 (MB)
#Total memory = 2522.56 (MB)
#Peak memory = 2582.68 (MB)
#
#
#Start global routing on Fri Apr 17 13:44:47 2026
#
#
#Start global routing initialization on Fri Apr 17 13:44:47 2026
#
#Number of eco nets is 0
#
#Start global routing data preparation on Fri Apr 17 13:44:47 2026
#
#Start routing resource analysis on Fri Apr 17 13:44:47 2026
#
#Routing resource analysis is done on Fri Apr 17 13:44:48 2026
#
#  Resource Analysis:
#
#               Routing  #Avail      #Track     #Total     %Gcell
#  Layer      Direction   Track     Blocked      Gcell    Blocked
#  --------------------------------------------------------------
#  metal1         H           2        1032        4225    96.07%
#  metal2         V        1124         180        4225     0.00%
#  metal3         H        1025           9        4225     0.00%
#  --------------------------------------------------------------
#  Total                   2151      38.15%       12675    32.02%
#
#
#
#
#Global routing data preparation is done on Fri Apr 17 13:44:48 2026
#
#cpu time = 00:00:00, elapsed time = 00:00:00, memory = 2523.04 (MB), peak = 2582.68 (MB)
#
#
#Global routing initialization is done on Fri Apr 17 13:44:48 2026
#
#cpu time = 00:00:00, elapsed time = 00:00:00, memory = 2523.91 (MB), peak = 2582.68 (MB)
#
#start global routing iteration 1...
#cpu time = 00:00:00, elapsed time = 00:00:00, memory = 2533.49 (MB), peak = 2582.68 (MB)
#
#start global routing iteration 2...
#cpu time = 00:00:14, elapsed time = 00:00:14, memory = 2575.12 (MB), peak = 2602.09 (MB)
#
#start global routing iteration 3...
#cpu time = 00:00:13, elapsed time = 00:00:15, memory = 2585.47 (MB), peak = 2605.45 (MB)
#
#start global routing iteration 4...
#cpu time = 00:00:12, elapsed time = 00:00:12, memory = 2600.89 (MB), peak = 2605.45 (MB)
#
#start global routing iteration 5...
#cpu time = 00:00:11, elapsed time = 00:00:11, memory = 2598.42 (MB), peak = 2605.45 (MB)
#
#
#Total number of trivial nets (e.g. < 2 pins) = 57 (skipped).
#Total number of routable nets = 23093.
#Total number of nets in the design = 23150.
#
#23093 routable nets have routed wires.
#
#Routed nets constraints summary:
#-----------------------------
#        Rules   Unconstrained  
#-----------------------------
#      Default           23093  
#-----------------------------
#        Total           23093  
#-----------------------------
#
#Routing constraints summary of the whole design:
#-----------------------------
#        Rules   Unconstrained  
#-----------------------------
#      Default           23093  
#-----------------------------
#        Total           23093  
#-----------------------------
#
#WARNING (NRIF-95) Option setNanoRouteMode -routeTopRoutingLayer has invalid value "0". Reset to max routing layer "3".
#
#  Congestion Analysis: (blocked Gcells are excluded)
#
#                 OverCon       OverCon       OverCon       OverCon          
#                  #Gcell        #Gcell        #Gcell        #Gcell    %Gcell
#     Layer        (1-11)       (12-22)       (23-33)       (34-45)   OverCon  Flow/Cap
#  ----------------------------------------------------------------------------------------
#  metal1       93(17.9%)     47(9.04%)      0(0.00%)      0(0.00%)   (26.9%)     1.16  
#  metal2     1295(30.7%)   1658(39.2%)   1038(24.6%)     47(1.11%)   (95.6%)     1.78  
#  metal3     1484(35.1%)   2021(47.8%)    344(8.14%)      0(0.00%)   (91.1%)     1.75  
#  ----------------------------------------------------------------------------------------
#     Total   2872(32.0%)   3726(41.5%)   1382(15.4%)     47(0.52%)   (89.5%)
#
#  The worst congested Gcell overcon (routing demand over resource in number of tracks) = 45
#  Overflow after GR: 44.47% H + 45.02% V
#
#Hotspot report including placement blocked areas
[hotspot] +----------------+-------------------+-------------------+-------------------------------------+
[hotspot] |      layer     |    max hotspot    |   total hotspot   |            hotspot bbox             |
[hotspot] +----------------+-------------------+-------------------+-------------------------------------+
[hotspot] |   metal1(H)    |             24.00 |             78.00 |  3119.85   119.85  3129.75  2999.85 |
[hotspot] |   metal2(V)    |            698.00 |            698.00 |    -0.15    -0.15  3129.75  3102.15 |
[hotspot] |   metal3(H)    |            629.00 |            629.00 |    -0.15    -0.15  3119.85  3102.15 |
[hotspot] +----------------+-------------------+-------------------+-------------------------------------+
[hotspot] |      worst     | (metal2)   698.00 | (metal2)   698.00 |                                     |
[hotspot] +----------------+-------------------+-------------------+-------------------------------------+
[hotspot] |   all layers   |            701.00 |            701.00 |                                     |
[hotspot] +----------------+-------------------+-------------------+-------------------------------------+
Local HotSpot Analysis (blockage included) (3d): normalized congestion max/total hotspot area = 701.00/701.00 (area is in unit of 4 std-cell row bins)
[hotspot] top 1 congestion hotspot bounding boxes and scores of all layers hotspot
[hotspot] +-----+-------------------------------------+---------------+-------------------------------+
[hotspot] | top |            hotspot bbox             | hotspot score |           module              |
[hotspot] +-----+-------------------------------------+---------------+-------------------------------+
[hotspot] |  1  |    -0.15    -0.15  3129.75  3102.15 |      701.00   |             NA                |
[hotspot] +-----+-------------------------------------+---------------+-------------------------------+
#Complete Global Routing.
#
#  Routing Statistics
#
#---------------+-----------+-------+
#  Layer        | Length(um)|   Vias|
#---------------+-----------+-------+
#  poly ( 0H)   |          0|      0|
#  metal1 ( 1H) |      57552|  75132|
#  metal2 ( 2V) |    4279616|  45958|
#  metal3 ( 3H) |    4166861|      0|
#---------------+-----------+-------+
#  Total        |    8504029| 121090|
#---------------+-----------+-------+
#
# Total half perimeter of net bounding box: 6331667 um.
#WARNING (NRIF-95) Option setNanoRouteMode -routeTopRoutingLayer has invalid value "0". Reset to max routing layer "3".
#Max overcon = 45 tracks.
#Total overcon = 89.49%.
#Worst layer Gcell overcon rate = 91.10%.
#
#Global routing statistics:
#Cpu time = 00:00:51
#Elapsed time = 00:00:53
#Increased memory = 76.66 (MB)
#Total memory = 2599.23 (MB)
#Peak memory = 2605.45 (MB)
#
#Finished global routing on Fri Apr 17 13:45:40 2026
#
#
#WARNING (NRIF-95) Option setNanoRouteMode -routeTopRoutingLayer has invalid value "0". Reset to max routing layer "3".
#WARNING (NRIF-95) Option setNanoRouteMode -routeTopRoutingLayer has invalid value "0". Reset to max routing layer "3".
#cpu time = 00:00:00, elapsed time = 00:00:00, memory = 2598.88 (MB), peak = 2605.45 (MB)
#WARNING (NRIF-95) Option setNanoRouteMode -routeTopRoutingLayer has invalid value "0". Reset to max routing layer "3".
#Start Track Assignment.
#Done with 29592 horizontal wires in 3 hboxes and 34978 vertical wires in 3 hboxes.
#Done with 9993 horizontal wires in 3 hboxes and 10890 vertical wires in 3 hboxes.
#Done with 3 horizontal wires in 3 hboxes and 3 vertical wires in 3 hboxes.
#
#Track assignment summary:
# layer   (wire length)   (overlap)     (long ovlp)	(with obs/pg/clk)  
#------------------------------------------------------------------------
# metal1     82108.80 	113.50%  	 79.09% 	 26.57%
# metal2   4310777.45 	 22.48%  	  2.66% 	  0.95%
# metal3   4177202.00 	 30.15%  	  6.00% 	  0.00%
#------------------------------------------------------------------------
# All     8570088.26  	 27.09% 	  5.02% 	  0.00%
#Complete Track Assignment.
#
#  Routing Statistics
#
#---------------+-----------+-------+
#  Layer        | Length(um)|   Vias|
#---------------+-----------+-------+
#  poly ( 0H)   |          0|      0|
#  metal1 ( 1H) |      57097|  75132|
#  metal2 ( 2V) |    4306102|  45958|
#  metal3 ( 3H) |    4134634|      0|
#---------------+-----------+-------+
#  Total        |    8497833| 121090|
#---------------+-----------+-------+
#
# Total half perimeter of net bounding box: 6331667 um.
#cpu time = 00:00:16, elapsed time = 00:00:16, memory = 2598.89 (MB), peak = 2605.45 (MB)
#
#Routing data preparation, pin analysis, global routing and track assignment statistics:
#Cpu time = 00:01:07
#Elapsed time = 00:01:09
#Increased memory = 95.48 (MB)
#Total memory = 2598.89 (MB)
#Peak memory = 2605.45 (MB)
#WARNING (NRIF-95) Option setNanoRouteMode -routeTopRoutingLayer has invalid value "0". Reset to max routing layer "3".
#WARNING (NRIF-95) Option setNanoRouteMode -routeTopRoutingLayer has invalid value "0". Reset to max routing layer "3".
#WARNING (NRIF-95) Option setNanoRouteMode -routeTopRoutingLayer has invalid value "0". Reset to max routing layer "3".
#WARNING (NRIF-95) Option setNanoRouteMode -routeTopRoutingLayer has invalid value "0". Reset to max routing layer "3".
#Start reading timing information from file .timing_file_2199429_50f5edff-bd60-4b60-ae3e-d22e9a5d79dd.tif.gz ...
#WARNING (NRCM-25) File .timing_file_2199429_50f5edff-bd60-4b60-ae3e-d22e9a5d79dd.tif.gz does not exist.
#WARNING (NRDB-187) Cannot open file .timing_file_2199429_50f5edff-bd60-4b60-ae3e-d22e9a5d79dd.tif.gz.
#WARNING (NRDB-121) No slack were found on nets, SI driven not effective.
#
#Start Detail Routing..
#start initial detail routing ...
#   number of violations = 506671
#
#  By Layer and Type:
#
#---------+-------+-------+-----+-------+-------+-------+
#  -      | MetSpc|  Short| Loop| CShort| CutInr| Totals|
#---------+-------+-------+-----+-------+-------+-------+
#  metal1 |     26|  26639|    0|     59|    349|  27073|
#  metal2 |      6| 456207|    1|     42|      0| 456256|
#  metal3 |   3614|  19728|    0|      0|      0|  23342|
#  Totals |   3646| 502574|    1|    101|    349| 506671|
#---------+-------+-------+-----+-------+-------+-------+
#
#cpu time = 01:05:46, elapsed time = 01:05:48, memory = 3074.60 (MB), peak = 3338.11 (MB)
#WARNING (NRDR-30) Detail routing is stopped due to too many DRC violations.
#Complete Detail Routing.
#
#  Routing Statistics
#
#---------------+-----------+-------+
#  Layer        | Length(um)|   Vias|
#---------------+-----------+-------+
#  poly ( 0H)   |          0|      0|
#  metal1 ( 1H) |     640827| 114452|
#  metal2 ( 2V) |    5350314|  46471|
#  metal3 ( 3H) |    3148691|      0|
#---------------+-----------+-------+
#  Total        |    9139831| 160923|
#---------------+-----------+-------+
#
# Total half perimeter of net bounding box: 6331667 um.
#Total number of DRC violations = 506671
#Cpu time = 01:05:48
#Elapsed time = 01:05:52
#Increased memory = 471.61 (MB)
#Total memory = 3070.51 (MB)
#Peak memory = 3338.11 (MB)
#WARNING (NRIF-95) Option setNanoRouteMode -routeTopRoutingLayer has invalid value "0". Reset to max routing layer "3".
#WARNING (NRIF-95) Option setNanoRouteMode -routeTopRoutingLayer has invalid value "0". Reset to max routing layer "3".
#
#Start Post Route wire spreading..
#WARNING (EMS-27) Message (NRIF-95) has exceeded the current message display limit of 20.
#To increase the message display limit, refer to the product command reference manual.
#
#Start DRC checking..
#   number of violations = 505556
#
#  By Layer and Type:
#
#---------+-------+-------+-----+-------+-------+-------+
#  -      | MetSpc|  Short| Loop| CShort| CutInr| Totals|
#---------+-------+-------+-----+-------+-------+-------+
#  metal1 |     28|  26647|    0|     59|    349|  27083|
#  metal2 |      6| 454984|    1|     42|      0| 455033|
#  metal3 |   3623|  19817|    0|      0|      0|  23440|
#  Totals |   3657| 501448|    1|    101|    349| 505556|
#---------+-------+-------+-----+-------+-------+-------+
#
#cpu time = 00:10:51, elapsed time = 00:10:51, memory = 3039.69 (MB), peak = 3339.16 (MB)
#CELL_VIEW top,init has 505556 DRC violations
#Total number of DRC violations = 505556
#
#Start data preparation for wire spreading...
#
#Data preparation is done on Fri Apr 17 15:02:41 2026
#
#
#Start Post Route Wire Spread.
#Done with 345 horizontal wires in 5 hboxes and 298 vertical wires in 5 hboxes.
#Complete Post Route Wire Spread.
#
#
#  Routing Statistics
#
#---------------+-----------+-------+
#  Layer        | Length(um)|   Vias|
#---------------+-----------+-------+
#  poly ( 0H)   |          0|      0|
#  metal1 ( 1H) |     640827| 114452|
#  metal2 ( 2V) |    5350818|  46471|
#  metal3 ( 3H) |    3149786|      0|
#---------------+-----------+-------+
#  Total        |    9141430| 160923|
#---------------+-----------+-------+
#
# Total half perimeter of net bounding box: 6331667 um.
#
#Start DRC checking..
#   number of violations = 505610
#
#  By Layer and Type:
#
#---------+-------+-------+-----+-------+-------+-------+
#  -      | MetSpc|  Short| Loop| CShort| CutInr| Totals|
#---------+-------+-------+-----+-------+-------+-------+
#  metal1 |     28|  26647|    0|     59|    349|  27083|
#  metal2 |      6| 455051|    1|     42|      0| 455100|
#  metal3 |   3623|  19804|    0|      0|      0|  23427|
#  Totals |   3657| 501502|    1|    101|    349| 505610|
#---------+-------+-------+-----+-------+-------+-------+
#
#cpu time = 00:11:39, elapsed time = 00:11:39, memory = 3033.36 (MB), peak = 3364.55 (MB)
#CELL_VIEW top,init has 505610 DRC violations
#Total number of DRC violations = 505610
#   number of violations = 505610
#
#  By Layer and Type:
#
#---------+-------+-------+-----+-------+-------+-------+
#  -      | MetSpc|  Short| Loop| CShort| CutInr| Totals|
#---------+-------+-------+-----+-------+-------+-------+
#  metal1 |     28|  26647|    0|     59|    349|  27083|
#  metal2 |      6| 455051|    1|     42|      0| 455100|
#  metal3 |   3623|  19804|    0|      0|      0|  23427|
#  Totals |   3657| 501502|    1|    101|    349| 505610|
#---------+-------+-------+-----+-------+-------+-------+
#
#cpu time = 00:11:52, elapsed time = 00:11:53, memory = 3032.65 (MB), peak = 3364.55 (MB)
#CELL_VIEW top,init has 505610 DRC violations
#Total number of DRC violations = 505610
#Post Route wire spread is done.
#
#  Routing Statistics
#
#---------------+-----------+-------+
#  Layer        | Length(um)|   Vias|
#---------------+-----------+-------+
#  poly ( 0H)   |          0|      0|
#  metal1 ( 1H) |     640827| 114452|
#  metal2 ( 2V) |    5350818|  46471|
#  metal3 ( 3H) |    3149786|      0|
#---------------+-----------+-------+
#  Total        |    9141430| 160923|
#---------------+-----------+-------+
#
# Total half perimeter of net bounding box: 6331667 um.
#detailRoute Statistics:
#Cpu time = 01:28:34
#Elapsed time = 01:28:39
#Increased memory = 433.75 (MB)
#Total memory = 3032.65 (MB)
#Peak memory = 3364.55 (MB)
#
#globalDetailRoute statistics:
#Cpu time = 01:29:51
#Elapsed time = 01:30:03
#Increased memory = 889.34 (MB)
#Total memory = 3369.46 (MB)
#Peak memory = 3552.32 (MB)
#Number of warnings = 25
#Total number of warnings = 30
#Number of fails = 0
#Total number of fails = 0
#Complete globalDetailRoute on Fri Apr 17 15:14:49 2026
#
% End globalDetailRoute (date=04/17 15:14:49, total cpu=1:29:51, real=1:30:03, peak res=3552.3M, current mem=3366.2M)
AAE_INFO: Post Route call back at the end of routeDesign
#routeDesign: cpu time = 01:29:52, elapsed time = 01:30:04, memory = 3366.25 (MB), peak = 3552.32 (MB)
#
#  Scalability Statistics
#
#----------------------------+---------+-------------+------------+
#  routeDesign               | cpu time| elapsed time| scalability|
#----------------------------+---------+-------------+------------+
#  Pre Callback              | 00:00:00|     00:00:00|         1.0|
#  Post Callback             | 00:00:00|     00:00:00|         1.0|
#  Timing Data Generation    | 00:00:00|     00:00:00|         1.0|
#  DB Import                 | 00:00:01|     00:00:01|         1.0|
#  DB Export                 | 00:00:09|     00:00:09|         1.0|
#  Cell Pin Access           | 00:00:00|     00:00:00|         1.0|
#  Data Preparation          | 00:00:01|     00:00:01|         1.0|
#  Global Routing            | 00:00:51|     00:00:53|         1.0|
#  Track Assignment          | 00:00:16|     00:00:16|         1.0|
#  Detail Routing            | 01:05:48|     01:05:52|         1.0|
#  Post Route Wire Spreading | 00:22:45|     00:22:46|         1.0|
#  Entire Command            | 01:29:52|     01:30:04|         1.0|
#----------------------------+---------+-------------+------------+
#

*** Summary of all messages that are not suppressed in this session:
Severity  ID               Count  Summary                                  
WARNING   NRDB-121             1  No slack were found on nets, SI driven n...
WARNING   NRDB-187             1  Cannot open file %s.                     
WARNING   NRCM-25              1  File %s does not exist.                  
WARNING   NRDR-30              1  Detail routing is stopped due to too man...
WARNING   NRIF-95             28  Option setNanoRouteMode -routeTopRouting...
*** Message Summary: 32 warning(s), 0 error(s)

#% End routeDesign (date=04/17 15:14:49, total cpu=1:29:52, real=1:30:05, peak res=3552.3M, current mem=3366.3M)
 *** Starting Verify Geometry (MEM: 3366.3) ***

**WARN: (IMPVFG-257):	setVerifyGeometryMode/verifyGeometry command is obsolete and should not be used any more. It still works in this release but will be removed in future release. You should change to use set_verify_drc_mode/verify_drc which is the replacement tool for verifyGeometry.
  VERIFY GEOMETRY ...... Starting Verification
  VERIFY GEOMETRY ...... Initializing
  VERIFY GEOMETRY ...... Deleting Existing Violations
  VERIFY GEOMETRY ...... Creating Sub-Areas
                  ...... bin size: 9600

**WARN: (IMPVFG-103):	VERIFY GEOMETRY issue this message when number of violations exceeds the Error Limit or with insufficient memory and disk space. Change the limit to higher number or make sure the disk space before running VERIFY GEOMETRY.Number of violations exceeds the Error Limit [1000]
VG: elapsed time: 1.00
Begin Summary ...
  Cells       : 0
  SameNet     : 0
  Wiring      : 0
  Antenna     : 0
  Short       : 1000
  Overlap     : 0
End Summary

  Verification Complete : 1000 Viols.  0 Wrngs.

**********End: VERIFY GEOMETRY**********
 *** verify geometry (CPU: 0:00:01.4  MEM: 57.7M)

<CMD> verifyConnectivity -type all -noAntenna
VERIFY_CONNECTIVITY use new engine.

******** Start: VERIFY CONNECTIVITY ********
Start Time: Fri Apr 17 15:14:52 2026

Design Name: top
Database Units: 1000
Design Boundary: (0.0000, 0.0000) (3129.6000, 3102.0000)
Error Limit = 1000; Warning Limit = 50
Check all nets
Net player_display: Found a geometry with bounding box (696.60,-0.15) (697.80,1.05) outside the design boundary.
Violations for such geometries will be reported.
**** 15:14:52 **** Processed 5000 nets.
**** 15:14:52 **** Processed 10000 nets.
**** 15:14:52 **** Processed 15000 nets.
**** 15:14:53 **** Processed 20000 nets.

Begin Summary 
  Found no problems or warnings.
End Summary

End Time: Fri Apr 17 15:14:53 2026
Time Elapsed: 0:00:01.0

******** End: VERIFY CONNECTIVITY ********
  Verification Complete : 0 Viols.  0 Wrngs.
  (CPU Time: 0:00:01.3  MEM: 0.645M)

<CMD> setStreamOutMode -snapToMGrid true -supportPathType4 false
<CMD> streamOut final.gds -mapFile /clear/apps/osu/soc/cadence/flow/ami05/gds2_encounter.map -libName DesignLib -units 100 -merge /clear/apps/osu/soc/cadence/lib/source/gds2/osu05_stdcells.gds2 -mode ALL
Parse flat map file '/clear/apps/osu/soc/cadence/flow/ami05/gds2_encounter.map'
Merge file: /clear/apps/osu/soc/cadence/lib/source/gds2/osu05_stdcells.gds2 has version number: 3
Writing GDSII file ...
	****** db unit per micron = 1000 ******
	****** output gds2 file unit per micron = 100 ******
	****** unit scaling factor = 0.1 ******
**WARN: (IMPOGDS-250):	Specified unit is smaller than the one in db. You may have rounding problems
Output for instance
Output for bump
Convert 0 swires and 0 svias from compressed groups
Convert 0 swires and 0 svias from compressed groups
Scanning GDS file /clear/apps/osu/soc/cadence/lib/source/gds2/osu05_stdcells.gds2 to register cell name ......
Output for physical terminals
Output for logical terminals
Output for regular nets
Output for special nets and metal fills
Output for via structure generation total number 4
Statistics for GDS generated (version 3)
----------------------------------------
Stream Out Layer Mapping Information:
GDS Layer Number          GDS Layer Name
----------------------------------------
    61                              via2
    50                               via
    62                            metal3
    49                            metal1
    51                            metal2


Stream Out Information Processed for GDS version 3:
Units: 100 DBU

Object                             Count
----------------------------------------
Instances                          49245

Ports/Pins                          1030
    metal layer metal2               462
    metal layer metal3               568

Nets                              403877
    metal layer metal1            101226
    metal layer metal2            257458
    metal layer metal3             45193

    Via Instances                 160923

Special Nets                         317
    metal layer metal1               313
    metal layer metal2                 4

    Via Instances                    214

Metal Fills                            0

    Via Instances                      0

Metal FillOPCs                         0

    Via Instances                      0

Metal FillDRCs                         0

    Via Instances                      0

Text                                1032
    metal layer metal2               464
    metal layer metal3               568


Blockages                              0


Custom Text                            0


Custom Box                             0

Trim Metal                             0

Merging GDS file /clear/apps/osu/soc/cadence/lib/source/gds2/osu05_stdcells.gds2 ......
	****** Merge file: /clear/apps/osu/soc/cadence/lib/source/gds2/osu05_stdcells.gds2 has version number: 3.
	****** Merge file: /clear/apps/osu/soc/cadence/lib/source/gds2/osu05_stdcells.gds2 has units: 1000 per micron.
	****** unit scaling factor = 0.1 ******
**WARN: (IMPOGDS-215):	Merge file : /clear/apps/osu/soc/cadence/lib/source/gds2/osu05_stdcells.gds2 has larger units than output file units. You may have rounding problem.
**WARN: (IMPOGDS-280):	Maximum units in merge file is 1000. Use -units 1000 to avoid rounding issue.
######Streamout is finished!
<CMD> saveNetlist final.v
Writing Netlist "final.v" ...
<CMD> saveDesign top.enc
#% Begin save design ... (date=04/17 15:14:54, mem=3352.2M)
INFO: Current data have to be saved into a temporary db: 'top.enc.dat.tmp' first. It will be renamed to the correct name 'top.enc.dat' after the old db was deleted.
% Begin Save ccopt configuration ... (date=04/17 15:14:54, mem=3352.2M)
% End Save ccopt configuration ... (date=04/17 15:14:54, total cpu=0:00:00.0, real=0:00:00.0, peak res=3352.6M, current mem=3352.6M)
% Begin Save netlist data ... (date=04/17 15:14:54, mem=3352.6M)
Writing Binary DB to top.enc.dat.tmp/top.v.bin in single-threaded mode...
% End Save netlist data ... (date=04/17 15:14:54, total cpu=0:00:00.1, real=0:00:01.0, peak res=3352.6M, current mem=3352.6M)
Saving symbol-table file ...
Saving congestion map file top.enc.dat.tmp/top.route.congmap.gz ...
% Begin Save AAE data ... (date=04/17 15:14:55, mem=3353.1M)
Saving AAE Data ...
% End Save AAE data ... (date=04/17 15:14:55, total cpu=0:00:00.1, real=0:00:00.0, peak res=3353.1M, current mem=3352.4M)
Saving preference file top.enc.dat.tmp/gui.pref.tcl ...
Saving mode setting ...
**WARN: (IMPMF-5054):	fill_setting_save command is obsolete and should not be used any more. It still works in this release but will be removed in future release. Recommend to use Pegasus metal fill flow which is the replacement.
Saving global file ...
% Begin Save floorplan data ... (date=04/17 15:14:56, mem=3350.7M)
Saving floorplan file ...
% End Save floorplan data ... (date=04/17 15:14:56, total cpu=0:00:00.2, real=0:00:00.0, peak res=3350.7M, current mem=3350.7M)
Saving PG file top.enc.dat.tmp/top.pg.gz, version#2, (Created by Innovus v25.10-p002_1 on Fri Apr 17 15:14:56 2026)
*** Completed savePGFile (cpu=0:00:00.1 real=0:00:00.0 mem=3351.8M) ***
*info - save blackBox cells to lef file top.enc.dat.tmp/top.bbox.lef
Saving Drc markers ...
... 506609 markers are saved ...
... 506609 geometry drc markers are saved ...
... 0 antenna drc markers are saved ...
% Begin Save placement data ... (date=04/17 15:15:02, mem=3350.8M)
** Saving stdCellPlacement_binary (version# 2) ...
Save Adaptive View Pruning View Names to Binary file
% End Save placement data ... (date=04/17 15:15:02, total cpu=0:00:00.1, real=0:00:00.0, peak res=3350.8M, current mem=3350.8M)
% Begin Save routing data ... (date=04/17 15:15:02, mem=3350.8M)
Saving route file ...
*** Completed saveRoute (cpu=0:00:00.6 real=0:00:01.0 mem=3352.2M) ***
% End Save routing data ... (date=04/17 15:15:03, total cpu=0:00:00.7, real=0:00:01.0, peak res=3351.2M, current mem=3351.2M)
Saving property file top.enc.dat.tmp/top.prop
*** Completed saveProperty (cpu=0:00:00.1 real=0:00:00.0 mem=3353.8M) ***
#Saving pin access data to file top.enc.dat.tmp/top.apa ...
#
% Begin Save power constraints data ... (date=04/17 15:15:03, mem=3351.6M)
% End Save power constraints data ... (date=04/17 15:15:03, total cpu=0:00:00.1, real=0:00:00.0, peak res=3351.6M, current mem=3351.6M)
Generated self-contained design top.enc.dat.tmp
#% End save design ... (date=04/17 15:15:04, total cpu=0:00:07.9, real=0:00:10.0, peak res=3353.1M, current mem=3351.9M)

*** Summary of all messages that are not suppressed in this session:
Severity  ID               Count  Summary                                  
WARNING   IMPMF-5054           1  fill_setting_save command is obsolete an...
*** Message Summary: 1 warning(s), 0 error(s)

<CMD> win

--------------------------------------------------------------------------------
Exiting Innovus on Fri Apr 17 15:39:39 2026
  Total CPU time:     1:36:41
  Total real time:    1:59:46
  Peak memory (main): 3492.15MB


*** Memory Usage v#1 (Current mem = 3492.148M, initial mem = 948.016M) ***
*** Message Summary: 66 warning(s), 0 error(s)

--- Ending "Innovus" (totcpu=1:36:20, real=1:59:44, mem=3492.1M) ---
