
                           Design Compiler Graphical 
                                 DC Ultra (TM)
                                  DFTMAX (TM)
                              Power Compiler (TM)
                                 DesignWare (R)
                                 DC Expert (TM)
                               Design Vision (TM)
                               HDL Compiler (TM)
                               VHDL Compiler (TM)
                                  DFT Compiler
                               Design Compiler(R)

               Version U-2022.12-SP7 for linux64 - Oct 10, 2023 

                    Copyright (c) 1988 - 2023 Synopsys, Inc.
   This software and the associated documentation are proprietary to Synopsys,
 Inc. This software may only be used in accordance with the terms and conditions
 of a written license agreement with Synopsys, Inc. All other use, reproduction,
   or distribution of this software is strictly prohibited.  Licensed Products
     communicate with Synopsys servers for the purpose of providing software
    updates, detecting software piracy and verifying that customers are using
    Licensed Products in conformity with the applicable License Key for such
  Licensed Products. Synopsys will use information gathered in connection with
    this process to deliver software updates and pursue software pirates and
                                   infringers.

 Inclusivity & Diversity - Visit SolvNetPlus to read the "Synopsys Statement on
            Inclusivity and Diversity" (Refer to article 000036315 at
                        https://solvnetplus.synopsys.com)
Initializing...
Current time:       Mon Mar  2 23:19:46 2026
Hostname:           cobalt.clear8.rice.edu
CPU Model:          Intel(R) Xeon(R) CPU E5-2640 v4 @ 2.40GHz
CPU Details:        Cores = 40 : Sockets = 2 : Cache Size = 25600 KB : Freq = 3.40 GHz
OS:                 Linux 4.18.0-553.89.1.el8_10.x86_64
RAM:                125 GB (Free  49 GB)
Swap:                15 GB (Free  15 GB)
Work Filesystem:    /storage-home/j/jc165 mounted to clearstor.clear.rice.edu:/clear-home/jc165
Tmp Filesystem:     /tmp mounted to /dev/mapper/vg0-tmp
Work Disk:          5038 GB (Free 924 GB)
Tmp Disk:             5 GB (Free   5 GB)

CPU Load: 1%, Ram Free: 49 GB, Swap Free: 15 GB, Work Disk Free: 924 GB, Tmp Disk Free: 5 GB
#/**************************************************/
#/* Compile Script for Synopsys                    */
#/*                                                */
#/* dc_shell-t -f compile_dc.tcl                   */
#/*                                                */
#/* OSU FreePDK 45nm                               */
#/* Modified for OSU ami05 - Rice U. 2018          */
#/*                                                */
#/**************************************************/
#/* User Input Data Section: List files, module, clock, frequency below. */
#/* Edit this part only of the file.                                     */
#/* Add all verilog files, separated by spaces after keyword "list"      */
set my_verilog_files [list invader_fsm.v]
invader_fsm.v
#/* Top-level Module Name update                            */
set my_toplevel invader_fsm
invader_fsm
#/* The name of the clock pin. If no clock-pin     */
#/* exists, pick anything                          */
#/* For two phase clock, just list clka here       */
set my_clock_pin clka
clka
#/* Target frequency in MHz for optimization       */
set my_clk_freq_MHz 50
50
#/* Delay of input signals (Clock-to-Q, Package etc.)  */
set my_input_delay_ns 1
1
#/* Reserved time for output signals (Holdtime etc.)   */
set my_output_delay_ns 1
1
#/********************************************************************/
#/********************************************************************/
#/* No modifications needed below. Do not edit or remove.            */
#/*                                                                  */
#/* Paths updated for Rice U. on CLEAR cluster 2018.                 */
#/********************************************************************/
#/********************************************************************/
#/* Start of Synopsys library cells location data.               */
set OSUcells "/clear/apps/osu/soc/synopsys/lib/ami05"
/clear/apps/osu/soc/synopsys/lib/ami05
set search_path [concat  $search_path $OSUcells]
. /clear/apps/synopsys-2023/syn/latest/libraries/syn /clear/apps/synopsys-2023/syn/latest/dw/syn_ver /clear/apps/synopsys-2023/syn/latest/dw/sim_ver /clear/apps/osu/soc/synopsys/lib/ami05
set alib_library_analysis_path $OSUcells
/clear/apps/osu/soc/synopsys/lib/ami05
set link_library [set target_library [concat  [list osu05_stdcells.db] [list dw_foundation.sldb]]]
osu05_stdcells.db dw_foundation.sldb
set target_library "osu05_stdcells.db"
osu05_stdcells.db
#/* End of Synopsys library cells location data.                  */
define_design_lib WORK -path ./WORK
1
set verilogout_show_unconnected_pins "true"
true
analyze -f verilog $my_verilog_files
Running PRESTO HDLC
Compiling source file ./invader_fsm.v
Warning:  ./invader_fsm.v:37: Parameter keyword used in local parameter declaration. (VER-329)
Presto compilation completed successfully.
Loading db file '/clear/apps/osu/soc/synopsys/lib/ami05/osu05_stdcells.db'
Loading db file '/clear/apps/synopsys-2023/syn/latest/libraries/syn/dw_foundation.sldb'
1
elaborate $my_toplevel
Loading db file '/clear/apps/synopsys-2023/syn/latest/libraries/syn/gtech.db'
Loading db file '/clear/apps/synopsys-2023/syn/latest/libraries/syn/standard.sldb'
  Loading link library 'osu05_stdcells'
  Loading link library 'gtech'
Running PRESTO HDLC

Statistics for case statements in always block at line 46 in file
	'./invader_fsm.v'
===============================================
|           Line           |  full/ parallel  |
===============================================
|            47            |    auto/auto     |
===============================================

Statistics for case statements in always block at line 83 in file
	'./invader_fsm.v'
===============================================
|           Line           |  full/ parallel  |
===============================================
|            85            |     no/auto      |
===============================================

Inferred memory devices in process
	in routine invader_fsm line 74 in file
		'./invader_fsm.v'.
===============================================================================
|    Register Name    |   Type    | Width | Bus | MB | AR | AS | SR | SS | ST |
===============================================================================
|   next_state_reg    | Flip-flop |   2   |  Y  | N  | N  | N  | N  | N  | N  |
===============================================================================

Inferred memory devices in process
	in routine invader_fsm line 83 in file
		'./invader_fsm.v'.
==============================================================================================
|           Register Name            |   Type    | Width | Bus | MB | AR | AS | SR | SS | ST |
==============================================================================================
|        invader_coord_x_reg         | Flip-flop |   6   |  Y  | N  | N  | N  | N  | N  | N  |
|        invader_coord_y_reg         | Flip-flop |   6   |  Y  | N  | N  | N  | N  | N  | N  |
| player_bullet_collision_signal_reg | Flip-flop |   1   |  N  | N  | N  | N  | N  | N  | N  |
|             state_reg              | Flip-flop |   2   |  Y  | N  | N  | N  | N  | N  | N  |
|             alive_reg              | Flip-flop |   1   |  N  | N  | N  | N  | N  | N  | N  |
==============================================================================================
Presto compilation completed successfully. (invader_fsm)
Elaborated 1 design.
Current design is now 'invader_fsm'.
1
current_design $my_toplevel
Current design is 'invader_fsm'.
{invader_fsm}
link

  Linking design 'invader_fsm'
  Using the following designs and libraries:
  --------------------------------------------------------------------------
  osu05_stdcells (library)    /clear/apps/osu/soc/synopsys/lib/ami05/osu05_stdcells.db
  dw_foundation.sldb (library) /clear/apps/synopsys-2023/syn/latest/libraries/syn/dw_foundation.sldb

1
uniquify
1
set my_period [expr 1000 / $my_clk_freq_MHz]
20
set find_clock [ find port [list $my_clock_pin] ]
{clka}
if {  $find_clock != [list] } {
   set clk_name $my_clock_pin
   create_clock -period $my_period $clk_name
} else {
   set clk_name vclk
   create_clock -period $my_period -name $clk_name
}
1
set_driving_cell  -lib_cell INVX1  [all_inputs]
Warning: Design rule attributes from the driving cell will be set on the port 'clka'. (UID-401)
Warning: Design rule attributes from the driving cell will be set on the port 'clkb'. (UID-401)
Warning: Design rule attributes from the driving cell will be set on the port 'reset'. (UID-401)
Warning: Design rule attributes from the driving cell will be set on the port 'play'. (UID-401)
Warning: Design rule attributes from the driving cell will be set on the port 'move_down'. (UID-401)
Warning: Design rule attributes from the driving cell will be set on the port 'x_offset[5]'. (UID-401)
Warning: Design rule attributes from the driving cell will be set on the port 'x_offset[4]'. (UID-401)
Warning: Design rule attributes from the driving cell will be set on the port 'x_offset[3]'. (UID-401)
Warning: Design rule attributes from the driving cell will be set on the port 'x_offset[2]'. (UID-401)
Warning: Design rule attributes from the driving cell will be set on the port 'x_offset[1]'. (UID-401)
Warning: Design rule attributes from the driving cell will be set on the port 'x_offset[0]'. (UID-401)
Warning: Design rule attributes from the driving cell will be set on the port 'player_bullet_coord_x[5]'. (UID-401)
Warning: Design rule attributes from the driving cell will be set on the port 'player_bullet_coord_x[4]'. (UID-401)
Warning: Design rule attributes from the driving cell will be set on the port 'player_bullet_coord_x[3]'. (UID-401)
Warning: Design rule attributes from the driving cell will be set on the port 'player_bullet_coord_x[2]'. (UID-401)
Warning: Design rule attributes from the driving cell will be set on the port 'player_bullet_coord_x[1]'. (UID-401)
Warning: Design rule attributes from the driving cell will be set on the port 'player_bullet_coord_x[0]'. (UID-401)
Warning: Design rule attributes from the driving cell will be set on the port 'player_bullet_coord_y[5]'. (UID-401)
Warning: Design rule attributes from the driving cell will be set on the port 'player_bullet_coord_y[4]'. (UID-401)
Warning: Design rule attributes from the driving cell will be set on the port 'player_bullet_coord_y[3]'. (UID-401)
Warning: Design rule attributes from the driving cell will be set on the port 'player_bullet_coord_y[2]'. (UID-401)
Warning: Design rule attributes from the driving cell will be set on the port 'player_bullet_coord_y[1]'. (UID-401)
Warning: Design rule attributes from the driving cell will be set on the port 'player_bullet_coord_y[0]'. (UID-401)
1
set_input_delay $my_input_delay_ns -clock $clk_name [remove_from_collection [all_inputs] $my_clock_pin]
1
set_output_delay $my_output_delay_ns -clock $clk_name [all_outputs]
1
compile -ungroup_all -map_effort medium
CPU Load: 1%, Ram Free: 49 GB, Swap Free: 15 GB, Work Disk Free: 924 GB, Tmp Disk Free: 5 GB
Information: Checking out the license 'DesignWare'. (SEC-104)
Information: Evaluating DesignWare library utilization. (UISN-27)

============================================================================
| DesignWare Building Block Library  |         Version         | Available |
============================================================================
| Basic DW Building Blocks           | U-2022.12-DWBB_202212.5 |     *     |
| Licensed DW Building Blocks        | U-2022.12-DWBB_202212.5 |     *     |
============================================================================

====================================================================================================
| Flow Information                                                                                 |
----------------------------------------------------------------------------------------------------
| Flow         | Design Compiler                                                                   |
====================================================================================================
| Design Information                                      | Value                                  |
====================================================================================================
| Number of Scenarios                                     | 0                                      |
| Leaf Cell Count                                         | 77                                     |
| Number of User Hierarchies                              | 0                                      |
| Sequential Cell Count                                   | 18                                     |
| Macro Count                                             | 0                                      |
| Number of Power Domains                                 | 0                                      |
| Number of Path Groups                                   | 2                                      |
| Number of VT Class                                      | 0                                      |
| Number of Clocks                                        | 1                                      |
| Number of Dont Touch Cells                              | 25                                     |
| Number of Dont Touch Nets                               | 0                                      |
| Number of Size Only Cells                               | 0                                      |
| Design with UPF Data                                    | false                                  |
====================================================================================================

Information: There are 2 potential problems in your design. Please run 'check_design' for more information. (LINT-99)



  Beginning Pass 1 Mapping
  ------------------------
  Processing 'invader_fsm'

  Updating timing information
Information: Updating design information... (UID-85)

  Beginning Implementation Selection
  ----------------------------------
  Processing 'DW01_add_width6_DW01_add_0'
  Processing 'DW01_sub_width6_DW01_sub_0'
  Mapping 'DW_cmp'
Information: Added key list 'DesignWare' to design 'invader_fsm'. (DDB-72)
  Processing 'DW01_dec_width7_DW01_dec_0'
  Mapping 'DW_cmp'
  Processing 'DW01_inc_width7_DW01_inc_0'
  Mapping 'DW_cmp'
  Processing 'DW01_dec_width7_DW01_dec_1'
  Mapping 'DW_cmp'
  Processing 'DW01_inc_width7_DW01_inc_1'
Information: Command 'do_operand_isolation' is obsolete and is being ignored.  Please refer to the replacement command 'set power_enable_datapath_gating true' instead. (INFO-118)

  Beginning Mapping Optimizations  (Medium effort)
  -------------------------------
Information: Command 'do_operand_isolation' is obsolete and is being ignored.  Please refer to the replacement command 'set power_enable_datapath_gating true' instead. (INFO-118)

                                  TOTAL                                      
   ELAPSED            WORST NEG   SETUP    DESIGN                            
    TIME      AREA      SLACK     COST    RULE COST         ENDPOINT         
  --------- --------- --------- --------- --------- -------------------------
    0:00:01   70938.0      0.00       0.0      28.1                          
    0:00:01   70938.0      0.00       0.0      28.1                          
    0:00:01   70938.0      0.00       0.0      28.1                          
    0:00:01   70938.0      0.00       0.0      28.1                          
    0:00:01   70938.0      0.00       0.0      28.1                          
    0:00:01   70938.0      0.00       0.0      28.1                          
    0:00:01   70938.0      0.00       0.0      28.1                          
    0:00:01   70938.0      0.00       0.0      28.1                          
    0:00:01   70938.0      0.00       0.0      28.1                          
    0:00:01   70938.0      0.00       0.0      28.1                          
    0:00:01   70938.0      0.00       0.0      28.1                          
    0:00:01   70938.0      0.00       0.0      28.1                          



  Beginning Delay Optimization Phase
  ----------------------------------

                                  TOTAL                                      
   ELAPSED            WORST NEG   SETUP    DESIGN                            
    TIME      AREA      SLACK     COST    RULE COST         ENDPOINT         
  --------- --------- --------- --------- --------- -------------------------
    0:00:01   70938.0      0.00       0.0      28.1                          
    0:00:01   70938.0      0.00       0.0      28.1                          
    0:00:01   70938.0      0.00       0.0      28.1                          


  Beginning Design Rule Fixing  (max_capacitance)
  ----------------------------

                                  TOTAL                                      
   ELAPSED            WORST NEG   SETUP    DESIGN                            
    TIME      AREA      SLACK     COST    RULE COST         ENDPOINT         
  --------- --------- --------- --------- --------- -------------------------
    0:00:01   70938.0      0.00       0.0      28.1                          
    0:00:01   71226.0      0.00       0.0       0.0                          


  Beginning Area-Recovery Phase  (cleanup)
  -----------------------------

                                  TOTAL                                      
   ELAPSED            WORST NEG   SETUP    DESIGN                            
    TIME      AREA      SLACK     COST    RULE COST         ENDPOINT         
  --------- --------- --------- --------- --------- -------------------------
    0:00:01   71226.0      0.00       0.0       0.0                          
    0:00:01   71226.0      0.00       0.0       0.0                          
    0:00:01   71082.0      0.00       0.0       0.0                          
    0:00:01   71082.0      0.00       0.0       0.0                          
    0:00:01   71082.0      0.00       0.0       0.0                          
    0:00:01   71082.0      0.00       0.0       0.0                          
    0:00:01   71082.0      0.00       0.0       0.0                          
    0:00:01   71082.0      0.00       0.0       0.0                          
    0:00:01   71082.0      0.00       0.0       0.0                          
    0:00:01   71082.0      0.00       0.0       0.0                          
    0:00:01   71082.0      0.00       0.0       0.0                          
    0:00:01   71082.0      0.00       0.0       0.0                          
Loading db file '/clear/apps/osu/soc/synopsys/lib/ami05/osu05_stdcells.db'


Note: Symbol # after min delay cost means estimated hold TNS across all active scenarios 


  Optimization Complete
  ---------------------
CPU Load: 1%, Ram Free: 49 GB, Swap Free: 15 GB, Work Disk Free: 924 GB, Tmp Disk Free: 5 GB
Information: Total number of MV cells in the design.
----------------------------------------------------------------------------------------------------
 MV Cells                                           Total Number                                   
----------------------------------------------------------------------------------------------------
 Level Shifter:                                     0                                             
 Enable Level Shifter:                              0                                             
 Isolation Cell:                                    0                                             
 Retention Cell:                                    0                                             
 Retention Clamp Cell:                              0                                             
 Switch Cell:                                       0                                             
 Always-On Cell:                                    0                                             
 Repeater Cell:                                     0                                             

----------------------------------------------------------------------------------------------------
Unmapped MV Cells 
----------------------------------------------------------------------------------------------------
0 Isolation Cells are unmapped 
0 Retention Clamp Cells are unmapped 
----------------------------------------------------------------------------------------------------
1
compile -incremental_mapping -map_effort medium
CPU Load: 1%, Ram Free: 49 GB, Swap Free: 15 GB, Work Disk Free: 924 GB, Tmp Disk Free: 5 GB
====================================================================================================
| Flow Information                                                                                 |
----------------------------------------------------------------------------------------------------
| Flow         | Design Compiler                                                                   |
====================================================================================================
| Design Information                                      | Value                                  |
====================================================================================================
| Number of Scenarios                                     | 0                                      |
| Leaf Cell Count                                         | 222                                    |
| Number of User Hierarchies                              | 0                                      |
| Sequential Cell Count                                   | 18                                     |
| Macro Count                                             | 0                                      |
| Number of Power Domains                                 | 0                                      |
| Number of Path Groups                                   | 2                                      |
| Number of VT Class                                      | 0                                      |
| Number of Clocks                                        | 1                                      |
| Number of Dont Touch Cells                              | 0                                      |
| Number of Dont Touch Nets                               | 0                                      |
| Number of Size Only Cells                               | 0                                      |
| Design with UPF Data                                    | false                                  |
====================================================================================================


  Beginning Pass 1 Mapping  (Incremental)
  ------------------------

  Updating timing information
Information: Updating design information... (UID-85)

  Beginning Mapping Optimizations  (Medium effort)  (Incremental)
  -------------------------------

  Beginning Incremental Implementation Selection
  ----------------------------------------------
Information: Command 'do_operand_isolation' is obsolete and is being ignored.  Please refer to the replacement command 'set power_enable_datapath_gating true' instead. (INFO-118)

  Beginning Delay Optimization Phase
  ----------------------------------

                                  TOTAL                                      
   ELAPSED            WORST NEG   SETUP    DESIGN                            
    TIME      AREA      SLACK     COST    RULE COST         ENDPOINT         
  --------- --------- --------- --------- --------- -------------------------
    0:00:00   71082.0      0.00       0.0       0.0                          
    0:00:00   71082.0      0.00       0.0       0.0                          
    0:00:00   71082.0      0.00       0.0       0.0                          
Loading db file '/clear/apps/osu/soc/synopsys/lib/ami05/osu05_stdcells.db'


Note: Symbol # after min delay cost means estimated hold TNS across all active scenarios 


  Optimization Complete
  ---------------------
CPU Load: 1%, Ram Free: 49 GB, Swap Free: 15 GB, Work Disk Free: 924 GB, Tmp Disk Free: 5 GB
Information: Total number of MV cells in the design.
----------------------------------------------------------------------------------------------------
 MV Cells                                           Total Number                                   
----------------------------------------------------------------------------------------------------
 Level Shifter:                                     0                                             
 Enable Level Shifter:                              0                                             
 Isolation Cell:                                    0                                             
 Retention Cell:                                    0                                             
 Retention Clamp Cell:                              0                                             
 Switch Cell:                                       0                                             
 Always-On Cell:                                    0                                             
 Repeater Cell:                                     0                                             

----------------------------------------------------------------------------------------------------
Unmapped MV Cells 
----------------------------------------------------------------------------------------------------
0 Isolation Cells are unmapped 
0 Retention Clamp Cells are unmapped 
----------------------------------------------------------------------------------------------------
1
check_design
1
report_constraint -all_violators
Information: Updating design information... (UID-85)
 
****************************************
Report : constraint
        -all_violators
Design : invader_fsm
Version: U-2022.12-SP7
Date   : Mon Mar  2 23:19:48 2026
****************************************

This design has no violated constraints.

1
set filename [format "%s%s"  $my_toplevel ".vh"]
invader_fsm.vh
write -f verilog -output $filename
Writing verilog file '/storage-home/j/jc165/ELEC_422/Project/elec422_space_invaders/invader/2_synthesis/invader_fsm.vh'.
1
set filename [format "%s%s"  $my_toplevel ".sdc"]
invader_fsm.sdc
write_sdc $filename
1
report_cell 
 
****************************************
Report : cell
Design : invader_fsm
Version: U-2022.12-SP7
Date   : Mon Mar  2 23:19:48 2026
****************************************

Attributes:
    b - black box (unknown)
    h - hierarchical
   mo - map_only
    n - noncombinational
    r - removable
    u - contains unmapped logic

Cell                      Reference       Library             Area  Attributes
--------------------------------------------------------------------------------
U3                        AND2X2          osu05_stdcells  288.000000
U36                       AOI21X1         osu05_stdcells  288.000000
U37                       OAI21X1         osu05_stdcells  207.000000
U38                       NAND2X1         osu05_stdcells  216.000000
U39                       OAI21X1         osu05_stdcells  207.000000
U40                       AOI21X1         osu05_stdcells  288.000000
U41                       OAI21X1         osu05_stdcells  207.000000
U42                       AOI21X1         osu05_stdcells  288.000000
U43                       OAI21X1         osu05_stdcells  207.000000
U44                       AOI21X1         osu05_stdcells  288.000000
U45                       AOI22X1         osu05_stdcells  360.000000
U46                       NAND2X1         osu05_stdcells  216.000000
U47                       AOI22X1         osu05_stdcells  360.000000
U48                       AOI22X1         osu05_stdcells  360.000000
U49                       NOR2X1          osu05_stdcells  216.000000
U50                       OAI21X1         osu05_stdcells  207.000000
U51                       AOI22X1         osu05_stdcells  360.000000
U52                       AOI22X1         osu05_stdcells  360.000000
U53                       NAND2X1         osu05_stdcells  216.000000
U54                       AOI22X1         osu05_stdcells  360.000000
U55                       AOI22X1         osu05_stdcells  360.000000
U56                       NAND2X1         osu05_stdcells  216.000000
U57                       AOI22X1         osu05_stdcells  360.000000
U58                       AOI22X1         osu05_stdcells  360.000000
U59                       NOR2X1          osu05_stdcells  216.000000
U60                       OAI21X1         osu05_stdcells  207.000000
U61                       AOI22X1         osu05_stdcells  360.000000
U62                       OAI22X1         osu05_stdcells  360.000000
U63                       NAND2X1         osu05_stdcells  216.000000
U64                       OR2X1           osu05_stdcells  288.000000
U65                       NOR2X1          osu05_stdcells  216.000000
U66                       NAND2X1         osu05_stdcells  216.000000
U67                       NOR2X1          osu05_stdcells  216.000000
U68                       NOR2X1          osu05_stdcells  216.000000
U69                       AOI22X1         osu05_stdcells  360.000000
U70                       NOR2X1          osu05_stdcells  216.000000
U71                       AOI22X1         osu05_stdcells  360.000000
U72                       NAND3X1         osu05_stdcells  324.000000
U73                       NOR2X1          osu05_stdcells  216.000000
U74                       NOR2X1          osu05_stdcells  216.000000
U75                       AND2X2          osu05_stdcells  288.000000
U76                       AND2X2          osu05_stdcells  288.000000
U77                       INVX1           osu05_stdcells  144.000000
U78                       INVX2           osu05_stdcells  144.000000
U79                       OR2X1           osu05_stdcells  288.000000
U80                       XNOR2X1         osu05_stdcells  504.000000
U81                       OR2X1           osu05_stdcells  288.000000
U82                       XNOR2X1         osu05_stdcells  504.000000
U83                       OR2X1           osu05_stdcells  288.000000
U84                       XNOR2X1         osu05_stdcells  504.000000
U85                       XNOR2X1         osu05_stdcells  504.000000
U86                       XOR2X1          osu05_stdcells  504.000000
U87                       XOR2X1          osu05_stdcells  504.000000
U88                       INVX2           osu05_stdcells  144.000000
U89                       INVX2           osu05_stdcells  144.000000
U90                       INVX2           osu05_stdcells  144.000000
U91                       INVX2           osu05_stdcells  144.000000
U92                       INVX2           osu05_stdcells  144.000000
U93                       INVX2           osu05_stdcells  144.000000
U94                       INVX2           osu05_stdcells  144.000000
U95                       INVX2           osu05_stdcells  144.000000
U96                       INVX2           osu05_stdcells  144.000000
U97                       INVX2           osu05_stdcells  144.000000
U98                       INVX2           osu05_stdcells  144.000000
U99                       INVX2           osu05_stdcells  144.000000
U100                      INVX2           osu05_stdcells  144.000000
U101                      INVX2           osu05_stdcells  144.000000
U102                      INVX2           osu05_stdcells  144.000000
U103                      INVX2           osu05_stdcells  144.000000
U104                      INVX2           osu05_stdcells  144.000000
U105                      INVX2           osu05_stdcells  144.000000
U106                      INVX2           osu05_stdcells  144.000000
U107                      INVX2           osu05_stdcells  144.000000
U108                      INVX2           osu05_stdcells  144.000000
U109                      INVX2           osu05_stdcells  144.000000
U110                      INVX2           osu05_stdcells  144.000000
U111                      INVX2           osu05_stdcells  144.000000
U112                      INVX2           osu05_stdcells  144.000000
U113                      INVX2           osu05_stdcells  144.000000
U114                      INVX2           osu05_stdcells  144.000000
U115                      INVX2           osu05_stdcells  144.000000
U116                      INVX2           osu05_stdcells  144.000000
U117                      INVX2           osu05_stdcells  144.000000
U118                      INVX2           osu05_stdcells  144.000000
U119                      INVX2           osu05_stdcells  144.000000
U120                      INVX2           osu05_stdcells  144.000000
U121                      INVX2           osu05_stdcells  144.000000
U122                      INVX2           osu05_stdcells  144.000000
U123                      INVX2           osu05_stdcells  144.000000
U124                      INVX2           osu05_stdcells  144.000000
U125                      INVX2           osu05_stdcells  144.000000
U126                      INVX2           osu05_stdcells  144.000000
U127                      INVX2           osu05_stdcells  144.000000
U128                      INVX2           osu05_stdcells  144.000000
U129                      INVX2           osu05_stdcells  144.000000
U130                      INVX2           osu05_stdcells  144.000000
U131                      INVX2           osu05_stdcells  144.000000
U132                      INVX2           osu05_stdcells  144.000000
U133                      INVX2           osu05_stdcells  144.000000
U134                      INVX2           osu05_stdcells  144.000000
U135                      INVX2           osu05_stdcells  144.000000
U136                      INVX2           osu05_stdcells  144.000000
U137                      INVX2           osu05_stdcells  144.000000
U138                      INVX2           osu05_stdcells  144.000000
U139                      INVX2           osu05_stdcells  144.000000
U140                      INVX2           osu05_stdcells  144.000000
U141                      INVX2           osu05_stdcells  144.000000
U142                      INVX2           osu05_stdcells  144.000000
U143                      INVX2           osu05_stdcells  144.000000
U144                      INVX2           osu05_stdcells  144.000000
U145                      INVX2           osu05_stdcells  144.000000
U146                      INVX2           osu05_stdcells  144.000000
U147                      INVX2           osu05_stdcells  144.000000
U148                      OAI21X1         osu05_stdcells  207.000000
U149                      NAND2X1         osu05_stdcells  216.000000
U150                      OAI21X1         osu05_stdcells  207.000000
U151                      NAND2X1         osu05_stdcells  216.000000
U152                      NAND3X1         osu05_stdcells  324.000000
U153                      OAI21X1         osu05_stdcells  207.000000
U154                      OAI22X1         osu05_stdcells  360.000000
U155                      OAI21X1         osu05_stdcells  207.000000
U156                      NOR2X1          osu05_stdcells  216.000000
U157                      OAI21X1         osu05_stdcells  207.000000
U158                      OAI21X1         osu05_stdcells  207.000000
U159                      NAND3X1         osu05_stdcells  324.000000
U160                      OAI21X1         osu05_stdcells  207.000000
U161                      OR2X1           osu05_stdcells  288.000000
U162                      NOR2X1          osu05_stdcells  216.000000
U163                      AOI21X1         osu05_stdcells  288.000000
U164                      NAND2X1         osu05_stdcells  216.000000
U165                      OAI21X1         osu05_stdcells  207.000000
U166                      NOR2X1          osu05_stdcells  216.000000
U167                      AOI21X1         osu05_stdcells  288.000000
U168                      NAND2X1         osu05_stdcells  216.000000
U169                      OAI21X1         osu05_stdcells  207.000000
U170                      NOR2X1          osu05_stdcells  216.000000
U171                      AOI21X1         osu05_stdcells  288.000000
U172                      NOR2X1          osu05_stdcells  216.000000
U173                      NOR2X1          osu05_stdcells  216.000000
U174                      AOI22X1         osu05_stdcells  360.000000
U175                      NOR2X1          osu05_stdcells  216.000000
U176                      OAI21X1         osu05_stdcells  207.000000
U177                      NAND2X1         osu05_stdcells  216.000000
U178                      NAND3X1         osu05_stdcells  324.000000
U179                      OAI21X1         osu05_stdcells  207.000000
U180                      AOI22X1         osu05_stdcells  360.000000
U181                      OAI21X1         osu05_stdcells  207.000000
U182                      NOR2X1          osu05_stdcells  216.000000
U183                      OAI21X1         osu05_stdcells  207.000000
U184                      OAI21X1         osu05_stdcells  207.000000
U185                      OAI22X1         osu05_stdcells  360.000000
U186                      OAI21X1         osu05_stdcells  207.000000
U187                      NAND2X1         osu05_stdcells  216.000000
U188                      OAI21X1         osu05_stdcells  207.000000
U189                      NAND2X1         osu05_stdcells  216.000000
U190                      NAND3X1         osu05_stdcells  324.000000
U191                      OAI21X1         osu05_stdcells  207.000000
U192                      OAI22X1         osu05_stdcells  360.000000
U193                      OAI21X1         osu05_stdcells  207.000000
U194                      NOR2X1          osu05_stdcells  216.000000
U195                      OAI21X1         osu05_stdcells  207.000000
U196                      OAI21X1         osu05_stdcells  207.000000
U197                      NAND3X1         osu05_stdcells  324.000000
U198                      OAI21X1         osu05_stdcells  207.000000
U199                      OR2X1           osu05_stdcells  288.000000
U200                      NOR2X1          osu05_stdcells  216.000000
U201                      AOI21X1         osu05_stdcells  288.000000
U202                      NAND2X1         osu05_stdcells  216.000000
U203                      OAI21X1         osu05_stdcells  207.000000
U204                      NOR2X1          osu05_stdcells  216.000000
U205                      AOI21X1         osu05_stdcells  288.000000
U206                      NAND2X1         osu05_stdcells  216.000000
U207                      OAI21X1         osu05_stdcells  207.000000
U208                      NOR2X1          osu05_stdcells  216.000000
U209                      AOI21X1         osu05_stdcells  288.000000
U210                      NOR2X1          osu05_stdcells  216.000000
U211                      NOR2X1          osu05_stdcells  216.000000
U212                      AOI22X1         osu05_stdcells  360.000000
U213                      NOR2X1          osu05_stdcells  216.000000
U214                      OAI21X1         osu05_stdcells  207.000000
U215                      NAND2X1         osu05_stdcells  216.000000
U216                      NAND3X1         osu05_stdcells  324.000000
U217                      OAI21X1         osu05_stdcells  207.000000
U218                      AOI22X1         osu05_stdcells  360.000000
U219                      OAI21X1         osu05_stdcells  207.000000
U220                      NOR2X1          osu05_stdcells  216.000000
U221                      OAI21X1         osu05_stdcells  207.000000
U222                      OAI21X1         osu05_stdcells  207.000000
U223                      OAI22X1         osu05_stdcells  360.000000
add_42/U1_1_1             HAX1            osu05_stdcells  720.000000
                                                                    mo, r
add_42/U1_1_2             HAX1            osu05_stdcells  720.000000
                                                                    mo, r
add_42/U1_1_3             HAX1            osu05_stdcells  720.000000
                                                                    mo, r
add_42/U1_1_4             HAX1            osu05_stdcells  720.000000
                                                                    mo, r
add_42/U1_1_5             HAX1            osu05_stdcells  720.000000
                                                                    mo, r
add_43/U1_1_1             HAX1            osu05_stdcells  720.000000
                                                                    mo, r
add_43/U1_1_2             HAX1            osu05_stdcells  720.000000
                                                                    mo, r
add_43/U1_1_3             HAX1            osu05_stdcells  720.000000
                                                                    mo, r
add_43/U1_1_4             HAX1            osu05_stdcells  720.000000
                                                                    mo, r
add_43/U1_1_5             HAX1            osu05_stdcells  720.000000
                                                                    mo, r
add_102/U1_1              FAX1            osu05_stdcells  1080.000000
                                                                    mo, r
add_102/U1_2              FAX1            osu05_stdcells  1080.000000
                                                                    mo, r
add_102/U1_3              FAX1            osu05_stdcells  1080.000000
                                                                    mo, r
add_102/U1_4              FAX1            osu05_stdcells  1080.000000
                                                                    mo, r
add_102/U1_5              FAX1            osu05_stdcells  1080.000000
                                                                    mo, r
alive_reg                 DFFNEGX1        osu05_stdcells  864.000000
                                                                    n
invader_coord_x_reg[0]    DFFNEGX1        osu05_stdcells  864.000000
                                                                    n
invader_coord_x_reg[1]    DFFNEGX1        osu05_stdcells  864.000000
                                                                    n
invader_coord_x_reg[2]    DFFNEGX1        osu05_stdcells  864.000000
                                                                    n
invader_coord_x_reg[3]    DFFNEGX1        osu05_stdcells  864.000000
                                                                    n
invader_coord_x_reg[4]    DFFNEGX1        osu05_stdcells  864.000000
                                                                    n
invader_coord_x_reg[5]    DFFNEGX1        osu05_stdcells  864.000000
                                                                    n
invader_coord_y_reg[0]    DFFNEGX1        osu05_stdcells  864.000000
                                                                    n
invader_coord_y_reg[1]    DFFNEGX1        osu05_stdcells  864.000000
                                                                    n
invader_coord_y_reg[2]    DFFNEGX1        osu05_stdcells  864.000000
                                                                    n
invader_coord_y_reg[3]    DFFNEGX1        osu05_stdcells  864.000000
                                                                    n
invader_coord_y_reg[4]    DFFNEGX1        osu05_stdcells  864.000000
                                                                    n
invader_coord_y_reg[5]    DFFNEGX1        osu05_stdcells  864.000000
                                                                    n
next_state_reg[0]         DFFNEGX1        osu05_stdcells  864.000000
                                                                    n
next_state_reg[1]         DFFNEGX1        osu05_stdcells  864.000000
                                                                    n
player_bullet_collision_signal_reg
                          DFFNEGX1        osu05_stdcells  864.000000
                                                                    n
state_reg[0]              DFFNEGX1        osu05_stdcells  864.000000
                                                                    n
state_reg[1]              DFFNEGX1        osu05_stdcells  864.000000
                                                                    n
--------------------------------------------------------------------------------
Total 222 cells                                           71082.000000
1
report_area 
 
****************************************
Report : area
Design : invader_fsm
Version: U-2022.12-SP7
Date   : Mon Mar  2 23:19:48 2026
****************************************

Information: Updating design information... (UID-85)
Library(s) Used:

    osu05_stdcells (File: /clear/apps/osu/soc/synopsys/lib/ami05/osu05_stdcells.db)

Number of ports:                           39
Number of nets:                           259
Number of cells:                          222
Number of combinational cells:            204
Number of sequential cells:                18
Number of macros/black boxes:               0
Number of buf/inv:                         62
Number of references:                      16

Combinational area:              55530.000000
Buf/Inv area:                     8928.000000
Noncombinational area:           15552.000000
Macro/Black Box area:                0.000000
Net Interconnect area:      undefined  (No wire load specified)

Total cell area:                 71082.000000
Total area:                 undefined
1
report_timing -path full -delay max -max_paths 3 -nworst 1
 
****************************************
Report : timing
        -path full
        -delay max
        -max_paths 3
Design : invader_fsm
Version: U-2022.12-SP7
Date   : Mon Mar  2 23:19:48 2026
****************************************

Operating Conditions: typical   Library: osu05_stdcells
Wire Load Model Mode: top

  Startpoint: player_bullet_coord_x[3]
              (input port clocked by clka)
  Endpoint: next_state_reg[1]
            (falling edge-triggered flip-flop clocked by clka)
  Path Group: clka
  Path Type: max

  Point                                    Incr       Path
  -----------------------------------------------------------
  clock clka (rise edge)                   0.00       0.00
  clock network delay (ideal)              0.00       0.00
  input external delay                     1.00       1.00 f
  player_bullet_coord_x[3] (in)            0.19       1.19 f
  U103/Y (INVX2)                           0.13       1.33 r
  U177/Y (NAND2X1)                         0.14       1.46 f
  U178/Y (NAND3X1)                         0.17       1.64 r
  U179/Y (OAI21X1)                         0.16       1.79 f
  U101/Y (INVX2)                           0.09       1.88 r
  U183/Y (OAI21X1)                         0.08       1.96 f
  U184/Y (OAI21X1)                         0.13       2.09 r
  U185/Y (OAI22X1)                         0.11       2.20 f
  U3/Y (AND2X2)                            0.20       2.41 f
  U72/Y (NAND3X1)                          0.18       2.59 r
  U97/Y (INVX2)                            0.09       2.68 f
  U69/Y (AOI22X1)                          0.14       2.82 r
  U68/Y (NOR2X1)                           0.12       2.94 f
  next_state_reg[1]/D (DFFNEGX1)           0.00       2.94 f
  data arrival time                                   2.94

  clock clka (fall edge)                  10.00      10.00
  clock network delay (ideal)              0.00      10.00
  next_state_reg[1]/CLK (DFFNEGX1)         0.00      10.00 f
  library setup time                      -0.37       9.63
  data required time                                  9.63
  -----------------------------------------------------------
  data required time                                  9.63
  data arrival time                                  -2.94
  -----------------------------------------------------------
  slack (MET)                                         6.69


  Startpoint: player_bullet_coord_x[3]
              (input port clocked by clka)
  Endpoint: next_state_reg[0]
            (falling edge-triggered flip-flop clocked by clka)
  Path Group: clka
  Path Type: max

  Point                                    Incr       Path
  -----------------------------------------------------------
  clock clka (rise edge)                   0.00       0.00
  clock network delay (ideal)              0.00       0.00
  input external delay                     1.00       1.00 f
  player_bullet_coord_x[3] (in)            0.19       1.19 f
  U151/Y (NAND2X1)                         0.24       1.43 r
  U152/Y (NAND3X1)                         0.06       1.49 f
  U153/Y (OAI21X1)                         0.19       1.68 r
  U99/Y (INVX2)                            0.08       1.75 f
  U157/Y (OAI21X1)                         0.10       1.86 r
  U158/Y (OAI21X1)                         0.10       1.96 f
  U160/Y (OAI21X1)                         0.14       2.10 r
  U161/Y (OR2X1)                           0.23       2.33 r
  U3/Y (AND2X2)                            0.14       2.48 r
  U72/Y (NAND3X1)                          0.12       2.60 f
  U71/Y (AOI22X1)                          0.13       2.73 r
  U70/Y (NOR2X1)                           0.12       2.85 f
  next_state_reg[0]/D (DFFNEGX1)           0.00       2.85 f
  data arrival time                                   2.85

  clock clka (fall edge)                  10.00      10.00
  clock network delay (ideal)              0.00      10.00
  next_state_reg[0]/CLK (DFFNEGX1)         0.00      10.00 f
  library setup time                      -0.37       9.63
  data required time                                  9.63
  -----------------------------------------------------------
  data required time                                  9.63
  data arrival time                                  -2.85
  -----------------------------------------------------------
  slack (MET)                                         6.78


1
report_power
Loading db file '/clear/apps/osu/soc/synopsys/lib/ami05/osu05_stdcells.db'
Information: Propagating switching activity (low effort zero delay simulation). (PWR-6)
Warning: Design has unannotated primary inputs. (PWR-414)
Warning: Design has unannotated sequential cell outputs. (PWR-415)
 
****************************************
Report : power
        -analysis_effort low
Design : invader_fsm
Version: U-2022.12-SP7
Date   : Mon Mar  2 23:19:48 2026
****************************************


Library(s) Used:

    osu05_stdcells (File: /clear/apps/osu/soc/synopsys/lib/ami05/osu05_stdcells.db)


Operating Conditions: typical   Library: osu05_stdcells
Wire Load Model Mode: top


Global Operating Voltage = 5    
Power-specific unit information :
    Voltage Units = 1V
    Capacitance Units = 1.000000pf
    Time Units = 1ns
    Dynamic Power Units = 1mW    (derived from V,C,T units)
    Leakage Power Units = 1nW


Attributes
----------
i - Including register clock pin internal power


  Cell Internal Power  = 823.0777 uW   (69%)
  Net Switching Power  = 369.7512 uW   (31%)
                         ---------
Total Dynamic Power    =   1.1928 mW  (100%)

Cell Leakage Power     =  20.6508 nW


                 Internal         Switching           Leakage            Total
Power Group      Power            Power               Power              Power   (   %    )  Attrs
--------------------------------------------------------------------------------------------------
io_pad             0.0000            0.0000            0.0000            0.0000  (   0.00%)
memory             0.0000            0.0000            0.0000            0.0000  (   0.00%)
black_box          0.0000            0.0000            0.0000            0.0000  (   0.00%)
clock_network      0.1486            0.0000            0.0000            0.1486  (  12.46%)  i
register       1.3560e-02        4.6111e-03            0.4943        1.8171e-02  (   1.52%)
sequential         0.2975        1.3740e-02            3.9547            0.3113  (  26.10%)
combinational      0.3634            0.3514           16.2018            0.7148  (  59.92%)
--------------------------------------------------------------------------------------------------
Total              0.8231 mW         0.3698 mW        20.6508 nW         1.1928 mW
1
redirect timing.rep { report_timing }
redirect cell.rep { report_cell }
redirect power.rep { report_power }
quit

Memory usage for this session 108 Mbytes.
Memory usage for this session including child processes 108 Mbytes.
CPU usage for this session 5 seconds ( 0.00 hours ).
Elapsed time for this session 7 seconds ( 0.00 hours ).

Thank you...
