#! /extra/build/iverilog-12.0/rhel8/bin/vvp
:ivl_version "12.0 (stable)";
:ivl_delay_selection "TYPICAL";
:vpi_time_precision + 0;
:vpi_module "/clear/apps/iverilog-12.0/rhel8/lib/ivl/system.vpi";
:vpi_module "/clear/apps/iverilog-12.0/rhel8/lib/ivl/vhdl_sys.vpi";
:vpi_module "/clear/apps/iverilog-12.0/rhel8/lib/ivl/vhdl_textio.vpi";
:vpi_module "/clear/apps/iverilog-12.0/rhel8/lib/ivl/v2005_math.vpi";
:vpi_module "/clear/apps/iverilog-12.0/rhel8/lib/ivl/va_math.vpi";
S_0x124f870 .scope module, "player_bullet_fsm_tb" "player_bullet_fsm_tb" 2 1;
 .timescale 0 0;
v0x128a0c0_0 .var/i "i", 31 0;
v0x128a1c0_0 .var "in_clka", 0 0;
v0x128a280_0 .var "in_clkb", 0 0;
v0x128a350_0 .var "in_fire", 0 0;
v0x128a420_0 .var "in_player_bullet_collision", 0 0;
v0x128a4c0_0 .var "in_player_coord_x", 5 0;
v0x128a590_0 .var "in_player_coord_y", 5 0;
v0x128a660_0 .var "in_reset", 0 0;
v0x128a730_0 .var "in_shield_bullet_collision", 0 0;
v0x128a800_0 .net "out_display", 0 0, v0x1289560_0;  1 drivers
v0x128a8d0_0 .net "out_player_bullet_coord_x", 5 0, v0x1289880_0;  1 drivers
v0x128a9a0_0 .net "out_player_bullet_coord_y", 5 0, v0x1289960_0;  1 drivers
v0x128aa70_0 .net "out_state", 1 0, v0x1289d80_0;  1 drivers
S_0x124fa00 .scope module, "U1" "player_bullet_fsm" 2 14, 3 11 0, S_0x124f870;
 .timescale 0 0;
    .port_info 0 /INPUT 1 "clka";
    .port_info 1 /INPUT 1 "clkb";
    .port_info 2 /INPUT 1 "reset";
    .port_info 3 /INPUT 1 "fire";
    .port_info 4 /INPUT 6 "player_coord_x";
    .port_info 5 /INPUT 6 "player_coord_y";
    .port_info 6 /INPUT 1 "player_bullet_collision";
    .port_info 7 /INPUT 1 "shield_bullet_collision";
    .port_info 8 /OUTPUT 1 "display";
    .port_info 9 /OUTPUT 6 "player_bullet_coord_x";
    .port_info 10 /OUTPUT 6 "player_bullet_coord_y";
    .port_info 11 /OUTPUT 2 "state";
P_0x123bcb0 .param/l "FIRING" 1 3 32, C4<01>;
P_0x123bcf0 .param/l "INIT" 1 3 32, C4<00>;
P_0x123bd30 .param/l "Y_MAX" 0 3 14, +C4<00000000000000000000000000011111>;
P_0x123bd70 .param/l "Y_OFFSET" 0 3 13, +C4<00000000000000000000000000000011>;
L_0x1248670 .functor OR 1, v0x128a420_0, v0x128a730_0, C4<0>, C4<0>;
v0x12670e0_0 .net *"_ivl_2", 31 0, L_0x128abc0;  1 drivers
L_0x7fb56cd3a018 .functor BUFT 1, C4<00000000000000000000000000>, C4<0>, C4<0>, C4<0>;
v0x1267180_0 .net *"_ivl_5", 25 0, L_0x7fb56cd3a018;  1 drivers
L_0x7fb56cd3a060 .functor BUFT 1, C4<00000000000000000000000000011111>, C4<0>, C4<0>, C4<0>;
v0x1289150_0 .net/2u *"_ivl_6", 31 0, L_0x7fb56cd3a060;  1 drivers
v0x1289210_0 .net "boundary", 0 0, L_0x129ad10;  1 drivers
v0x12892d0_0 .net "clka", 0 0, v0x128a1c0_0;  1 drivers
v0x12893e0_0 .net "clkb", 0 0, v0x128a280_0;  1 drivers
v0x12894a0_0 .net "collide", 0 0, L_0x1248670;  1 drivers
v0x1289560_0 .var "display", 0 0;
v0x1289620_0 .net "fire", 0 0, v0x128a350_0;  1 drivers
v0x12896e0_0 .var "next_state", 1 0;
v0x12897c0_0 .net "player_bullet_collision", 0 0, v0x128a420_0;  1 drivers
v0x1289880_0 .var "player_bullet_coord_x", 5 0;
v0x1289960_0 .var "player_bullet_coord_y", 5 0;
v0x1289a40_0 .net "player_coord_x", 5 0, v0x128a4c0_0;  1 drivers
v0x1289b20_0 .net "player_coord_y", 5 0, v0x128a590_0;  1 drivers
v0x1289c00_0 .net "reset", 0 0, v0x128a660_0;  1 drivers
v0x1289cc0_0 .net "shield_bullet_collision", 0 0, v0x128a730_0;  1 drivers
v0x1289d80_0 .var "state", 1 0;
v0x1289e60_0 .var "temp_state", 1 0;
E_0x1247120 .event negedge, v0x12893e0_0;
E_0x1248a10 .event negedge, v0x12892d0_0;
E_0x1232640 .event anyedge, v0x1289d80_0, v0x1289620_0, v0x12894a0_0, v0x1289210_0;
L_0x128abc0 .concat [ 6 26 0 0], v0x1289960_0, L_0x7fb56cd3a018;
L_0x129ad10 .cmp/ge 32, L_0x128abc0, L_0x7fb56cd3a060;
S_0x120fe60 .scope begin, "FSM_SEQA" "FSM_SEQA" 3 64, 3 64 0, S_0x124fa00;
 .timescale 0 0;
S_0x1210040 .scope begin, "FSM_SEQB" "FSM_SEQB" 3 73, 3 73 0, S_0x124fa00;
 .timescale 0 0;
    .scope S_0x124fa00;
T_0 ;
    %wait E_0x1232640;
    %load/vec4 v0x1289d80_0;
    %dup/vec4;
    %pushi/vec4 0, 0, 2;
    %cmp/u;
    %jmp/1 T_0.0, 6;
    %dup/vec4;
    %pushi/vec4 1, 0, 2;
    %cmp/u;
    %jmp/1 T_0.1, 6;
    %pushi/vec4 0, 0, 2;
    %store/vec4 v0x1289e60_0, 0, 2;
    %jmp T_0.3;
T_0.0 ;
    %load/vec4 v0x1289620_0;
    %flag_set/vec4 8;
    %jmp/0xz  T_0.4, 8;
    %pushi/vec4 1, 0, 2;
    %store/vec4 v0x1289e60_0, 0, 2;
    %jmp T_0.5;
T_0.4 ;
    %pushi/vec4 0, 0, 2;
    %store/vec4 v0x1289e60_0, 0, 2;
T_0.5 ;
    %jmp T_0.3;
T_0.1 ;
    %load/vec4 v0x12894a0_0;
    %load/vec4 v0x1289210_0;
    %or;
    %flag_set/vec4 8;
    %jmp/0xz  T_0.6, 8;
    %pushi/vec4 0, 0, 2;
    %store/vec4 v0x1289e60_0, 0, 2;
    %jmp T_0.7;
T_0.6 ;
    %pushi/vec4 1, 0, 2;
    %store/vec4 v0x1289e60_0, 0, 2;
T_0.7 ;
    %jmp T_0.3;
T_0.3 ;
    %pop/vec4 1;
    %jmp T_0;
    .thread T_0, $push;
    .scope S_0x124fa00;
T_1 ;
    %wait E_0x1248a10;
    %fork t_1, S_0x120fe60;
    %jmp t_0;
    .scope S_0x120fe60;
t_1 ;
    %load/vec4 v0x1289c00_0;
    %flag_set/vec4 8;
    %jmp/0xz  T_1.0, 8;
    %pushi/vec4 0, 0, 2;
    %assign/vec4 v0x12896e0_0, 0;
    %jmp T_1.1;
T_1.0 ;
    %load/vec4 v0x1289e60_0;
    %assign/vec4 v0x12896e0_0, 0;
T_1.1 ;
    %end;
    .scope S_0x124fa00;
t_0 %join;
    %jmp T_1;
    .thread T_1;
    .scope S_0x124fa00;
T_2 ;
    %wait E_0x1247120;
    %fork t_3, S_0x1210040;
    %jmp t_2;
    .scope S_0x1210040;
t_3 ;
    %load/vec4 v0x1289c00_0;
    %flag_set/vec4 8;
    %jmp/0xz  T_2.0, 8;
    %pushi/vec4 0, 0, 2;
    %assign/vec4 v0x1289d80_0, 0;
    %pushi/vec4 0, 0, 6;
    %assign/vec4 v0x1289880_0, 0;
    %pushi/vec4 0, 0, 6;
    %assign/vec4 v0x1289960_0, 0;
    %pushi/vec4 0, 0, 1;
    %assign/vec4 v0x1289560_0, 0;
    %jmp T_2.1;
T_2.0 ;
    %load/vec4 v0x12896e0_0;
    %dup/vec4;
    %pushi/vec4 0, 0, 2;
    %cmp/u;
    %jmp/1 T_2.2, 6;
    %dup/vec4;
    %pushi/vec4 1, 0, 2;
    %cmp/u;
    %jmp/1 T_2.3, 6;
    %jmp T_2.4;
T_2.2 ;
    %load/vec4 v0x12896e0_0;
    %assign/vec4 v0x1289d80_0, 0;
    %load/vec4 v0x1289a40_0;
    %assign/vec4 v0x1289880_0, 0;
    %load/vec4 v0x1289b20_0;
    %assign/vec4 v0x1289960_0, 0;
    %pushi/vec4 0, 0, 1;
    %assign/vec4 v0x1289560_0, 0;
    %jmp T_2.4;
T_2.3 ;
    %load/vec4 v0x12896e0_0;
    %assign/vec4 v0x1289d80_0, 0;
    %load/vec4 v0x1289880_0;
    %assign/vec4 v0x1289880_0, 0;
    %load/vec4 v0x1289960_0;
    %pad/u 32;
    %addi 3, 0, 32;
    %pad/u 6;
    %assign/vec4 v0x1289960_0, 0;
    %pushi/vec4 1, 0, 1;
    %assign/vec4 v0x1289560_0, 0;
    %jmp T_2.4;
T_2.4 ;
    %pop/vec4 1;
T_2.1 ;
    %end;
    .scope S_0x124fa00;
t_2 %join;
    %jmp T_2;
    .thread T_2;
    .scope S_0x124f870;
T_3 ;
    %pushi/vec4 0, 0, 1;
    %store/vec4 v0x128a660_0, 0, 1;
    %pushi/vec4 0, 0, 1;
    %store/vec4 v0x128a350_0, 0, 1;
    %pushi/vec4 10, 0, 6;
    %store/vec4 v0x128a4c0_0, 0, 6;
    %pushi/vec4 1, 0, 6;
    %store/vec4 v0x128a590_0, 0, 6;
    %pushi/vec4 0, 0, 1;
    %store/vec4 v0x128a420_0, 0, 1;
    %pushi/vec4 0, 0, 1;
    %store/vec4 v0x128a730_0, 0, 1;
    %pushi/vec4 0, 0, 1;
    %store/vec4 v0x128a1c0_0, 0, 1;
    %pushi/vec4 0, 0, 1;
    %store/vec4 v0x128a280_0, 0, 1;
    %delay 10, 0;
    %pushi/vec4 1, 0, 1;
    %store/vec4 v0x128a1c0_0, 0, 1;
    %pushi/vec4 0, 0, 1;
    %store/vec4 v0x128a280_0, 0, 1;
    %delay 10, 0;
    %pushi/vec4 0, 0, 1;
    %store/vec4 v0x128a1c0_0, 0, 1;
    %pushi/vec4 0, 0, 1;
    %store/vec4 v0x128a280_0, 0, 1;
    %delay 10, 0;
    %pushi/vec4 0, 0, 1;
    %store/vec4 v0x128a1c0_0, 0, 1;
    %pushi/vec4 1, 0, 1;
    %store/vec4 v0x128a280_0, 0, 1;
    %delay 10, 0;
    %pushi/vec4 1, 0, 1;
    %store/vec4 v0x128a660_0, 0, 1;
    %pushi/vec4 0, 0, 1;
    %store/vec4 v0x128a1c0_0, 0, 1;
    %pushi/vec4 0, 0, 1;
    %store/vec4 v0x128a280_0, 0, 1;
    %delay 10, 0;
    %pushi/vec4 1, 0, 1;
    %store/vec4 v0x128a1c0_0, 0, 1;
    %pushi/vec4 0, 0, 1;
    %store/vec4 v0x128a280_0, 0, 1;
    %delay 10, 0;
    %pushi/vec4 0, 0, 1;
    %store/vec4 v0x128a1c0_0, 0, 1;
    %pushi/vec4 0, 0, 1;
    %store/vec4 v0x128a280_0, 0, 1;
    %delay 10, 0;
    %pushi/vec4 0, 0, 1;
    %store/vec4 v0x128a1c0_0, 0, 1;
    %pushi/vec4 1, 0, 1;
    %store/vec4 v0x128a280_0, 0, 1;
    %delay 10, 0;
    %pushi/vec4 0, 0, 1;
    %store/vec4 v0x128a660_0, 0, 1;
    %pushi/vec4 0, 0, 1;
    %store/vec4 v0x128a1c0_0, 0, 1;
    %pushi/vec4 0, 0, 1;
    %store/vec4 v0x128a280_0, 0, 1;
    %delay 10, 0;
    %pushi/vec4 1, 0, 1;
    %store/vec4 v0x128a1c0_0, 0, 1;
    %pushi/vec4 0, 0, 1;
    %store/vec4 v0x128a280_0, 0, 1;
    %delay 10, 0;
    %pushi/vec4 0, 0, 1;
    %store/vec4 v0x128a1c0_0, 0, 1;
    %pushi/vec4 0, 0, 1;
    %store/vec4 v0x128a280_0, 0, 1;
    %delay 10, 0;
    %pushi/vec4 0, 0, 1;
    %store/vec4 v0x128a1c0_0, 0, 1;
    %pushi/vec4 1, 0, 1;
    %store/vec4 v0x128a280_0, 0, 1;
    %delay 10, 0;
    %pushi/vec4 1, 0, 1;
    %store/vec4 v0x128a350_0, 0, 1;
    %pushi/vec4 10, 0, 6;
    %store/vec4 v0x128a4c0_0, 0, 6;
    %pushi/vec4 0, 0, 1;
    %store/vec4 v0x128a1c0_0, 0, 1;
    %pushi/vec4 0, 0, 1;
    %store/vec4 v0x128a280_0, 0, 1;
    %delay 10, 0;
    %pushi/vec4 1, 0, 1;
    %store/vec4 v0x128a1c0_0, 0, 1;
    %pushi/vec4 0, 0, 1;
    %store/vec4 v0x128a280_0, 0, 1;
    %delay 10, 0;
    %pushi/vec4 0, 0, 1;
    %store/vec4 v0x128a1c0_0, 0, 1;
    %pushi/vec4 0, 0, 1;
    %store/vec4 v0x128a280_0, 0, 1;
    %delay 10, 0;
    %pushi/vec4 0, 0, 1;
    %store/vec4 v0x128a1c0_0, 0, 1;
    %pushi/vec4 1, 0, 1;
    %store/vec4 v0x128a280_0, 0, 1;
    %delay 10, 0;
    %pushi/vec4 0, 0, 1;
    %store/vec4 v0x128a350_0, 0, 1;
    %pushi/vec4 0, 0, 32;
    %store/vec4 v0x128a0c0_0, 0, 32;
T_3.0 ;
    %load/vec4 v0x128a0c0_0;
    %cmpi/s 3, 0, 32;
    %jmp/0xz T_3.1, 5;
    %pushi/vec4 0, 0, 1;
    %store/vec4 v0x128a1c0_0, 0, 1;
    %pushi/vec4 0, 0, 1;
    %store/vec4 v0x128a280_0, 0, 1;
    %delay 10, 0;
    %pushi/vec4 1, 0, 1;
    %store/vec4 v0x128a1c0_0, 0, 1;
    %pushi/vec4 0, 0, 1;
    %store/vec4 v0x128a280_0, 0, 1;
    %delay 10, 0;
    %pushi/vec4 0, 0, 1;
    %store/vec4 v0x128a1c0_0, 0, 1;
    %pushi/vec4 0, 0, 1;
    %store/vec4 v0x128a280_0, 0, 1;
    %delay 10, 0;
    %pushi/vec4 0, 0, 1;
    %store/vec4 v0x128a1c0_0, 0, 1;
    %pushi/vec4 1, 0, 1;
    %store/vec4 v0x128a280_0, 0, 1;
    %delay 10, 0;
    %load/vec4 v0x128a0c0_0;
    %addi 1, 0, 32;
    %store/vec4 v0x128a0c0_0, 0, 32;
    %jmp T_3.0;
T_3.1 ;
    %pushi/vec4 1, 0, 1;
    %store/vec4 v0x128a420_0, 0, 1;
    %pushi/vec4 0, 0, 1;
    %store/vec4 v0x128a1c0_0, 0, 1;
    %pushi/vec4 0, 0, 1;
    %store/vec4 v0x128a280_0, 0, 1;
    %delay 10, 0;
    %pushi/vec4 1, 0, 1;
    %store/vec4 v0x128a1c0_0, 0, 1;
    %pushi/vec4 0, 0, 1;
    %store/vec4 v0x128a280_0, 0, 1;
    %delay 10, 0;
    %pushi/vec4 0, 0, 1;
    %store/vec4 v0x128a1c0_0, 0, 1;
    %pushi/vec4 0, 0, 1;
    %store/vec4 v0x128a280_0, 0, 1;
    %delay 10, 0;
    %pushi/vec4 0, 0, 1;
    %store/vec4 v0x128a1c0_0, 0, 1;
    %pushi/vec4 1, 0, 1;
    %store/vec4 v0x128a280_0, 0, 1;
    %delay 10, 0;
    %pushi/vec4 0, 0, 1;
    %store/vec4 v0x128a420_0, 0, 1;
    %pushi/vec4 0, 0, 32;
    %store/vec4 v0x128a0c0_0, 0, 32;
T_3.2 ;
    %load/vec4 v0x128a0c0_0;
    %cmpi/s 2, 0, 32;
    %jmp/0xz T_3.3, 5;
    %pushi/vec4 0, 0, 1;
    %store/vec4 v0x128a1c0_0, 0, 1;
    %pushi/vec4 0, 0, 1;
    %store/vec4 v0x128a280_0, 0, 1;
    %delay 10, 0;
    %pushi/vec4 1, 0, 1;
    %store/vec4 v0x128a1c0_0, 0, 1;
    %pushi/vec4 0, 0, 1;
    %store/vec4 v0x128a280_0, 0, 1;
    %delay 10, 0;
    %pushi/vec4 0, 0, 1;
    %store/vec4 v0x128a1c0_0, 0, 1;
    %pushi/vec4 0, 0, 1;
    %store/vec4 v0x128a280_0, 0, 1;
    %delay 10, 0;
    %pushi/vec4 0, 0, 1;
    %store/vec4 v0x128a1c0_0, 0, 1;
    %pushi/vec4 1, 0, 1;
    %store/vec4 v0x128a280_0, 0, 1;
    %delay 10, 0;
    %load/vec4 v0x128a0c0_0;
    %addi 1, 0, 32;
    %store/vec4 v0x128a0c0_0, 0, 32;
    %jmp T_3.2;
T_3.3 ;
    %pushi/vec4 1, 0, 1;
    %store/vec4 v0x128a350_0, 0, 1;
    %pushi/vec4 25, 0, 6;
    %store/vec4 v0x128a4c0_0, 0, 6;
    %pushi/vec4 0, 0, 1;
    %store/vec4 v0x128a1c0_0, 0, 1;
    %pushi/vec4 0, 0, 1;
    %store/vec4 v0x128a280_0, 0, 1;
    %delay 10, 0;
    %pushi/vec4 1, 0, 1;
    %store/vec4 v0x128a1c0_0, 0, 1;
    %pushi/vec4 0, 0, 1;
    %store/vec4 v0x128a280_0, 0, 1;
    %delay 10, 0;
    %pushi/vec4 0, 0, 1;
    %store/vec4 v0x128a1c0_0, 0, 1;
    %pushi/vec4 0, 0, 1;
    %store/vec4 v0x128a280_0, 0, 1;
    %delay 10, 0;
    %pushi/vec4 0, 0, 1;
    %store/vec4 v0x128a1c0_0, 0, 1;
    %pushi/vec4 1, 0, 1;
    %store/vec4 v0x128a280_0, 0, 1;
    %delay 10, 0;
    %pushi/vec4 0, 0, 1;
    %store/vec4 v0x128a350_0, 0, 1;
    %pushi/vec4 0, 0, 32;
    %store/vec4 v0x128a0c0_0, 0, 32;
T_3.4 ;
    %load/vec4 v0x128a0c0_0;
    %cmpi/s 2, 0, 32;
    %jmp/0xz T_3.5, 5;
    %pushi/vec4 0, 0, 1;
    %store/vec4 v0x128a1c0_0, 0, 1;
    %pushi/vec4 0, 0, 1;
    %store/vec4 v0x128a280_0, 0, 1;
    %delay 10, 0;
    %pushi/vec4 1, 0, 1;
    %store/vec4 v0x128a1c0_0, 0, 1;
    %pushi/vec4 0, 0, 1;
    %store/vec4 v0x128a280_0, 0, 1;
    %delay 10, 0;
    %pushi/vec4 0, 0, 1;
    %store/vec4 v0x128a1c0_0, 0, 1;
    %pushi/vec4 0, 0, 1;
    %store/vec4 v0x128a280_0, 0, 1;
    %delay 10, 0;
    %pushi/vec4 0, 0, 1;
    %store/vec4 v0x128a1c0_0, 0, 1;
    %pushi/vec4 1, 0, 1;
    %store/vec4 v0x128a280_0, 0, 1;
    %delay 10, 0;
    %load/vec4 v0x128a0c0_0;
    %addi 1, 0, 32;
    %store/vec4 v0x128a0c0_0, 0, 32;
    %jmp T_3.4;
T_3.5 ;
    %pushi/vec4 1, 0, 1;
    %store/vec4 v0x128a730_0, 0, 1;
    %pushi/vec4 0, 0, 1;
    %store/vec4 v0x128a1c0_0, 0, 1;
    %pushi/vec4 0, 0, 1;
    %store/vec4 v0x128a280_0, 0, 1;
    %delay 10, 0;
    %pushi/vec4 1, 0, 1;
    %store/vec4 v0x128a1c0_0, 0, 1;
    %pushi/vec4 0, 0, 1;
    %store/vec4 v0x128a280_0, 0, 1;
    %delay 10, 0;
    %pushi/vec4 0, 0, 1;
    %store/vec4 v0x128a1c0_0, 0, 1;
    %pushi/vec4 0, 0, 1;
    %store/vec4 v0x128a280_0, 0, 1;
    %delay 10, 0;
    %pushi/vec4 0, 0, 1;
    %store/vec4 v0x128a1c0_0, 0, 1;
    %pushi/vec4 1, 0, 1;
    %store/vec4 v0x128a280_0, 0, 1;
    %delay 10, 0;
    %pushi/vec4 0, 0, 1;
    %store/vec4 v0x128a730_0, 0, 1;
    %pushi/vec4 0, 0, 32;
    %store/vec4 v0x128a0c0_0, 0, 32;
T_3.6 ;
    %load/vec4 v0x128a0c0_0;
    %cmpi/s 3, 0, 32;
    %jmp/0xz T_3.7, 5;
    %pushi/vec4 0, 0, 1;
    %store/vec4 v0x128a1c0_0, 0, 1;
    %pushi/vec4 0, 0, 1;
    %store/vec4 v0x128a280_0, 0, 1;
    %delay 10, 0;
    %pushi/vec4 1, 0, 1;
    %store/vec4 v0x128a1c0_0, 0, 1;
    %pushi/vec4 0, 0, 1;
    %store/vec4 v0x128a280_0, 0, 1;
    %delay 10, 0;
    %pushi/vec4 0, 0, 1;
    %store/vec4 v0x128a1c0_0, 0, 1;
    %pushi/vec4 0, 0, 1;
    %store/vec4 v0x128a280_0, 0, 1;
    %delay 10, 0;
    %pushi/vec4 0, 0, 1;
    %store/vec4 v0x128a1c0_0, 0, 1;
    %pushi/vec4 1, 0, 1;
    %store/vec4 v0x128a280_0, 0, 1;
    %delay 10, 0;
    %load/vec4 v0x128a0c0_0;
    %addi 1, 0, 32;
    %store/vec4 v0x128a0c0_0, 0, 32;
    %jmp T_3.6;
T_3.7 ;
    %pushi/vec4 1, 0, 1;
    %store/vec4 v0x128a350_0, 0, 1;
    %pushi/vec4 40, 0, 6;
    %store/vec4 v0x128a4c0_0, 0, 6;
    %pushi/vec4 0, 0, 1;
    %store/vec4 v0x128a1c0_0, 0, 1;
    %pushi/vec4 0, 0, 1;
    %store/vec4 v0x128a280_0, 0, 1;
    %delay 10, 0;
    %pushi/vec4 1, 0, 1;
    %store/vec4 v0x128a1c0_0, 0, 1;
    %pushi/vec4 0, 0, 1;
    %store/vec4 v0x128a280_0, 0, 1;
    %delay 10, 0;
    %pushi/vec4 0, 0, 1;
    %store/vec4 v0x128a1c0_0, 0, 1;
    %pushi/vec4 0, 0, 1;
    %store/vec4 v0x128a280_0, 0, 1;
    %delay 10, 0;
    %pushi/vec4 0, 0, 1;
    %store/vec4 v0x128a1c0_0, 0, 1;
    %pushi/vec4 1, 0, 1;
    %store/vec4 v0x128a280_0, 0, 1;
    %delay 10, 0;
    %pushi/vec4 0, 0, 1;
    %store/vec4 v0x128a350_0, 0, 1;
    %pushi/vec4 0, 0, 32;
    %store/vec4 v0x128a0c0_0, 0, 32;
T_3.8 ;
    %load/vec4 v0x128a0c0_0;
    %cmpi/s 12, 0, 32;
    %jmp/0xz T_3.9, 5;
    %pushi/vec4 0, 0, 1;
    %store/vec4 v0x128a1c0_0, 0, 1;
    %pushi/vec4 0, 0, 1;
    %store/vec4 v0x128a280_0, 0, 1;
    %delay 10, 0;
    %pushi/vec4 1, 0, 1;
    %store/vec4 v0x128a1c0_0, 0, 1;
    %pushi/vec4 0, 0, 1;
    %store/vec4 v0x128a280_0, 0, 1;
    %delay 10, 0;
    %pushi/vec4 0, 0, 1;
    %store/vec4 v0x128a1c0_0, 0, 1;
    %pushi/vec4 0, 0, 1;
    %store/vec4 v0x128a280_0, 0, 1;
    %delay 10, 0;
    %pushi/vec4 0, 0, 1;
    %store/vec4 v0x128a1c0_0, 0, 1;
    %pushi/vec4 1, 0, 1;
    %store/vec4 v0x128a280_0, 0, 1;
    %delay 10, 0;
    %load/vec4 v0x128a0c0_0;
    %addi 1, 0, 32;
    %store/vec4 v0x128a0c0_0, 0, 32;
    %jmp T_3.8;
T_3.9 ;
    %vpi_call 2 140 "$dumpfile", "player_bullet_fsm_tb.vcd" {0 0 0};
    %vpi_call 2 141 "$dumpvars" {0 0 0};
    %vpi_call 2 142 "$display", "in_clka, \011 in_clkb, \011 in_reset, \011 in_fire, \011 in_player_coord_x, \011 in_player_coord_y, \011 out_display, \011 out_player_bullet_coord_x, \011 out_player_bullet_coord_y, \011 out_state" {0 0 0};
    %vpi_call 2 144 "$stop" {0 0 0};
    %end;
    .thread T_3;
# The file index is used to find the file name in the following table.
:file_names 4;
    "N/A";
    "<interactive>";
    "testbench.v";
    "player_bullet_fsm.v";
