
                           Design Compiler Graphical 
                                 DC Ultra (TM)
                                  DFTMAX (TM)
                              Power Compiler (TM)
                                 DesignWare (R)
                                 DC Expert (TM)
                               Design Vision (TM)
                               HDL Compiler (TM)
                               VHDL Compiler (TM)
                                  DFT Compiler
                               Design Compiler(R)

               Version U-2022.12-SP7 for linux64 - Oct 10, 2023 

                    Copyright (c) 1988 - 2023 Synopsys, Inc.
   This software and the associated documentation are proprietary to Synopsys,
 Inc. This software may only be used in accordance with the terms and conditions
 of a written license agreement with Synopsys, Inc. All other use, reproduction,
   or distribution of this software is strictly prohibited.  Licensed Products
     communicate with Synopsys servers for the purpose of providing software
    updates, detecting software piracy and verifying that customers are using
    Licensed Products in conformity with the applicable License Key for such
  Licensed Products. Synopsys will use information gathered in connection with
    this process to deliver software updates and pursue software pirates and
                                   infringers.

 Inclusivity & Diversity - Visit SolvNetPlus to read the "Synopsys Statement on
            Inclusivity and Diversity" (Refer to article 000036315 at
                        https://solvnetplus.synopsys.com)
Initializing...
Current time:       Wed Apr 15 22:15:59 2026
Hostname:           opal.clear8.rice.edu
CPU Model:          Intel(R) Xeon(R) CPU E5-2640 v4 @ 2.40GHz
CPU Details:        Cores = 40 : Sockets = 2 : Cache Size = 25600 KB : Freq = 3.40 GHz
OS:                 Linux 4.18.0-553.89.1.el8_10.x86_64
RAM:                125 GB (Free  31 GB)
Swap:                15 GB (Free  15 GB)
Work Filesystem:    /storage-home/e/ely2 mounted to clearstor.clear.rice.edu:/clear-home/ely2
Tmp Filesystem:     /tmp mounted to /dev/mapper/vg0-tmp
Work Disk:          5038 GB (Free 804 GB)
Tmp Disk:             5 GB (Free   5 GB)

CPU Load: 12%, Ram Free: 31 GB, Swap Free: 15 GB, Work Disk Free: 804 GB, Tmp Disk Free: 5 GB
#/**************************************************/
#/* Compile Script for Synopsys                    */
#/*                                                */
#/* dc_shell-t -f compile_dc.tcl                   */
#/*                                                */
#/* OSU FreePDK 45nm                               */
#/* Modified for OSU ami05 - Rice U. 2018          */
#/*                                                */
#/**************************************************/
#/* User Input Data Section: List files, module, clock, frequency below. */
#/* Edit this part only of the file.                                     */
#/* Add all verilog files, separated by spaces after keyword "list"      */
set my_verilog_files [list top.v datapath.v main_game_fsm.v player_fsm.v shield_fsm.v player_bullet_fsm.v invader_fsm.v invader_bullet_fsm.v]
top.v datapath.v main_game_fsm.v player_fsm.v shield_fsm.v player_bullet_fsm.v invader_fsm.v invader_bullet_fsm.v
#/* Top-level Module Name update                             */
set my_toplevel top
top
#/* The name of the clock pin. If no clock-pin     */
#/* exists, pick anything                          */
#/* For two phase clock, just list clka here       */
set my_clock_pin clka
clka
#/* Target frequency in MHz for optimization       */
set my_clk_freq_MHz 50
50
#/* Delay of input signals (Clock-to-Q, Package etc.)  */
set my_input_delay_ns 1
1
#/* Reserved time for output signals (Holdtime etc.)   */
set my_output_delay_ns 1
1
#/********************************************************************/
#/********************************************************************/
#/* No modifications needed below. Do not edit or remove.            */
#/*                                                                  */
#/* Paths updated for Rice U. on CLEAR cluster 2018.                 */
#/********************************************************************/
#/********************************************************************/
#/* Start of Synopsys library cells location data.               */
set OSUcells "/clear/apps/osu/soc/synopsys/lib/ami05"
/clear/apps/osu/soc/synopsys/lib/ami05
set search_path [concat  $search_path $OSUcells]
. /clear/apps/synopsys-2023/syn/latest/libraries/syn /clear/apps/synopsys-2023/syn/latest/dw/syn_ver /clear/apps/synopsys-2023/syn/latest/dw/sim_ver /clear/apps/osu/soc/synopsys/lib/ami05
set alib_library_analysis_path $OSUcells
/clear/apps/osu/soc/synopsys/lib/ami05
set link_library [set target_library [concat  [list osu05_stdcells.db] [list dw_foundation.sldb]]]
osu05_stdcells.db dw_foundation.sldb
set target_library "osu05_stdcells.db"
osu05_stdcells.db
#/* End of Synopsys library cells location data.                  */
define_design_lib WORK -path ./WORK
1
set verilogout_show_unconnected_pins "true"
true
analyze -f verilog $my_verilog_files
Running PRESTO HDLC
Compiling source file ./top.v
Error:  ./top.v:93: Syntax error at or near token ')'. (VER-294)
Error:  ./top.v:277: Instantiation shield_fsm has mixed ordered and named port connections (VER-147)
Error:  ./top.v:292: Syntax error at or near token '.'. (VER-294)
Compiling source file ./datapath.v
Compiling source file ./main_game_fsm.v
Warning:  ./main_game_fsm.v:53: Parameter keyword used in local parameter declaration. (VER-329)
Compiling source file ./player_fsm.v
Warning:  ./player_fsm.v:33: Parameter keyword used in local parameter declaration. (VER-329)
Compiling source file ./shield_fsm.v
Warning:  ./shield_fsm.v:40: Parameter keyword used in local parameter declaration. (VER-329)
Compiling source file ./player_bullet_fsm.v
Warning:  ./player_bullet_fsm.v:31: Parameter keyword used in local parameter declaration. (VER-329)
Compiling source file ./invader_fsm.v
Warning:  ./invader_fsm.v:42: Parameter keyword used in local parameter declaration. (VER-329)
Compiling source file ./invader_bullet_fsm.v
Warning:  ./invader_bullet_fsm.v:37: Parameter keyword used in local parameter declaration. (VER-329)
*** Presto compilation terminated with 3 errors. ***
Loading db file '/clear/apps/osu/soc/synopsys/lib/ami05/osu05_stdcells.db'
Loading db file '/clear/apps/synopsys-2023/syn/latest/libraries/syn/dw_foundation.sldb'
0
elaborate $my_toplevel
Loading db file '/clear/apps/synopsys-2023/syn/latest/libraries/syn/gtech.db'
Loading db file '/clear/apps/synopsys-2023/syn/latest/libraries/syn/standard.sldb'
  Loading link library 'osu05_stdcells'
  Loading link library 'gtech'
Running PRESTO HDLC
Warning:  File /storage-home/e/ely2/ELEC422/project/elec422_space_invaders/Synthesis/WORK/top-verilog.pvl not found, or does not contain a usable description of top. (ELAB-320)
Presto compilation completed successfully.
0
current_design $my_toplevel
Error: Can't find design 'top'. (UID-109)
Error: Current design is not defined. (UID-4)
link
Error: Current design is not defined. (UID-4)
0
uniquify
Error: Current design is not defined. (UID-4)
0
set my_period [expr 1000 / $my_clk_freq_MHz]
20
set find_clock [ find port [list $my_clock_pin] ]
Error: Current design is not defined. (UID-4)
Error: Can't find port 'clka'. (UID-109)
if {  $find_clock != [list] } {
   set clk_name $my_clock_pin
   create_clock -period $my_period $clk_name
} else {
   set clk_name vclk
   create_clock -period $my_period -name $clk_name
}
Error: Current design is not defined. (UID-4)
0
set_driving_cell  -lib_cell INVX1  [all_inputs]
Error: Current design is not defined. (UID-4)
Error: Value for list 'port_list' must have 1 elements. (CMD-036)
0
set_input_delay $my_input_delay_ns -clock $clk_name [remove_from_collection [all_inputs] $my_clock_pin]
Error: Current design is not defined. (UID-4)
Error: Current design is not defined. (UID-4)
Error: Can't find clock 'vclk'. (UID-109)
Error: Value for list '-clock' must have 1 elements. (CMD-036)
Error: Value for list 'port_pin_list' must have 1 elements. (CMD-036)
0
set_output_delay $my_output_delay_ns -clock $clk_name [all_outputs]
Error: Current design is not defined. (UID-4)
Error: Current design is not defined. (UID-4)
Error: Can't find clock 'vclk'. (UID-109)
Error: Value for list '-clock' must have 1 elements. (CMD-036)
Error: Value for list 'port_pin_list' must have 1 elements. (CMD-036)
0
compile -ungroup_all -map_effort medium
Error: Current design is not defined. (UID-4)
0
compile -incremental_mapping -map_effort medium
Error: Current design is not defined. (UID-4)
0
check_design
Error: Current design is not defined. (UID-4)
0
report_constraint -all_violators
Error: Current design is not defined. (UID-4)
0
set filename [format "%s%s"  $my_toplevel ".vh"]
top.vh
write -f verilog -output $filename
Error: No files or designs were specified. (UID-22)
0
set filename [format "%s%s"  $my_toplevel ".sdc"]
top.sdc
write_sdc $filename
Error: Current design is not defined. (UID-4)
0
report_cell 
Error: Current design is not defined. (UID-4)
0
report_area 
Error: Current design is not defined. (UID-4)
0
report_timing -path full -delay max -max_paths 3 -nworst 1
Error: Current design is not defined. (UID-4)
0
report_power
Error: Current design is not defined. (UID-4)
0
redirect timing.rep { report_timing }
redirect cell.rep { report_cell }
redirect power.rep { report_power }
quit

Memory usage for this session 88 Mbytes.
Memory usage for this session including child processes 88 Mbytes.
CPU usage for this session 4 seconds ( 0.00 hours ).
Elapsed time for this session 5 seconds ( 0.00 hours ).

Thank you...
