
                           Design Compiler Graphical 
                                 DC Ultra (TM)
                                  DFTMAX (TM)
                              Power Compiler (TM)
                                 DesignWare (R)
                                 DC Expert (TM)
                               Design Vision (TM)
                               HDL Compiler (TM)
                               VHDL Compiler (TM)
                                  DFT Compiler
                               Design Compiler(R)

               Version U-2022.12-SP7 for linux64 - Oct 10, 2023 

                    Copyright (c) 1988 - 2023 Synopsys, Inc.
   This software and the associated documentation are proprietary to Synopsys,
 Inc. This software may only be used in accordance with the terms and conditions
 of a written license agreement with Synopsys, Inc. All other use, reproduction,
   or distribution of this software is strictly prohibited.  Licensed Products
     communicate with Synopsys servers for the purpose of providing software
    updates, detecting software piracy and verifying that customers are using
    Licensed Products in conformity with the applicable License Key for such
  Licensed Products. Synopsys will use information gathered in connection with
    this process to deliver software updates and pursue software pirates and
                                   infringers.

 Inclusivity & Diversity - Visit SolvNetPlus to read the "Synopsys Statement on
            Inclusivity and Diversity" (Refer to article 000036315 at
                        https://solvnetplus.synopsys.com)
Initializing...
Current time:       Wed Apr 15 17:59:56 2026
Hostname:           opal.clear8.rice.edu
CPU Model:          Intel(R) Xeon(R) CPU E5-2640 v4 @ 2.40GHz
CPU Details:        Cores = 40 : Sockets = 2 : Cache Size = 25600 KB : Freq = 3.40 GHz
OS:                 Linux 4.18.0-553.89.1.el8_10.x86_64
RAM:                125 GB (Free  29 GB)
Swap:                15 GB (Free  15 GB)
Work Filesystem:    /storage-home/d/dn55 mounted to clearstor.clear.rice.edu:/clear-home/dn55
Tmp Filesystem:     /tmp mounted to /dev/mapper/vg0-tmp
Work Disk:          5038 GB (Free 803 GB)
Tmp Disk:             5 GB (Free   5 GB)

CPU Load: 13%, Ram Free: 29 GB, Swap Free: 15 GB, Work Disk Free: 803 GB, Tmp Disk Free: 5 GB
#/**************************************************/
#/* Compile Script for Synopsys                    */
#/*                                                */
#/* dc_shell-t -f compile_dc.tcl                   */
#/*                                                */
#/* OSU FreePDK 45nm                               */
#/* Modified for OSU ami05 - Rice U. 2018          */
#/*                                                */
#/**************************************************/
#/* User Input Data Section: List files, module, clock, frequency below. */
#/* Edit this part only of the file.                                     */
#/* Add all verilog files, separated by spaces after keyword "list"      */
set my_verilog_files [list main_game_fsm.v]
main_game_fsm.v
#/* Top-level Module Name update                             */
set my_toplevel main_game_fsm
main_game_fsm
#/* The name of the clock pin. If no clock-pin     */
#/* exists, pick anything                          */
#/* For two phase clock, just list clka here       */
set my_clock_pin clka
clka
#/* Target frequency in MHz for optimization       */
set my_clk_freq_MHz 50
50
#/* Delay of input signals (Clock-to-Q, Package etc.)  */
set my_input_delay_ns 1
1
#/* Reserved time for output signals (Holdtime etc.)   */
set my_output_delay_ns 1
1
#/********************************************************************/
#/********************************************************************/
#/* No modifications needed below. Do not edit or remove.            */
#/*                                                                  */
#/* Paths updated for Rice U. on CLEAR cluster 2018.                 */
#/********************************************************************/
#/********************************************************************/
#/* Start of Synopsys library cells location data.               */
set OSUcells "/clear/apps/osu/soc/synopsys/lib/ami05"
/clear/apps/osu/soc/synopsys/lib/ami05
set search_path [concat  $search_path $OSUcells]
. /clear/apps/synopsys-2023/syn/latest/libraries/syn /clear/apps/synopsys-2023/syn/latest/dw/syn_ver /clear/apps/synopsys-2023/syn/latest/dw/sim_ver /clear/apps/osu/soc/synopsys/lib/ami05
set alib_library_analysis_path $OSUcells
/clear/apps/osu/soc/synopsys/lib/ami05
set link_library [set target_library [concat  [list osu05_stdcells.db] [list dw_foundation.sldb]]]
osu05_stdcells.db dw_foundation.sldb
set target_library "osu05_stdcells.db"
osu05_stdcells.db
#/* End of Synopsys library cells location data.                  */
define_design_lib WORK -path ./WORK
1
set verilogout_show_unconnected_pins "true"
true
analyze -f verilog $my_verilog_files
Running PRESTO HDLC
Compiling source file ./main_game_fsm.v
Warning:  ./main_game_fsm.v:53: Parameter keyword used in local parameter declaration. (VER-329)
Presto compilation completed successfully.
Loading db file '/clear/apps/osu/soc/synopsys/lib/ami05/osu05_stdcells.db'
Loading db file '/clear/apps/synopsys-2023/syn/latest/libraries/syn/dw_foundation.sldb'
1
elaborate $my_toplevel
Loading db file '/clear/apps/synopsys-2023/syn/latest/libraries/syn/gtech.db'
Loading db file '/clear/apps/synopsys-2023/syn/latest/libraries/syn/standard.sldb'
  Loading link library 'osu05_stdcells'
  Loading link library 'gtech'
Running PRESTO HDLC

Statistics for case statements in always block at line 96 in file
	'./main_game_fsm.v'
===============================================
|           Line           |  full/ parallel  |
===============================================
|            97            |    auto/auto     |
===============================================

Statistics for case statements in always block at line 129 in file
	'./main_game_fsm.v'
===============================================
|           Line           |  full/ parallel  |
===============================================
|           141            |    auto/auto     |
===============================================

Inferred memory devices in process
	in routine main_game_fsm line 120 in file
		'./main_game_fsm.v'.
===============================================================================
|    Register Name    |   Type    | Width | Bus | MB | AR | AS | SR | SS | ST |
===============================================================================
|   next_state_reg    | Flip-flop |   2   |  Y  | N  | N  | N  | N  | N  | N  |
===============================================================================

Inferred memory devices in process
	in routine main_game_fsm line 129 in file
		'./main_game_fsm.v'.
========================================================================================
|        Register Name         |   Type    | Width | Bus | MB | AR | AS | SR | SS | ST |
========================================================================================
|          reset_reg           | Flip-flop |   1   |  N  | N  | N  | N  | N  | N  | N  |
|    invaderbullet_fire_reg    | Flip-flop |   1   |  N  | N  | N  | N  | N  | N  | N  |
|    invader_direction_reg     | Flip-flop |   1   |  N  | N  | N  | N  | N  | N  | N  |
|    playerbullet_fire_reg     | Flip-flop |   1   |  N  | N  | N  | N  | N  | N  | N  |
| prev_invader_outofbounds_reg | Flip-flop |   1   |  N  | N  | N  | N  | N  | N  | N  |
|        move_down_reg         | Flip-flop |   1   |  N  | N  | N  | N  | N  | N  | N  |
|          state_reg           | Flip-flop |   2   |  Y  | N  | N  | N  | N  | N  | N  |
|    player_left_motion_reg    | Flip-flop |   1   |  N  | N  | N  | N  | N  | N  | N  |
|   player_right_motion_reg    | Flip-flop |   1   |  N  | N  | N  | N  | N  | N  | N  |
|           play_reg           | Flip-flop |   1   |  N  | N  | N  | N  | N  | N  | N  |
========================================================================================
Presto compilation completed successfully. (main_game_fsm)
Elaborated 1 design.
Current design is now 'main_game_fsm'.
1
current_design $my_toplevel
Current design is 'main_game_fsm'.
{main_game_fsm}
link

  Linking design 'main_game_fsm'
  Using the following designs and libraries:
  --------------------------------------------------------------------------
  osu05_stdcells (library)    /clear/apps/osu/soc/synopsys/lib/ami05/osu05_stdcells.db
  dw_foundation.sldb (library) /clear/apps/synopsys-2023/syn/latest/libraries/syn/dw_foundation.sldb

1
uniquify
1
set my_period [expr 1000 / $my_clk_freq_MHz]
20
set find_clock [ find port [list $my_clock_pin] ]
{clka}
if {  $find_clock != [list] } {
   set clk_name $my_clock_pin
   create_clock -period $my_period $clk_name
} else {
   set clk_name vclk
   create_clock -period $my_period -name $clk_name
}
1
set_driving_cell  -lib_cell INVX1  [all_inputs]
Warning: Design rule attributes from the driving cell will be set on the port 'clka'. (UID-401)
Warning: Design rule attributes from the driving cell will be set on the port 'clkb'. (UID-401)
Warning: Design rule attributes from the driving cell will be set on the port 'global_reset'. (UID-401)
Warning: Design rule attributes from the driving cell will be set on the port 'player_left_input'. (UID-401)
Warning: Design rule attributes from the driving cell will be set on the port 'player_right_input'. (UID-401)
Warning: Design rule attributes from the driving cell will be set on the port 'player_shoot_input'. (UID-401)
Warning: Design rule attributes from the driving cell will be set on the port 'player_display'. (UID-401)
Warning: Design rule attributes from the driving cell will be set on the port 'player_coordinate_x[5]'. (UID-401)
Warning: Design rule attributes from the driving cell will be set on the port 'player_coordinate_x[4]'. (UID-401)
Warning: Design rule attributes from the driving cell will be set on the port 'player_coordinate_x[3]'. (UID-401)
Warning: Design rule attributes from the driving cell will be set on the port 'player_coordinate_x[2]'. (UID-401)
Warning: Design rule attributes from the driving cell will be set on the port 'player_coordinate_x[1]'. (UID-401)
Warning: Design rule attributes from the driving cell will be set on the port 'player_coordinate_x[0]'. (UID-401)
Warning: Design rule attributes from the driving cell will be set on the port 'player_coordinate_y[5]'. (UID-401)
Warning: Design rule attributes from the driving cell will be set on the port 'player_coordinate_y[4]'. (UID-401)
Warning: Design rule attributes from the driving cell will be set on the port 'player_coordinate_y[3]'. (UID-401)
Warning: Design rule attributes from the driving cell will be set on the port 'player_coordinate_y[2]'. (UID-401)
Warning: Design rule attributes from the driving cell will be set on the port 'player_coordinate_y[1]'. (UID-401)
Warning: Design rule attributes from the driving cell will be set on the port 'player_coordinate_y[0]'. (UID-401)
Warning: Design rule attributes from the driving cell will be set on the port 'invaders_display[3]'. (UID-401)
Warning: Design rule attributes from the driving cell will be set on the port 'invaders_display[2]'. (UID-401)
Warning: Design rule attributes from the driving cell will be set on the port 'invaders_display[1]'. (UID-401)
Warning: Design rule attributes from the driving cell will be set on the port 'invaders_display[0]'. (UID-401)
Warning: Design rule attributes from the driving cell will be set on the port 'invader1_coordinate_x[5]'. (UID-401)
Warning: Design rule attributes from the driving cell will be set on the port 'invader1_coordinate_x[4]'. (UID-401)
Warning: Design rule attributes from the driving cell will be set on the port 'invader1_coordinate_x[3]'. (UID-401)
Warning: Design rule attributes from the driving cell will be set on the port 'invader1_coordinate_x[2]'. (UID-401)
Warning: Design rule attributes from the driving cell will be set on the port 'invader1_coordinate_x[1]'. (UID-401)
Warning: Design rule attributes from the driving cell will be set on the port 'invader1_coordinate_x[0]'. (UID-401)
Warning: Design rule attributes from the driving cell will be set on the port 'invader1_coordinate_y[5]'. (UID-401)
Warning: Design rule attributes from the driving cell will be set on the port 'invader1_coordinate_y[4]'. (UID-401)
Warning: Design rule attributes from the driving cell will be set on the port 'invader1_coordinate_y[3]'. (UID-401)
Warning: Design rule attributes from the driving cell will be set on the port 'invader1_coordinate_y[2]'. (UID-401)
Warning: Design rule attributes from the driving cell will be set on the port 'invader1_coordinate_y[1]'. (UID-401)
Warning: Design rule attributes from the driving cell will be set on the port 'invader1_coordinate_y[0]'. (UID-401)
Warning: Design rule attributes from the driving cell will be set on the port 'invader2_coordinate_x[5]'. (UID-401)
Warning: Design rule attributes from the driving cell will be set on the port 'invader2_coordinate_x[4]'. (UID-401)
Warning: Design rule attributes from the driving cell will be set on the port 'invader2_coordinate_x[3]'. (UID-401)
Warning: Design rule attributes from the driving cell will be set on the port 'invader2_coordinate_x[2]'. (UID-401)
Warning: Design rule attributes from the driving cell will be set on the port 'invader2_coordinate_x[1]'. (UID-401)
Warning: Design rule attributes from the driving cell will be set on the port 'invader2_coordinate_x[0]'. (UID-401)
Warning: Design rule attributes from the driving cell will be set on the port 'invader2_coordinate_y[5]'. (UID-401)
Warning: Design rule attributes from the driving cell will be set on the port 'invader2_coordinate_y[4]'. (UID-401)
Warning: Design rule attributes from the driving cell will be set on the port 'invader2_coordinate_y[3]'. (UID-401)
Warning: Design rule attributes from the driving cell will be set on the port 'invader2_coordinate_y[2]'. (UID-401)
Warning: Design rule attributes from the driving cell will be set on the port 'invader2_coordinate_y[1]'. (UID-401)
Warning: Design rule attributes from the driving cell will be set on the port 'invader2_coordinate_y[0]'. (UID-401)
Warning: Design rule attributes from the driving cell will be set on the port 'invader3_coordinate_x[5]'. (UID-401)
Warning: Design rule attributes from the driving cell will be set on the port 'invader3_coordinate_x[4]'. (UID-401)
Warning: Design rule attributes from the driving cell will be set on the port 'invader3_coordinate_x[3]'. (UID-401)
Warning: Design rule attributes from the driving cell will be set on the port 'invader3_coordinate_x[2]'. (UID-401)
Warning: Design rule attributes from the driving cell will be set on the port 'invader3_coordinate_x[1]'. (UID-401)
Warning: Design rule attributes from the driving cell will be set on the port 'invader3_coordinate_x[0]'. (UID-401)
Warning: Design rule attributes from the driving cell will be set on the port 'invader3_coordinate_y[5]'. (UID-401)
Warning: Design rule attributes from the driving cell will be set on the port 'invader3_coordinate_y[4]'. (UID-401)
Warning: Design rule attributes from the driving cell will be set on the port 'invader3_coordinate_y[3]'. (UID-401)
Warning: Design rule attributes from the driving cell will be set on the port 'invader3_coordinate_y[2]'. (UID-401)
Warning: Design rule attributes from the driving cell will be set on the port 'invader3_coordinate_y[1]'. (UID-401)
Warning: Design rule attributes from the driving cell will be set on the port 'invader3_coordinate_y[0]'. (UID-401)
Warning: Design rule attributes from the driving cell will be set on the port 'invader4_coordinate_x[5]'. (UID-401)
Warning: Design rule attributes from the driving cell will be set on the port 'invader4_coordinate_x[4]'. (UID-401)
Warning: Design rule attributes from the driving cell will be set on the port 'invader4_coordinate_x[3]'. (UID-401)
Warning: Design rule attributes from the driving cell will be set on the port 'invader4_coordinate_x[2]'. (UID-401)
Warning: Design rule attributes from the driving cell will be set on the port 'invader4_coordinate_x[1]'. (UID-401)
Warning: Design rule attributes from the driving cell will be set on the port 'invader4_coordinate_x[0]'. (UID-401)
Warning: Design rule attributes from the driving cell will be set on the port 'invader4_coordinate_y[5]'. (UID-401)
Warning: Design rule attributes from the driving cell will be set on the port 'invader4_coordinate_y[4]'. (UID-401)
Warning: Design rule attributes from the driving cell will be set on the port 'invader4_coordinate_y[3]'. (UID-401)
Warning: Design rule attributes from the driving cell will be set on the port 'invader4_coordinate_y[2]'. (UID-401)
Warning: Design rule attributes from the driving cell will be set on the port 'invader4_coordinate_y[1]'. (UID-401)
Warning: Design rule attributes from the driving cell will be set on the port 'invader4_coordinate_y[0]'. (UID-401)
Warning: Design rule attributes from the driving cell will be set on the port 'invaderbullet_coord_x[5]'. (UID-401)
Warning: Design rule attributes from the driving cell will be set on the port 'invaderbullet_coord_x[4]'. (UID-401)
Warning: Design rule attributes from the driving cell will be set on the port 'invaderbullet_coord_x[3]'. (UID-401)
Warning: Design rule attributes from the driving cell will be set on the port 'invaderbullet_coord_x[2]'. (UID-401)
Warning: Design rule attributes from the driving cell will be set on the port 'invaderbullet_coord_x[1]'. (UID-401)
Warning: Design rule attributes from the driving cell will be set on the port 'invaderbullet_coord_x[0]'. (UID-401)
Warning: Design rule attributes from the driving cell will be set on the port 'invaderbullet_coord_y[5]'. (UID-401)
Warning: Design rule attributes from the driving cell will be set on the port 'invaderbullet_coord_y[4]'. (UID-401)
Warning: Design rule attributes from the driving cell will be set on the port 'invaderbullet_coord_y[3]'. (UID-401)
Warning: Design rule attributes from the driving cell will be set on the port 'invaderbullet_coord_y[2]'. (UID-401)
Warning: Design rule attributes from the driving cell will be set on the port 'invaderbullet_coord_y[1]'. (UID-401)
Warning: Design rule attributes from the driving cell will be set on the port 'invaderbullet_coord_y[0]'. (UID-401)
Warning: Design rule attributes from the driving cell will be set on the port 'invaderbullet_player_collision_signal'. (UID-401)
Warning: Design rule attributes from the driving cell will be set on the port 'invaderbullet_shield_collision_signal'. (UID-401)
Warning: Design rule attributes from the driving cell will be set on the port 'invader_outofbounds_signal_1'. (UID-401)
Warning: Design rule attributes from the driving cell will be set on the port 'invader_outofbounds_signal_2'. (UID-401)
Warning: Design rule attributes from the driving cell will be set on the port 'invader_outofbounds_signal_3'. (UID-401)
Warning: Design rule attributes from the driving cell will be set on the port 'invader_outofbounds_signal_4'. (UID-401)
1
set_input_delay $my_input_delay_ns -clock $clk_name [remove_from_collection [all_inputs] $my_clock_pin]
1
set_output_delay $my_output_delay_ns -clock $clk_name [all_outputs]
1
compile -ungroup_all -map_effort medium
CPU Load: 13%, Ram Free: 29 GB, Swap Free: 15 GB, Work Disk Free: 803 GB, Tmp Disk Free: 5 GB
Information: Checking out the license 'DesignWare'. (SEC-104)
Information: Evaluating DesignWare library utilization. (UISN-27)

============================================================================
| DesignWare Building Block Library  |         Version         | Available |
============================================================================
| Basic DW Building Blocks           | U-2022.12-DWBB_202212.5 |     *     |
| Licensed DW Building Blocks        | U-2022.12-DWBB_202212.5 |     *     |
============================================================================

====================================================================================================
| Flow Information                                                                                 |
----------------------------------------------------------------------------------------------------
| Flow         | Design Compiler                                                                   |
====================================================================================================
| Design Information                                      | Value                                  |
====================================================================================================
| Number of Scenarios                                     | 0                                      |
| Leaf Cell Count                                         | 143                                    |
| Number of User Hierarchies                              | 0                                      |
| Sequential Cell Count                                   | 13                                     |
| Macro Count                                             | 0                                      |
| Number of Power Domains                                 | 0                                      |
| Number of Path Groups                                   | 2                                      |
| Number of VT Class                                      | 0                                      |
| Number of Clocks                                        | 1                                      |
| Number of Dont Touch Cells                              | 55                                     |
| Number of Dont Touch Nets                               | 0                                      |
| Number of Size Only Cells                               | 0                                      |
| Design with UPF Data                                    | false                                  |
====================================================================================================

Information: There are 29 potential problems in your design. Please run 'check_design' for more information. (LINT-99)



  Beginning Pass 1 Mapping
  ------------------------
  Processing 'main_game_fsm'
Information: The register 'next_state_reg[1]' is a constant and will be removed. (OPT-1206)
Information: The register 'state_reg[1]' is a constant and will be removed. (OPT-1206)

  Updating timing information
Information: Updating design information... (UID-85)

  Beginning Implementation Selection
  ----------------------------------
  Mapping 'DW_cmp'
Information: Added key list 'DesignWare' to design 'main_game_fsm'. (DDB-72)
  Mapping 'DW_cmp'
  Mapping 'DW_cmp'
  Processing 'DW01_sub_width6_DW01_sub_0'
  Processing 'DW01_sub_width6_DW01_sub_1'
  Mapping 'DW_cmp'
  Processing 'DW01_sub_width6_DW01_sub_2'
  Processing 'DW01_sub_width6_DW01_sub_3'
  Mapping 'DW_cmp'
  Mapping 'DW_cmp'
  Processing 'DW01_sub_width6_DW01_sub_4'
  Processing 'DW01_sub_width6_DW01_sub_5'
  Mapping 'DW_cmp'
  Processing 'DW01_sub_width6_DW01_sub_6'
  Processing 'DW01_sub_width6_DW01_sub_7'
  Mapping 'DW_cmp'
Information: Command 'do_operand_isolation' is obsolete and is being ignored.  Please refer to the replacement command 'set power_enable_datapath_gating true' instead. (INFO-118)

  Beginning Mapping Optimizations  (Medium effort)
  -------------------------------
Information: Command 'do_operand_isolation' is obsolete and is being ignored.  Please refer to the replacement command 'set power_enable_datapath_gating true' instead. (INFO-118)

                                  TOTAL                                      
   ELAPSED            WORST NEG   SETUP    DESIGN                            
    TIME      AREA      SLACK     COST    RULE COST         ENDPOINT         
  --------- --------- --------- --------- --------- -------------------------
    0:00:01  147888.0      0.00       0.0       7.7                          
    0:00:01  147888.0      0.00       0.0       7.7                          
    0:00:01  147888.0      0.00       0.0       7.7                          
    0:00:01  147888.0      0.00       0.0       7.7                          
    0:00:01  147888.0      0.00       0.0       7.7                          
    0:00:01  136800.0      0.00       0.0       7.7                          
    0:00:01  136800.0      0.00       0.0       7.7                          
    0:00:01  136800.0      0.00       0.0       7.7                          
    0:00:01  136800.0      0.00       0.0       7.7                          
    0:00:01  136800.0      0.00       0.0       7.7                          
    0:00:01  136800.0      0.00       0.0       7.7                          
    0:00:01  136800.0      0.00       0.0       7.7                          
    0:00:01  136800.0      0.00       0.0       7.7                          



  Beginning Delay Optimization Phase
  ----------------------------------

                                  TOTAL                                      
   ELAPSED            WORST NEG   SETUP    DESIGN                            
    TIME      AREA      SLACK     COST    RULE COST         ENDPOINT         
  --------- --------- --------- --------- --------- -------------------------
    0:00:01  136800.0      0.00       0.0       7.7                          
    0:00:01  136800.0      0.00       0.0       7.7                          
    0:00:01  136800.0      0.00       0.0       7.7                          


  Beginning Design Rule Fixing  (max_capacitance)
  ----------------------------

                                  TOTAL                                      
   ELAPSED            WORST NEG   SETUP    DESIGN                            
    TIME      AREA      SLACK     COST    RULE COST         ENDPOINT         
  --------- --------- --------- --------- --------- -------------------------
    0:00:01  136800.0      0.00       0.0       7.7                          
    0:00:01  137088.0      0.00       0.0       0.0                          


  Beginning Area-Recovery Phase  (cleanup)
  -----------------------------

                                  TOTAL                                      
   ELAPSED            WORST NEG   SETUP    DESIGN                            
    TIME      AREA      SLACK     COST    RULE COST         ENDPOINT         
  --------- --------- --------- --------- --------- -------------------------
    0:00:01  137088.0      0.00       0.0       0.0                          
    0:00:01  137088.0      0.00       0.0       0.0                          
    0:00:01  135144.0      0.00       0.0       0.0                          
    0:00:01  134640.0      0.00       0.0       0.0                          
    0:00:01  134568.0      0.00       0.0       0.0                          
    0:00:01  134568.0      0.00       0.0       0.0                          
    0:00:01  134568.0      0.00       0.0       0.0                          
    0:00:01  134568.0      0.00       0.0       0.0                          
    0:00:01  134568.0      0.00       0.0       0.0                          
    0:00:01  134568.0      0.00       0.0       0.0                          
    0:00:01  134568.0      0.00       0.0       0.0                          
    0:00:01  134568.0      0.00       0.0       0.0                          
    0:00:01  134568.0      0.00       0.0       0.0                          
    0:00:01  134568.0      0.00       0.0       0.0                          
Loading db file '/clear/apps/osu/soc/synopsys/lib/ami05/osu05_stdcells.db'


Note: Symbol # after min delay cost means estimated hold TNS across all active scenarios 


  Optimization Complete
  ---------------------
CPU Load: 13%, Ram Free: 29 GB, Swap Free: 15 GB, Work Disk Free: 803 GB, Tmp Disk Free: 5 GB
Information: Total number of MV cells in the design.
----------------------------------------------------------------------------------------------------
 MV Cells                                           Total Number                                   
----------------------------------------------------------------------------------------------------
 Level Shifter:                                     0                                             
 Enable Level Shifter:                              0                                             
 Isolation Cell:                                    0                                             
 Retention Cell:                                    0                                             
 Retention Clamp Cell:                              0                                             
 Switch Cell:                                       0                                             
 Always-On Cell:                                    0                                             
 Repeater Cell:                                     0                                             

----------------------------------------------------------------------------------------------------
Unmapped MV Cells 
----------------------------------------------------------------------------------------------------
0 Isolation Cells are unmapped 
0 Retention Clamp Cells are unmapped 
----------------------------------------------------------------------------------------------------
1
compile -incremental_mapping -map_effort medium
CPU Load: 13%, Ram Free: 29 GB, Swap Free: 15 GB, Work Disk Free: 803 GB, Tmp Disk Free: 5 GB
====================================================================================================
| Flow Information                                                                                 |
----------------------------------------------------------------------------------------------------
| Flow         | Design Compiler                                                                   |
====================================================================================================
| Design Information                                      | Value                                  |
====================================================================================================
| Number of Scenarios                                     | 0                                      |
| Leaf Cell Count                                         | 389                                    |
| Number of User Hierarchies                              | 0                                      |
| Sequential Cell Count                                   | 11                                     |
| Macro Count                                             | 0                                      |
| Number of Power Domains                                 | 0                                      |
| Number of Path Groups                                   | 2                                      |
| Number of VT Class                                      | 0                                      |
| Number of Clocks                                        | 1                                      |
| Number of Dont Touch Cells                              | 0                                      |
| Number of Dont Touch Nets                               | 0                                      |
| Number of Size Only Cells                               | 0                                      |
| Design with UPF Data                                    | false                                  |
====================================================================================================

Information: There are 21 potential problems in your design. Please run 'check_design' for more information. (LINT-99)



  Beginning Pass 1 Mapping  (Incremental)
  ------------------------

  Updating timing information
Information: Updating design information... (UID-85)

  Beginning Mapping Optimizations  (Medium effort)  (Incremental)
  -------------------------------

  Beginning Incremental Implementation Selection
  ----------------------------------------------
Information: Command 'do_operand_isolation' is obsolete and is being ignored.  Please refer to the replacement command 'set power_enable_datapath_gating true' instead. (INFO-118)

  Beginning Delay Optimization Phase
  ----------------------------------

                                  TOTAL                                      
   ELAPSED            WORST NEG   SETUP    DESIGN                            
    TIME      AREA      SLACK     COST    RULE COST         ENDPOINT         
  --------- --------- --------- --------- --------- -------------------------
    0:00:01  134568.0      0.00       0.0       0.0                          
    0:00:01  134568.0      0.00       0.0       0.0                          
    0:00:01  134568.0      0.00       0.0       0.0                          
Loading db file '/clear/apps/osu/soc/synopsys/lib/ami05/osu05_stdcells.db'


Note: Symbol # after min delay cost means estimated hold TNS across all active scenarios 


  Optimization Complete
  ---------------------
CPU Load: 13%, Ram Free: 29 GB, Swap Free: 15 GB, Work Disk Free: 803 GB, Tmp Disk Free: 5 GB
Information: Total number of MV cells in the design.
----------------------------------------------------------------------------------------------------
 MV Cells                                           Total Number                                   
----------------------------------------------------------------------------------------------------
 Level Shifter:                                     0                                             
 Enable Level Shifter:                              0                                             
 Isolation Cell:                                    0                                             
 Retention Cell:                                    0                                             
 Retention Clamp Cell:                              0                                             
 Switch Cell:                                       0                                             
 Always-On Cell:                                    0                                             
 Repeater Cell:                                     0                                             

----------------------------------------------------------------------------------------------------
Unmapped MV Cells 
----------------------------------------------------------------------------------------------------
0 Isolation Cells are unmapped 
0 Retention Clamp Cells are unmapped 
----------------------------------------------------------------------------------------------------
1
check_design
 
****************************************
check_design summary:
Version:     U-2022.12-SP7
Date:        Wed Apr 15 17:59:58 2026
****************************************

                   Name                                            Total
--------------------------------------------------------------------------------
Inputs/Outputs                                                     21
    Unconnected ports (LINT-28)                                    20
    Constant outputs (LINT-52)                                      1
--------------------------------------------------------------------------------

Warning: In design 'main_game_fsm', port 'player_coordinate_y[5]' is not connected to any nets. (LINT-28)
Warning: In design 'main_game_fsm', port 'player_coordinate_y[4]' is not connected to any nets. (LINT-28)
Warning: In design 'main_game_fsm', port 'player_coordinate_y[3]' is not connected to any nets. (LINT-28)
Warning: In design 'main_game_fsm', port 'player_coordinate_y[2]' is not connected to any nets. (LINT-28)
Warning: In design 'main_game_fsm', port 'player_coordinate_y[1]' is not connected to any nets. (LINT-28)
Warning: In design 'main_game_fsm', port 'player_coordinate_y[0]' is not connected to any nets. (LINT-28)
Warning: In design 'main_game_fsm', port 'invaderbullet_coord_x[5]' is not connected to any nets. (LINT-28)
Warning: In design 'main_game_fsm', port 'invaderbullet_coord_x[4]' is not connected to any nets. (LINT-28)
Warning: In design 'main_game_fsm', port 'invaderbullet_coord_x[3]' is not connected to any nets. (LINT-28)
Warning: In design 'main_game_fsm', port 'invaderbullet_coord_x[2]' is not connected to any nets. (LINT-28)
Warning: In design 'main_game_fsm', port 'invaderbullet_coord_x[1]' is not connected to any nets. (LINT-28)
Warning: In design 'main_game_fsm', port 'invaderbullet_coord_x[0]' is not connected to any nets. (LINT-28)
Warning: In design 'main_game_fsm', port 'invaderbullet_coord_y[5]' is not connected to any nets. (LINT-28)
Warning: In design 'main_game_fsm', port 'invaderbullet_coord_y[4]' is not connected to any nets. (LINT-28)
Warning: In design 'main_game_fsm', port 'invaderbullet_coord_y[3]' is not connected to any nets. (LINT-28)
Warning: In design 'main_game_fsm', port 'invaderbullet_coord_y[2]' is not connected to any nets. (LINT-28)
Warning: In design 'main_game_fsm', port 'invaderbullet_coord_y[1]' is not connected to any nets. (LINT-28)
Warning: In design 'main_game_fsm', port 'invaderbullet_coord_y[0]' is not connected to any nets. (LINT-28)
Warning: In design 'main_game_fsm', port 'invaderbullet_player_collision_signal' is not connected to any nets. (LINT-28)
Warning: In design 'main_game_fsm', port 'invaderbullet_shield_collision_signal' is not connected to any nets. (LINT-28)
Warning: In design 'main_game_fsm', output port 'state[1]' is connected directly to 'logic 0'. (LINT-52)
1
report_constraint -all_violators
Information: Updating design information... (UID-85)
 
****************************************
Report : constraint
        -all_violators
Design : main_game_fsm
Version: U-2022.12-SP7
Date   : Wed Apr 15 17:59:58 2026
****************************************

This design has no violated constraints.

1
set filename [format "%s%s"  $my_toplevel ".vh"]
main_game_fsm.vh
write -f verilog -output $filename
Writing verilog file '/storage-home/d/dn55/elec422_space_invaders/main_game/Synthesis/main_game_fsm.vh'.
Warning: Verilog 'assign' or 'tran' statements are written out. (VO-4)
1
set filename [format "%s%s"  $my_toplevel ".sdc"]
main_game_fsm.sdc
write_sdc $filename
1
report_cell 
 
****************************************
Report : cell
Design : main_game_fsm
Version: U-2022.12-SP7
Date   : Wed Apr 15 17:59:58 2026
****************************************

Attributes:
    b - black box (unknown)
    h - hierarchical
   mo - map_only
    n - noncombinational
    r - removable
    u - contains unmapped logic

Cell                      Reference       Library             Area  Attributes
--------------------------------------------------------------------------------
U33                       AND2X2          osu05_stdcells  288.000000
U67                       AOI22X1         osu05_stdcells  360.000000
U68                       AOI22X1         osu05_stdcells  360.000000
U69                       OAI21X1         osu05_stdcells  207.000000
U70                       OAI21X1         osu05_stdcells  207.000000
U72                       OAI21X1         osu05_stdcells  207.000000
U77                       NAND2X1         osu05_stdcells  216.000000
U78                       NOR2X1          osu05_stdcells  216.000000
U79                       NOR2X1          osu05_stdcells  216.000000
U81                       AOI21X1         osu05_stdcells  288.000000
U82                       OAI21X1         osu05_stdcells  207.000000
U83                       NAND2X1         osu05_stdcells  216.000000
U84                       NOR2X1          osu05_stdcells  216.000000
U88                       NAND2X1         osu05_stdcells  216.000000
U89                       AOI22X1         osu05_stdcells  360.000000
U90                       AOI22X1         osu05_stdcells  360.000000
U91                       AOI22X1         osu05_stdcells  360.000000
U92                       AOI22X1         osu05_stdcells  360.000000
U93                       AOI22X1         osu05_stdcells  360.000000
U94                       AOI22X1         osu05_stdcells  360.000000
U95                       AOI22X1         osu05_stdcells  360.000000
U96                       AOI22X1         osu05_stdcells  360.000000
U97                       AOI22X1         osu05_stdcells  360.000000
U98                       AOI22X1         osu05_stdcells  360.000000
U99                       AOI22X1         osu05_stdcells  360.000000
U100                      AOI22X1         osu05_stdcells  360.000000
U101                      NAND2X1         osu05_stdcells  216.000000
U102                      AOI22X1         osu05_stdcells  360.000000
U103                      NAND2X1         osu05_stdcells  216.000000
U104                      AOI22X1         osu05_stdcells  360.000000
U105                      NAND2X1         osu05_stdcells  216.000000
U106                      AOI22X1         osu05_stdcells  360.000000
U107                      NAND2X1         osu05_stdcells  216.000000
U108                      AOI22X1         osu05_stdcells  360.000000
U109                      NAND2X1         osu05_stdcells  216.000000
U110                      AOI22X1         osu05_stdcells  360.000000
U111                      NAND2X1         osu05_stdcells  216.000000
U112                      AOI22X1         osu05_stdcells  360.000000
U113                      NAND2X1         osu05_stdcells  216.000000
U114                      AOI22X1         osu05_stdcells  360.000000
U115                      NAND2X1         osu05_stdcells  216.000000
U116                      AOI22X1         osu05_stdcells  360.000000
U117                      NAND2X1         osu05_stdcells  216.000000
U118                      AOI22X1         osu05_stdcells  360.000000
U119                      NAND2X1         osu05_stdcells  216.000000
U120                      AOI22X1         osu05_stdcells  360.000000
U121                      NAND2X1         osu05_stdcells  216.000000
U122                      AOI22X1         osu05_stdcells  360.000000
U123                      NAND2X1         osu05_stdcells  216.000000
U124                      AOI22X1         osu05_stdcells  360.000000
U125                      NAND2X1         osu05_stdcells  216.000000
U126                      AOI22X1         osu05_stdcells  360.000000
U127                      NAND2X1         osu05_stdcells  216.000000
U128                      AOI22X1         osu05_stdcells  360.000000
U129                      NAND2X1         osu05_stdcells  216.000000
U130                      AOI22X1         osu05_stdcells  360.000000
U131                      NAND2X1         osu05_stdcells  216.000000
U132                      AOI22X1         osu05_stdcells  360.000000
U133                      NAND2X1         osu05_stdcells  216.000000
U134                      AOI22X1         osu05_stdcells  360.000000
U135                      NAND2X1         osu05_stdcells  216.000000
U136                      AOI22X1         osu05_stdcells  360.000000
U137                      NAND2X1         osu05_stdcells  216.000000
U138                      AOI22X1         osu05_stdcells  360.000000
U139                      NAND2X1         osu05_stdcells  216.000000
U140                      AOI22X1         osu05_stdcells  360.000000
U141                      NAND2X1         osu05_stdcells  216.000000
U142                      AOI22X1         osu05_stdcells  360.000000
U143                      NAND2X1         osu05_stdcells  216.000000
U144                      AOI22X1         osu05_stdcells  360.000000
U145                      NAND2X1         osu05_stdcells  216.000000
U146                      AOI22X1         osu05_stdcells  360.000000
U147                      NAND2X1         osu05_stdcells  216.000000
U148                      AOI22X1         osu05_stdcells  360.000000
U149                      NAND2X1         osu05_stdcells  216.000000
U150                      AOI22X1         osu05_stdcells  360.000000
U151                      AOI22X1         osu05_stdcells  360.000000
U152                      NAND2X1         osu05_stdcells  216.000000
U153                      AOI22X1         osu05_stdcells  360.000000
U154                      AOI22X1         osu05_stdcells  360.000000
U155                      NAND2X1         osu05_stdcells  216.000000
U156                      AOI22X1         osu05_stdcells  360.000000
U157                      AOI22X1         osu05_stdcells  360.000000
U158                      NAND2X1         osu05_stdcells  216.000000
U159                      AOI22X1         osu05_stdcells  360.000000
U160                      AOI22X1         osu05_stdcells  360.000000
U161                      NAND2X1         osu05_stdcells  216.000000
U162                      AOI22X1         osu05_stdcells  360.000000
U163                      AOI22X1         osu05_stdcells  360.000000
U164                      NAND2X1         osu05_stdcells  216.000000
U165                      AOI22X1         osu05_stdcells  360.000000
U166                      AOI22X1         osu05_stdcells  360.000000
U167                      NAND2X1         osu05_stdcells  216.000000
U168                      AOI22X1         osu05_stdcells  360.000000
U169                      AOI22X1         osu05_stdcells  360.000000
U170                      NAND2X1         osu05_stdcells  216.000000
U171                      AOI22X1         osu05_stdcells  360.000000
U172                      AOI22X1         osu05_stdcells  360.000000
U173                      NAND2X1         osu05_stdcells  216.000000
U174                      AOI22X1         osu05_stdcells  360.000000
U175                      AOI22X1         osu05_stdcells  360.000000
U176                      NAND2X1         osu05_stdcells  216.000000
U177                      AOI22X1         osu05_stdcells  360.000000
U178                      AOI22X1         osu05_stdcells  360.000000
U179                      NAND2X1         osu05_stdcells  216.000000
U180                      AOI22X1         osu05_stdcells  360.000000
U181                      AOI22X1         osu05_stdcells  360.000000
U182                      NAND2X1         osu05_stdcells  216.000000
U183                      AOI22X1         osu05_stdcells  360.000000
U184                      AOI22X1         osu05_stdcells  360.000000
U188                      OAI21X1         osu05_stdcells  207.000000
U189                      NAND3X1         osu05_stdcells  324.000000
U190                      AOI21X1         osu05_stdcells  288.000000
U191                      NOR2X1          osu05_stdcells  216.000000
U192                      NOR2X1          osu05_stdcells  216.000000
U193                      AND2X2          osu05_stdcells  288.000000
U194                      AND2X2          osu05_stdcells  288.000000
U195                      AND2X2          osu05_stdcells  288.000000
U196                      AND2X2          osu05_stdcells  288.000000
U197                      OR2X2           osu05_stdcells  288.000000
U198                      INVX1           osu05_stdcells  144.000000
U199                      INVX2           osu05_stdcells  144.000000
U200                      INVX2           osu05_stdcells  144.000000
U201                      INVX2           osu05_stdcells  144.000000
U202                      INVX2           osu05_stdcells  144.000000
U203                      INVX2           osu05_stdcells  144.000000
U204                      OR2X1           osu05_stdcells  288.000000
U205                      OR2X1           osu05_stdcells  288.000000
U206                      INVX2           osu05_stdcells  144.000000
U207                      INVX2           osu05_stdcells  144.000000
U208                      INVX2           osu05_stdcells  144.000000
U209                      INVX2           osu05_stdcells  144.000000
U210                      INVX2           osu05_stdcells  144.000000
U211                      INVX2           osu05_stdcells  144.000000
U212                      INVX2           osu05_stdcells  144.000000
U213                      INVX2           osu05_stdcells  144.000000
U214                      INVX2           osu05_stdcells  144.000000
U215                      INVX2           osu05_stdcells  144.000000
U216                      BUFX2           osu05_stdcells  216.000000
U217                      BUFX2           osu05_stdcells  216.000000
U218                      BUFX2           osu05_stdcells  216.000000
U219                      BUFX2           osu05_stdcells  216.000000
U220                      BUFX2           osu05_stdcells  216.000000
U221                      BUFX2           osu05_stdcells  216.000000
U222                      BUFX2           osu05_stdcells  216.000000
U223                      BUFX2           osu05_stdcells  216.000000
U224                      INVX2           osu05_stdcells  144.000000
U225                      INVX2           osu05_stdcells  144.000000
U226                      OR2X1           osu05_stdcells  288.000000
U227                      XNOR2X1         osu05_stdcells  504.000000
U228                      OR2X1           osu05_stdcells  288.000000
U229                      XNOR2X1         osu05_stdcells  504.000000
U230                      OR2X1           osu05_stdcells  288.000000
U231                      XNOR2X1         osu05_stdcells  504.000000
U232                      OR2X1           osu05_stdcells  288.000000
U233                      XNOR2X1         osu05_stdcells  504.000000
U234                      OR2X1           osu05_stdcells  288.000000
U235                      XNOR2X1         osu05_stdcells  504.000000
U236                      OR2X1           osu05_stdcells  288.000000
U237                      XNOR2X1         osu05_stdcells  504.000000
U238                      OR2X1           osu05_stdcells  288.000000
U239                      XNOR2X1         osu05_stdcells  504.000000
U240                      OR2X1           osu05_stdcells  288.000000
U241                      XNOR2X1         osu05_stdcells  504.000000
U242                      AND2X2          osu05_stdcells  288.000000
U243                      INVX2           osu05_stdcells  144.000000
U244                      INVX2           osu05_stdcells  144.000000
U245                      INVX2           osu05_stdcells  144.000000
U246                      INVX2           osu05_stdcells  144.000000
U247                      INVX2           osu05_stdcells  144.000000
U248                      INVX2           osu05_stdcells  144.000000
U249                      INVX2           osu05_stdcells  144.000000
U250                      INVX2           osu05_stdcells  144.000000
U251                      INVX2           osu05_stdcells  144.000000
U252                      INVX2           osu05_stdcells  144.000000
U253                      INVX2           osu05_stdcells  144.000000
U254                      INVX2           osu05_stdcells  144.000000
U255                      INVX2           osu05_stdcells  144.000000
U256                      INVX2           osu05_stdcells  144.000000
U257                      INVX2           osu05_stdcells  144.000000
U258                      INVX2           osu05_stdcells  144.000000
U259                      INVX2           osu05_stdcells  144.000000
U260                      INVX2           osu05_stdcells  144.000000
U261                      INVX2           osu05_stdcells  144.000000
U262                      INVX2           osu05_stdcells  144.000000
U263                      INVX2           osu05_stdcells  144.000000
U264                      INVX2           osu05_stdcells  144.000000
U265                      INVX2           osu05_stdcells  144.000000
U266                      INVX2           osu05_stdcells  144.000000
U267                      INVX2           osu05_stdcells  144.000000
U268                      INVX2           osu05_stdcells  144.000000
U269                      INVX2           osu05_stdcells  144.000000
U270                      INVX2           osu05_stdcells  144.000000
U271                      INVX2           osu05_stdcells  144.000000
U272                      INVX2           osu05_stdcells  144.000000
U273                      INVX2           osu05_stdcells  144.000000
U274                      INVX2           osu05_stdcells  144.000000
U275                      INVX2           osu05_stdcells  144.000000
U276                      INVX2           osu05_stdcells  144.000000
U277                      INVX2           osu05_stdcells  144.000000
U278                      INVX2           osu05_stdcells  144.000000
U279                      INVX2           osu05_stdcells  144.000000
U280                      INVX2           osu05_stdcells  144.000000
U281                      INVX2           osu05_stdcells  144.000000
U282                      INVX2           osu05_stdcells  144.000000
U283                      INVX2           osu05_stdcells  144.000000
U284                      INVX2           osu05_stdcells  144.000000
U285                      INVX2           osu05_stdcells  144.000000
U286                      INVX2           osu05_stdcells  144.000000
U287                      INVX2           osu05_stdcells  144.000000
U288                      INVX2           osu05_stdcells  144.000000
U289                      INVX2           osu05_stdcells  144.000000
U290                      INVX2           osu05_stdcells  144.000000
U291                      INVX2           osu05_stdcells  144.000000
U292                      INVX2           osu05_stdcells  144.000000
U293                      INVX2           osu05_stdcells  144.000000
U294                      INVX2           osu05_stdcells  144.000000
U295                      INVX2           osu05_stdcells  144.000000
U296                      INVX2           osu05_stdcells  144.000000
U297                      INVX2           osu05_stdcells  144.000000
U298                      INVX2           osu05_stdcells  144.000000
U299                      INVX2           osu05_stdcells  144.000000
U300                      INVX2           osu05_stdcells  144.000000
U301                      INVX2           osu05_stdcells  144.000000
U302                      INVX2           osu05_stdcells  144.000000
U303                      INVX2           osu05_stdcells  144.000000
U304                      INVX2           osu05_stdcells  144.000000
U305                      INVX2           osu05_stdcells  144.000000
U306                      INVX2           osu05_stdcells  144.000000
U307                      INVX2           osu05_stdcells  144.000000
U308                      INVX2           osu05_stdcells  144.000000
U309                      INVX2           osu05_stdcells  144.000000
U310                      INVX2           osu05_stdcells  144.000000
U311                      INVX2           osu05_stdcells  144.000000
U312                      INVX2           osu05_stdcells  144.000000
U313                      INVX2           osu05_stdcells  144.000000
U314                      INVX2           osu05_stdcells  144.000000
U315                      INVX2           osu05_stdcells  144.000000
U316                      INVX2           osu05_stdcells  144.000000
U317                      INVX2           osu05_stdcells  144.000000
U318                      INVX2           osu05_stdcells  144.000000
U319                      INVX2           osu05_stdcells  144.000000
U320                      NOR2X1          osu05_stdcells  216.000000
U321                      AOI22X1         osu05_stdcells  360.000000
U322                      OAI21X1         osu05_stdcells  207.000000
U323                      NAND2X1         osu05_stdcells  216.000000
U324                      NAND3X1         osu05_stdcells  324.000000
U325                      OAI21X1         osu05_stdcells  207.000000
U326                      AOI21X1         osu05_stdcells  288.000000
U327                      NAND2X1         osu05_stdcells  216.000000
U328                      OAI21X1         osu05_stdcells  207.000000
U329                      NOR2X1          osu05_stdcells  216.000000
U330                      OAI21X1         osu05_stdcells  207.000000
U331                      OAI21X1         osu05_stdcells  207.000000
U332                      OAI22X1         osu05_stdcells  360.000000
U333                      NOR2X1          osu05_stdcells  216.000000
U334                      AOI22X1         osu05_stdcells  360.000000
U335                      OAI21X1         osu05_stdcells  207.000000
U336                      NAND2X1         osu05_stdcells  216.000000
U337                      NAND3X1         osu05_stdcells  324.000000
U338                      OAI21X1         osu05_stdcells  207.000000
U339                      AOI21X1         osu05_stdcells  288.000000
U340                      NAND2X1         osu05_stdcells  216.000000
U341                      OAI21X1         osu05_stdcells  207.000000
U342                      NOR2X1          osu05_stdcells  216.000000
U343                      OAI21X1         osu05_stdcells  207.000000
U344                      OAI21X1         osu05_stdcells  207.000000
U345                      OAI22X1         osu05_stdcells  360.000000
U346                      NOR2X1          osu05_stdcells  216.000000
U347                      AOI22X1         osu05_stdcells  360.000000
U348                      OAI21X1         osu05_stdcells  207.000000
U349                      NAND2X1         osu05_stdcells  216.000000
U350                      NAND3X1         osu05_stdcells  324.000000
U351                      OAI21X1         osu05_stdcells  207.000000
U352                      AOI21X1         osu05_stdcells  288.000000
U353                      NAND2X1         osu05_stdcells  216.000000
U354                      OAI21X1         osu05_stdcells  207.000000
U355                      NOR2X1          osu05_stdcells  216.000000
U356                      OAI21X1         osu05_stdcells  207.000000
U357                      OAI21X1         osu05_stdcells  207.000000
U358                      OAI22X1         osu05_stdcells  360.000000
U359                      NOR2X1          osu05_stdcells  216.000000
U360                      AOI22X1         osu05_stdcells  360.000000
U361                      OAI21X1         osu05_stdcells  207.000000
U362                      NAND2X1         osu05_stdcells  216.000000
U363                      NAND3X1         osu05_stdcells  324.000000
U364                      OAI21X1         osu05_stdcells  207.000000
U365                      AOI21X1         osu05_stdcells  288.000000
U366                      NAND2X1         osu05_stdcells  216.000000
U367                      OAI21X1         osu05_stdcells  207.000000
U368                      NOR2X1          osu05_stdcells  216.000000
U369                      OAI21X1         osu05_stdcells  207.000000
U370                      OAI21X1         osu05_stdcells  207.000000
U371                      OAI22X1         osu05_stdcells  360.000000
U372                      NOR2X1          osu05_stdcells  216.000000
U373                      AOI22X1         osu05_stdcells  360.000000
U374                      OAI21X1         osu05_stdcells  207.000000
U375                      NAND2X1         osu05_stdcells  216.000000
U376                      NAND3X1         osu05_stdcells  324.000000
U377                      OAI21X1         osu05_stdcells  207.000000
U378                      AOI21X1         osu05_stdcells  288.000000
U379                      NAND2X1         osu05_stdcells  216.000000
U380                      OAI21X1         osu05_stdcells  207.000000
U381                      NOR2X1          osu05_stdcells  216.000000
U382                      OAI21X1         osu05_stdcells  207.000000
U383                      OAI21X1         osu05_stdcells  207.000000
U384                      OAI22X1         osu05_stdcells  360.000000
U385                      NOR2X1          osu05_stdcells  216.000000
U386                      AOI22X1         osu05_stdcells  360.000000
U387                      OAI21X1         osu05_stdcells  207.000000
U388                      NAND2X1         osu05_stdcells  216.000000
U389                      NAND3X1         osu05_stdcells  324.000000
U390                      OAI21X1         osu05_stdcells  207.000000
U391                      AOI21X1         osu05_stdcells  288.000000
U392                      NAND2X1         osu05_stdcells  216.000000
U393                      OAI21X1         osu05_stdcells  207.000000
U394                      NOR2X1          osu05_stdcells  216.000000
U395                      OAI21X1         osu05_stdcells  207.000000
U396                      OAI21X1         osu05_stdcells  207.000000
U397                      OAI22X1         osu05_stdcells  360.000000
U398                      NOR2X1          osu05_stdcells  216.000000
U399                      AOI22X1         osu05_stdcells  360.000000
U400                      OAI21X1         osu05_stdcells  207.000000
U401                      NAND2X1         osu05_stdcells  216.000000
U402                      NAND3X1         osu05_stdcells  324.000000
U403                      OAI21X1         osu05_stdcells  207.000000
U404                      AOI21X1         osu05_stdcells  288.000000
U405                      NAND2X1         osu05_stdcells  216.000000
U406                      OAI21X1         osu05_stdcells  207.000000
U407                      NOR2X1          osu05_stdcells  216.000000
U408                      OAI21X1         osu05_stdcells  207.000000
U409                      OAI21X1         osu05_stdcells  207.000000
U410                      OAI22X1         osu05_stdcells  360.000000
U411                      AOI21X1         osu05_stdcells  288.000000
U412                      NOR2X1          osu05_stdcells  216.000000
U413                      NOR2X1          osu05_stdcells  216.000000
U414                      NAND2X1         osu05_stdcells  216.000000
U415                      NAND2X1         osu05_stdcells  216.000000
invader_direction_reg     DFFNEGX1        osu05_stdcells  864.000000
                                                                    n
invaderbullet_fire_reg    DFFNEGX1        osu05_stdcells  864.000000
                                                                    n
move_down_reg             DFFNEGX1        osu05_stdcells  864.000000
                                                                    n
next_state_reg[0]         DFFNEGX1        osu05_stdcells  864.000000
                                                                    n
play_reg                  DFFNEGX1        osu05_stdcells  864.000000
                                                                    n
player_left_motion_reg    DFFNEGX1        osu05_stdcells  864.000000
                                                                    n
player_right_motion_reg   DFFNEGX1        osu05_stdcells  864.000000
                                                                    n
playerbullet_fire_reg     DFFNEGX1        osu05_stdcells  864.000000
                                                                    n
prev_invader_outofbounds_reg
                          DFFNEGX1        osu05_stdcells  864.000000
                                                                    n
reset_reg                 DFFNEGX1        osu05_stdcells  864.000000
                                                                    n
state_reg[0]              DFFNEGX1        osu05_stdcells  864.000000
                                                                    n
sub_60/U2_1               FAX1            osu05_stdcells  1080.000000
                                                                    mo, r
sub_60/U2_2               FAX1            osu05_stdcells  1080.000000
                                                                    mo, r
sub_60/U2_3               FAX1            osu05_stdcells  1080.000000
                                                                    mo, r
sub_60/U2_4               FAX1            osu05_stdcells  1080.000000
                                                                    mo, r
sub_60/U2_5               FAX1            osu05_stdcells  1080.000000
                                                                    mo, r
sub_60_2/U2_1             FAX1            osu05_stdcells  1080.000000
                                                                    mo, r
sub_60_2/U2_2             FAX1            osu05_stdcells  1080.000000
                                                                    mo, r
sub_60_2/U2_3             FAX1            osu05_stdcells  1080.000000
                                                                    mo, r
sub_60_2/U2_4             FAX1            osu05_stdcells  1080.000000
                                                                    mo, r
sub_60_2/U2_5             FAX1            osu05_stdcells  1080.000000
                                                                    mo, r
sub_64/U2_1               FAX1            osu05_stdcells  1080.000000
                                                                    mo, r
sub_64/U2_2               FAX1            osu05_stdcells  1080.000000
                                                                    mo, r
sub_64/U2_3               FAX1            osu05_stdcells  1080.000000
                                                                    mo, r
sub_64/U2_4               FAX1            osu05_stdcells  1080.000000
                                                                    mo, r
sub_64/U2_5               FAX1            osu05_stdcells  1080.000000
                                                                    mo, r
sub_64_2/U2_1             FAX1            osu05_stdcells  1080.000000
                                                                    mo, r
sub_64_2/U2_2             FAX1            osu05_stdcells  1080.000000
                                                                    mo, r
sub_64_2/U2_3             FAX1            osu05_stdcells  1080.000000
                                                                    mo, r
sub_64_2/U2_4             FAX1            osu05_stdcells  1080.000000
                                                                    mo, r
sub_64_2/U2_5             FAX1            osu05_stdcells  1080.000000
                                                                    mo, r
sub_68/U2_1               FAX1            osu05_stdcells  1080.000000
                                                                    mo, r
sub_68/U2_2               FAX1            osu05_stdcells  1080.000000
                                                                    mo, r
sub_68/U2_3               FAX1            osu05_stdcells  1080.000000
                                                                    mo, r
sub_68/U2_4               FAX1            osu05_stdcells  1080.000000
                                                                    mo, r
sub_68/U2_5               FAX1            osu05_stdcells  1080.000000
                                                                    mo, r
sub_68_2/U2_1             FAX1            osu05_stdcells  1080.000000
                                                                    mo, r
sub_68_2/U2_2             FAX1            osu05_stdcells  1080.000000
                                                                    mo, r
sub_68_2/U2_3             FAX1            osu05_stdcells  1080.000000
                                                                    mo, r
sub_68_2/U2_4             FAX1            osu05_stdcells  1080.000000
                                                                    mo, r
sub_68_2/U2_5             FAX1            osu05_stdcells  1080.000000
                                                                    mo, r
sub_72/U2_1               FAX1            osu05_stdcells  1080.000000
                                                                    mo, r
sub_72/U2_2               FAX1            osu05_stdcells  1080.000000
                                                                    mo, r
sub_72/U2_3               FAX1            osu05_stdcells  1080.000000
                                                                    mo, r
sub_72/U2_4               FAX1            osu05_stdcells  1080.000000
                                                                    mo, r
sub_72/U2_5               FAX1            osu05_stdcells  1080.000000
                                                                    mo, r
sub_72_2/U2_1             FAX1            osu05_stdcells  1080.000000
                                                                    mo, r
sub_72_2/U2_2             FAX1            osu05_stdcells  1080.000000
                                                                    mo, r
sub_72_2/U2_3             FAX1            osu05_stdcells  1080.000000
                                                                    mo, r
sub_72_2/U2_4             FAX1            osu05_stdcells  1080.000000
                                                                    mo, r
sub_72_2/U2_5             FAX1            osu05_stdcells  1080.000000
                                                                    mo, r
--------------------------------------------------------------------------------
Total 389 cells                                           134568.000000
1
report_area 
 
****************************************
Report : area
Design : main_game_fsm
Version: U-2022.12-SP7
Date   : Wed Apr 15 17:59:58 2026
****************************************

Information: Updating design information... (UID-85)
Library(s) Used:

    osu05_stdcells (File: /clear/apps/osu/soc/synopsys/lib/ami05/osu05_stdcells.db)

Number of ports:                          111
Number of nets:                           491
Number of cells:                          390
Number of combinational cells:            378
Number of sequential cells:                11
Number of macros/black boxes:               0
Number of buf/inv:                        103
Number of references:                      16

Combinational area:             125064.000000
Buf/Inv area:                    15408.000000
Noncombinational area:            9504.000000
Macro/Black Box area:                0.000000
Net Interconnect area:      undefined  (No wire load specified)

Total cell area:                134568.000000
Total area:                 undefined
1
report_timing -path full -delay max -max_paths 3 -nworst 1
 
****************************************
Report : timing
        -path full
        -delay max
        -max_paths 3
Design : main_game_fsm
Version: U-2022.12-SP7
Date   : Wed Apr 15 17:59:58 2026
****************************************

Operating Conditions: typical   Library: osu05_stdcells
Wire Load Model Mode: top

  Startpoint: player_coordinate_x[0]
              (input port clocked by clka)
  Endpoint: next_state_reg[0]
            (falling edge-triggered flip-flop clocked by clka)
  Path Group: clka
  Path Type: max

  Point                                    Incr       Path
  -----------------------------------------------------------
  clock clka (rise edge)                   0.00       0.00
  clock network delay (ideal)              0.00       0.00
  input external delay                     1.00       1.00 r
  player_coordinate_x[0] (in)              0.36       1.36 r
  U210/Y (INVX2)                           0.11       1.47 f
  U206/Y (INVX2)                           0.34       1.81 r
  U294/Y (INVX2)                           0.42       2.23 f
  U226/Y (OR2X1)                           0.32       2.55 f
  sub_72_2/U2_1/YC (FAX1)                  0.45       3.00 f
  sub_72_2/U2_2/YC (FAX1)                  0.46       3.46 f
  sub_72_2/U2_3/YC (FAX1)                  0.46       3.92 f
  sub_72_2/U2_4/YC (FAX1)                  0.46       4.38 f
  sub_72_2/U2_5/YS (FAX1)                  0.44       4.82 r
  U102/Y (AOI22X1)                         0.13       4.95 f
  U101/Y (NAND2X1)                         0.28       5.23 r
  U385/Y (NOR2X1)                          0.26       5.49 f
  U278/Y (INVX2)                           0.10       5.59 r
  U387/Y (OAI21X1)                         0.10       5.69 f
  U397/Y (OAI22X1)                         0.51       6.20 r
  U273/Y (INVX2)                           0.38       6.58 f
  U91/Y (AOI22X1)                          0.23       6.81 r
  U401/Y (NAND2X1)                         0.15       6.96 f
  U402/Y (NAND3X1)                         0.18       7.14 r
  U403/Y (OAI21X1)                         0.16       7.30 f
  U252/Y (INVX2)                           0.09       7.39 r
  U408/Y (OAI21X1)                         0.08       7.47 f
  U409/Y (OAI21X1)                         0.13       7.60 r
  U410/Y (OAI22X1)                         0.22       7.82 f
  U193/Y (AND2X2)                          0.61       8.43 f
  U159/Y (AOI22X1)                         0.18       8.61 r
  U158/Y (NAND2X1)                         0.10       8.71 f
  U411/Y (AOI21X1)                         0.12       8.83 r
  U242/Y (AND2X2)                          0.15       8.98 r
  U190/Y (AOI21X1)                         0.13       9.11 f
  U189/Y (NAND3X1)                         0.13       9.23 r
  U188/Y (OAI21X1)                         0.09       9.32 f
  U195/Y (AND2X2)                          0.20       9.52 f
  next_state_reg[0]/D (DFFNEGX1)           0.00       9.52 f
  data arrival time                                   9.52

  clock clka (fall edge)                  10.00      10.00
  clock network delay (ideal)              0.00      10.00
  next_state_reg[0]/CLK (DFFNEGX1)         0.00      10.00 f
  library setup time                      -0.37       9.63
  data required time                                  9.63
  -----------------------------------------------------------
  data required time                                  9.63
  data arrival time                                  -9.52
  -----------------------------------------------------------
  slack (MET)                                         0.11


  Startpoint: player_coordinate_x[0]
              (input port clocked by clka)
  Endpoint: closest_invader_coord_y[1]
            (output port clocked by clka)
  Path Group: clka
  Path Type: max

  Point                                    Incr       Path
  -----------------------------------------------------------
  clock clka (rise edge)                   0.00       0.00
  clock network delay (ideal)              0.00       0.00
  input external delay                     1.00       1.00 r
  player_coordinate_x[0] (in)              0.36       1.36 r
  U210/Y (INVX2)                           0.11       1.47 f
  U206/Y (INVX2)                           0.34       1.81 r
  U294/Y (INVX2)                           0.42       2.23 f
  U226/Y (OR2X1)                           0.32       2.55 f
  sub_72_2/U2_1/YC (FAX1)                  0.45       3.00 f
  sub_72_2/U2_2/YC (FAX1)                  0.46       3.46 f
  sub_72_2/U2_3/YC (FAX1)                  0.46       3.92 f
  sub_72_2/U2_4/YC (FAX1)                  0.46       4.38 f
  sub_72_2/U2_5/YS (FAX1)                  0.44       4.82 r
  U102/Y (AOI22X1)                         0.13       4.95 f
  U101/Y (NAND2X1)                         0.28       5.23 r
  U385/Y (NOR2X1)                          0.26       5.49 f
  U278/Y (INVX2)                           0.10       5.59 r
  U387/Y (OAI21X1)                         0.10       5.69 f
  U397/Y (OAI22X1)                         0.51       6.20 r
  U273/Y (INVX2)                           0.38       6.58 f
  U91/Y (AOI22X1)                          0.23       6.81 r
  U401/Y (NAND2X1)                         0.15       6.96 f
  U402/Y (NAND3X1)                         0.18       7.14 r
  U403/Y (OAI21X1)                         0.16       7.30 f
  U252/Y (INVX2)                           0.09       7.39 r
  U408/Y (OAI21X1)                         0.08       7.47 f
  U409/Y (OAI21X1)                         0.13       7.60 r
  U410/Y (OAI22X1)                         0.22       7.82 f
  U193/Y (AND2X2)                          0.61       8.43 f
  U162/Y (AOI22X1)                         0.18       8.61 r
  U161/Y (NAND2X1)                         0.10       8.71 f
  closest_invader_coord_y[1] (out)         0.00       8.71 f
  data arrival time                                   8.71

  clock clka (rise edge)                  20.00      20.00
  clock network delay (ideal)              0.00      20.00
  output external delay                   -1.00      19.00
  data required time                                 19.00
  -----------------------------------------------------------
  data required time                                 19.00
  data arrival time                                  -8.71
  -----------------------------------------------------------
  slack (MET)                                        10.29


  Startpoint: player_coordinate_x[0]
              (input port clocked by clka)
  Endpoint: closest_invader_coord_y[2]
            (output port clocked by clka)
  Path Group: clka
  Path Type: max

  Point                                    Incr       Path
  -----------------------------------------------------------
  clock clka (rise edge)                   0.00       0.00
  clock network delay (ideal)              0.00       0.00
  input external delay                     1.00       1.00 r
  player_coordinate_x[0] (in)              0.36       1.36 r
  U210/Y (INVX2)                           0.11       1.47 f
  U206/Y (INVX2)                           0.34       1.81 r
  U294/Y (INVX2)                           0.42       2.23 f
  U226/Y (OR2X1)                           0.32       2.55 f
  sub_72_2/U2_1/YC (FAX1)                  0.45       3.00 f
  sub_72_2/U2_2/YC (FAX1)                  0.46       3.46 f
  sub_72_2/U2_3/YC (FAX1)                  0.46       3.92 f
  sub_72_2/U2_4/YC (FAX1)                  0.46       4.38 f
  sub_72_2/U2_5/YS (FAX1)                  0.44       4.82 r
  U102/Y (AOI22X1)                         0.13       4.95 f
  U101/Y (NAND2X1)                         0.28       5.23 r
  U385/Y (NOR2X1)                          0.26       5.49 f
  U278/Y (INVX2)                           0.10       5.59 r
  U387/Y (OAI21X1)                         0.10       5.69 f
  U397/Y (OAI22X1)                         0.51       6.20 r
  U273/Y (INVX2)                           0.38       6.58 f
  U91/Y (AOI22X1)                          0.23       6.81 r
  U401/Y (NAND2X1)                         0.15       6.96 f
  U402/Y (NAND3X1)                         0.18       7.14 r
  U403/Y (OAI21X1)                         0.16       7.30 f
  U252/Y (INVX2)                           0.09       7.39 r
  U408/Y (OAI21X1)                         0.08       7.47 f
  U409/Y (OAI21X1)                         0.13       7.60 r
  U410/Y (OAI22X1)                         0.22       7.82 f
  U193/Y (AND2X2)                          0.61       8.43 f
  U159/Y (AOI22X1)                         0.18       8.61 r
  U158/Y (NAND2X1)                         0.10       8.71 f
  closest_invader_coord_y[2] (out)         0.00       8.71 f
  data arrival time                                   8.71

  clock clka (rise edge)                  20.00      20.00
  clock network delay (ideal)              0.00      20.00
  output external delay                   -1.00      19.00
  data required time                                 19.00
  -----------------------------------------------------------
  data required time                                 19.00
  data arrival time                                  -8.71
  -----------------------------------------------------------
  slack (MET)                                        10.29


1
report_power
Loading db file '/clear/apps/osu/soc/synopsys/lib/ami05/osu05_stdcells.db'
Information: Propagating switching activity (low effort zero delay simulation). (PWR-6)
Warning: Design has unannotated primary inputs. (PWR-414)
Warning: Design has unannotated sequential cell outputs. (PWR-415)
 
****************************************
Report : power
        -analysis_effort low
Design : main_game_fsm
Version: U-2022.12-SP7
Date   : Wed Apr 15 17:59:59 2026
****************************************


Library(s) Used:

    osu05_stdcells (File: /clear/apps/osu/soc/synopsys/lib/ami05/osu05_stdcells.db)


Operating Conditions: typical   Library: osu05_stdcells
Wire Load Model Mode: top


Global Operating Voltage = 5    
Power-specific unit information :
    Voltage Units = 1V
    Capacitance Units = 1.000000pf
    Time Units = 1ns
    Dynamic Power Units = 1mW    (derived from V,C,T units)
    Leakage Power Units = 1nW


Attributes
----------
i - Including register clock pin internal power


  Cell Internal Power  =   3.5423 mW   (54%)
  Net Switching Power  =   2.9658 mW   (46%)
                         ---------
Total Dynamic Power    =   6.5081 mW  (100%)

Cell Leakage Power     =  39.4797 nW


                 Internal         Switching           Leakage            Total
Power Group      Power            Power               Power              Power   (   %    )  Attrs
--------------------------------------------------------------------------------------------------
io_pad             0.0000            0.0000            0.0000            0.0000  (   0.00%)
memory             0.0000            0.0000            0.0000            0.0000  (   0.00%)
black_box          0.0000            0.0000            0.0000            0.0000  (   0.00%)
clock_network  7.4304e-02            0.0000            0.0000        7.4304e-02  (   1.14%)  i
register       1.4527e-02        4.1993e-03            0.2472        1.8726e-02  (   0.29%)
sequential         0.1493        1.5717e-03            2.4717            0.1509  (   2.32%)
combinational      3.3041            2.9600           36.7609            6.2642  (  96.25%)
--------------------------------------------------------------------------------------------------
Total              3.5423 mW         2.9658 mW        39.4797 nW         6.5081 mW
1
redirect timing.rep { report_timing }
redirect cell.rep { report_cell }
redirect power.rep { report_power }
quit

Memory usage for this session 108 Mbytes.
Memory usage for this session including child processes 108 Mbytes.
CPU usage for this session 5 seconds ( 0.00 hours ).
Elapsed time for this session 8 seconds ( 0.00 hours ).

Thank you...
