
                           Design Compiler Graphical 
                                 DC Ultra (TM)
                                  DFTMAX (TM)
                              Power Compiler (TM)
                                 DesignWare (R)
                                 DC Expert (TM)
                               Design Vision (TM)
                               HDL Compiler (TM)
                               VHDL Compiler (TM)
                                  DFT Compiler
                               Design Compiler(R)

               Version U-2022.12-SP7 for linux64 - Oct 10, 2023 

                    Copyright (c) 1988 - 2023 Synopsys, Inc.
   This software and the associated documentation are proprietary to Synopsys,
 Inc. This software may only be used in accordance with the terms and conditions
 of a written license agreement with Synopsys, Inc. All other use, reproduction,
   or distribution of this software is strictly prohibited.  Licensed Products
     communicate with Synopsys servers for the purpose of providing software
    updates, detecting software piracy and verifying that customers are using
    Licensed Products in conformity with the applicable License Key for such
  Licensed Products. Synopsys will use information gathered in connection with
    this process to deliver software updates and pursue software pirates and
                                   infringers.

 Inclusivity & Diversity - Visit SolvNetPlus to read the "Synopsys Statement on
            Inclusivity and Diversity" (Refer to article 000036315 at
                        https://solvnetplus.synopsys.com)
Initializing...
Current time:       Tue Apr 28 22:32:17 2026
Hostname:           opal.clear8.rice.edu
CPU Model:          Intel(R) Xeon(R) CPU E5-2640 v4 @ 2.40GHz
CPU Details:        Cores = 40 : Sockets = 2 : Cache Size = 25600 KB : Freq = 3.40 GHz
OS:                 Linux 4.18.0-553.89.1.el8_10.x86_64
RAM:                125 GB (Free  21 GB)
Swap:                15 GB (Free  15 GB)
Work Filesystem:    /storage-home/e/ely2 mounted to clearstor.clear.rice.edu:/clear-home/ely2
Tmp Filesystem:     /tmp mounted to /dev/mapper/vg0-tmp
Work Disk:          5038 GB (Free 746 GB)
Tmp Disk:             5 GB (Free   5 GB)

CPU Load: 6%, Ram Free: 21 GB, Swap Free: 15 GB, Work Disk Free: 746 GB, Tmp Disk Free: 5 GB
#/**************************************************/
#/* Compile Script for Synopsys                    */
#/*                                                */
#/* dc_shell-t -f compile_dc.tcl                   */
#/*                                                */
#/* OSU FreePDK 45nm                               */
#/* Modified for OSU ami05 - Rice U. 2018          */
#/*                                                */
#/**************************************************/
#/* User Input Data Section: List files, module, clock, frequency below. */
#/* Edit this part only of the file.                                     */
#/* Add all verilog files, separated by spaces after keyword "list"      */
set my_verilog_files [list invader_fsm.v]
invader_fsm.v
#/* Top-level Module Name update                             */
set my_toplevel invader_fsm
invader_fsm
#/* The name of the clock pin. If no clock-pin     */
#/* exists, pick anything                          */
#/* For two phase clock, just list clka here       */
set my_clock_pin clka
clka
#/* Target frequency in MHz for optimization       */
set my_clk_freq_MHz 50
50
#/* Delay of input signals (Clock-to-Q, Package etc.)  */
set my_input_delay_ns 1
1
#/* Reserved time for output signals (Holdtime etc.)   */
set my_output_delay_ns 1
1
#/********************************************************************/
#/********************************************************************/
#/* No modifications needed below. Do not edit or remove.            */
#/*                                                                  */
#/* Paths updated for Rice U. on CLEAR cluster 2018.                 */
#/********************************************************************/
#/********************************************************************/
#/* Start of Synopsys library cells location data.               */
set OSUcells "/clear/apps/osu/soc/synopsys/lib/ami05"
/clear/apps/osu/soc/synopsys/lib/ami05
set search_path [concat  $search_path $OSUcells]
. /clear/apps/synopsys-2023/syn/latest/libraries/syn /clear/apps/synopsys-2023/syn/latest/dw/syn_ver /clear/apps/synopsys-2023/syn/latest/dw/sim_ver /clear/apps/osu/soc/synopsys/lib/ami05
set alib_library_analysis_path $OSUcells
/clear/apps/osu/soc/synopsys/lib/ami05
set link_library [set target_library [concat  [list osu05_stdcells.db] [list dw_foundation.sldb]]]
osu05_stdcells.db dw_foundation.sldb
set target_library "osu05_stdcells.db"
osu05_stdcells.db
#/* End of Synopsys library cells location data.                  */
define_design_lib WORK -path ./WORK
1
set verilogout_show_unconnected_pins "true"
true
analyze -f verilog $my_verilog_files
Running PRESTO HDLC
Compiling source file ./invader_fsm.v
Warning:  ./invader_fsm.v:42: Parameter keyword used in local parameter declaration. (VER-329)
Presto compilation completed successfully.
Loading db file '/clear/apps/osu/soc/synopsys/lib/ami05/osu05_stdcells.db'
Loading db file '/clear/apps/synopsys-2023/syn/latest/libraries/syn/dw_foundation.sldb'
1
elaborate $my_toplevel
Loading db file '/clear/apps/synopsys-2023/syn/latest/libraries/syn/gtech.db'
Loading db file '/clear/apps/synopsys-2023/syn/latest/libraries/syn/standard.sldb'
  Loading link library 'osu05_stdcells'
  Loading link library 'gtech'
Running PRESTO HDLC
Warning:  ./invader_fsm.v:128: signed to unsigned conversion occurs. (VER-318)
Warning:  ./invader_fsm.v:136: signed to unsigned conversion occurs. (VER-318)

Statistics for case statements in always block at line 53 in file
	'./invader_fsm.v'
===============================================
|           Line           |  full/ parallel  |
===============================================
|            54            |    auto/auto     |
===============================================

Statistics for case statements in always block at line 94 in file
	'./invader_fsm.v'
===============================================
|           Line           |  full/ parallel  |
===============================================
|           104            |     no/auto      |
===============================================

Inferred memory devices in process
	in routine invader_fsm line 81 in file
		'./invader_fsm.v'.
===============================================================================
|    Register Name    |   Type    | Width | Bus | MB | AR | AS | SR | SS | ST |
===============================================================================
|   next_state_reg    | Flip-flop |   2   |  Y  | N  | N  | N  | N  | N  | N  |
===============================================================================

Inferred memory devices in process
	in routine invader_fsm line 94 in file
		'./invader_fsm.v'.
=====================================================================================================
|               Register Name               |   Type    | Width | Bus | MB | AR | AS | SR | SS | ST |
=====================================================================================================
|                display_reg                | Flip-flop |   1   |  N  | N  | N  | N  | N  | N  | N  |
|                 state_reg                 | Flip-flop |   2   |  Y  | N  | N  | N  | N  | N  | N  |
| playerbullet_invader_collision_signal_reg | Flip-flop |   1   |  N  | N  | N  | N  | N  | N  | N  |
|            invader_coord_y_reg            | Flip-flop |   4   |  Y  | N  | N  | N  | N  | N  | N  |
|      invader_outofbounds_signal_reg       | Flip-flop |   1   |  N  | N  | N  | N  | N  | N  | N  |
|         move_interval_toggle_reg          | Flip-flop |   1   |  N  | N  | N  | N  | N  | N  | N  |
|            invader_coord_x_reg            | Flip-flop |   4   |  Y  | N  | N  | N  | N  | N  | N  |
=====================================================================================================
Presto compilation completed successfully. (invader_fsm)
Elaborated 1 design.
Current design is now 'invader_fsm'.
1
current_design $my_toplevel
Current design is 'invader_fsm'.
{invader_fsm}
link

  Linking design 'invader_fsm'
  Using the following designs and libraries:
  --------------------------------------------------------------------------
  osu05_stdcells (library)    /clear/apps/osu/soc/synopsys/lib/ami05/osu05_stdcells.db
  dw_foundation.sldb (library) /clear/apps/synopsys-2023/syn/latest/libraries/syn/dw_foundation.sldb

1
uniquify
1
set my_period [expr 1000 / $my_clk_freq_MHz]
20
set find_clock [ find port [list $my_clock_pin] ]
{clka}
if {  $find_clock != [list] } {
   set clk_name $my_clock_pin
   create_clock -period $my_period $clk_name
} else {
   set clk_name vclk
   create_clock -period $my_period -name $clk_name
}
1
set_driving_cell  -lib_cell INVX1  [all_inputs]
Warning: Design rule attributes from the driving cell will be set on the port 'clka'. (UID-401)
Warning: Design rule attributes from the driving cell will be set on the port 'clkb'. (UID-401)
Warning: Design rule attributes from the driving cell will be set on the port 'reset'. (UID-401)
Warning: Design rule attributes from the driving cell will be set on the port 'play'. (UID-401)
Warning: Design rule attributes from the driving cell will be set on the port 'invader_direction'. (UID-401)
Warning: Design rule attributes from the driving cell will be set on the port 'move_down'. (UID-401)
Warning: Design rule attributes from the driving cell will be set on the port 'player_bullet_coord_x[3]'. (UID-401)
Warning: Design rule attributes from the driving cell will be set on the port 'player_bullet_coord_x[2]'. (UID-401)
Warning: Design rule attributes from the driving cell will be set on the port 'player_bullet_coord_x[1]'. (UID-401)
Warning: Design rule attributes from the driving cell will be set on the port 'player_bullet_coord_x[0]'. (UID-401)
Warning: Design rule attributes from the driving cell will be set on the port 'player_bullet_coord_y[3]'. (UID-401)
Warning: Design rule attributes from the driving cell will be set on the port 'player_bullet_coord_y[2]'. (UID-401)
Warning: Design rule attributes from the driving cell will be set on the port 'player_bullet_coord_y[1]'. (UID-401)
Warning: Design rule attributes from the driving cell will be set on the port 'player_bullet_coord_y[0]'. (UID-401)
1
set_input_delay $my_input_delay_ns -clock $clk_name [remove_from_collection [all_inputs] $my_clock_pin]
1
set_output_delay $my_output_delay_ns -clock $clk_name [all_outputs]
1
compile -ungroup_all -map_effort medium
CPU Load: 6%, Ram Free: 21 GB, Swap Free: 15 GB, Work Disk Free: 746 GB, Tmp Disk Free: 5 GB
Information: Checking out the license 'DesignWare'. (SEC-104)
Information: Evaluating DesignWare library utilization. (UISN-27)

============================================================================
| DesignWare Building Block Library  |         Version         | Available |
============================================================================
| Basic DW Building Blocks           | U-2022.12-DWBB_202212.5 |     *     |
| Licensed DW Building Blocks        | U-2022.12-DWBB_202212.5 |     *     |
============================================================================

====================================================================================================
| Flow Information                                                                                 |
----------------------------------------------------------------------------------------------------
| Flow         | Design Compiler                                                                   |
====================================================================================================
| Design Information                                      | Value                                  |
====================================================================================================
| Number of Scenarios                                     | 0                                      |
| Leaf Cell Count                                         | 107                                    |
| Number of User Hierarchies                              | 0                                      |
| Sequential Cell Count                                   | 16                                     |
| Macro Count                                             | 0                                      |
| Number of Power Domains                                 | 0                                      |
| Number of Path Groups                                   | 2                                      |
| Number of VT Class                                      | 0                                      |
| Number of Clocks                                        | 1                                      |
| Number of Dont Touch Cells                              | 35                                     |
| Number of Dont Touch Nets                               | 0                                      |
| Number of Size Only Cells                               | 0                                      |
| Design with UPF Data                                    | false                                  |
====================================================================================================

Information: There are 3 potential problems in your design. Please run 'check_design' for more information. (LINT-99)



  Beginning Pass 1 Mapping
  ------------------------
  Processing 'invader_fsm'
Information: Added key list 'DesignWare' to design 'invader_fsm'. (DDB-72)

  Updating timing information
Information: Updating design information... (UID-85)

  Beginning Implementation Selection
  ----------------------------------
  Mapping 'DW_cmp'
  Processing 'DW01_add_width5_DW01_add_0'
  Mapping 'DW_cmp'
  Processing 'DW01_dec_width5_DW01_dec_0'
  Mapping 'DW_cmp'
  Processing 'DW01_inc_width5_DW01_inc_0'
  Mapping 'DW_cmp'
  Mapping 'DW_cmp'
  Processing 'DW01_dec_width5_DW01_dec_1'
  Processing 'DW01_inc_width5_DW01_inc_1'
Information: Command 'do_operand_isolation' is obsolete and is being ignored.  Please refer to the replacement command 'set power_enable_datapath_gating true' instead. (INFO-118)

  Beginning Mapping Optimizations  (Medium effort)
  -------------------------------
Information: Command 'do_operand_isolation' is obsolete and is being ignored.  Please refer to the replacement command 'set power_enable_datapath_gating true' instead. (INFO-118)

                                  TOTAL                                      
   ELAPSED            WORST NEG   SETUP    DESIGN                            
    TIME      AREA      SLACK     COST    RULE COST         ENDPOINT         
  --------- --------- --------- --------- --------- -------------------------
    0:00:00   53469.0      0.00       0.0      21.3                          
    0:00:00   53469.0      0.00       0.0      21.3                          
    0:00:00   53469.0      0.00       0.0      21.3                          
    0:00:00   53469.0      0.00       0.0      21.3                          
    0:00:00   53469.0      0.00       0.0      21.3                          
    0:00:00   53469.0      0.00       0.0      21.3                          
    0:00:00   53469.0      0.00       0.0      21.3                          
    0:00:00   53469.0      0.00       0.0      21.3                          
    0:00:00   53469.0      0.00       0.0      21.3                          
    0:00:00   53469.0      0.00       0.0      21.3                          
    0:00:00   53469.0      0.00       0.0      21.3                          
    0:00:00   53469.0      0.00       0.0      21.3                          



  Beginning Delay Optimization Phase
  ----------------------------------

                                  TOTAL                                      
   ELAPSED            WORST NEG   SETUP    DESIGN                            
    TIME      AREA      SLACK     COST    RULE COST         ENDPOINT         
  --------- --------- --------- --------- --------- -------------------------
    0:00:00   53469.0      0.00       0.0      21.3                          
    0:00:00   53469.0      0.00       0.0      21.3                          
    0:00:00   53469.0      0.00       0.0      21.3                          


  Beginning Design Rule Fixing  (max_capacitance)
  ----------------------------

                                  TOTAL                                      
   ELAPSED            WORST NEG   SETUP    DESIGN                            
    TIME      AREA      SLACK     COST    RULE COST         ENDPOINT         
  --------- --------- --------- --------- --------- -------------------------
    0:00:00   53469.0      0.00       0.0      21.3                          
    0:00:00   53757.0      0.00       0.0       0.0                          


  Beginning Area-Recovery Phase  (cleanup)
  -----------------------------

                                  TOTAL                                      
   ELAPSED            WORST NEG   SETUP    DESIGN                            
    TIME      AREA      SLACK     COST    RULE COST         ENDPOINT         
  --------- --------- --------- --------- --------- -------------------------
    0:00:00   53757.0      0.00       0.0       0.0                          
    0:00:00   53757.0      0.00       0.0       0.0                          
    0:00:00   53469.0      0.00       0.0       0.0                          
    0:00:00   53397.0      0.00       0.0       0.0                          
    0:00:00   53397.0      0.00       0.0       0.0                          
    0:00:00   53397.0      0.00       0.0       0.0                          
    0:00:00   53397.0      0.00       0.0       0.0                          
    0:00:00   53397.0      0.00       0.0       0.0                          
    0:00:00   53397.0      0.00       0.0       0.0                          
    0:00:00   53397.0      0.00       0.0       0.0                          
    0:00:00   53397.0      0.00       0.0       0.0                          
    0:00:00   53397.0      0.00       0.0       0.0                          
    0:00:00   53397.0      0.00       0.0       0.0                          
Loading db file '/clear/apps/osu/soc/synopsys/lib/ami05/osu05_stdcells.db'


Note: Symbol # after min delay cost means estimated hold TNS across all active scenarios 


  Optimization Complete
  ---------------------
CPU Load: 6%, Ram Free: 21 GB, Swap Free: 15 GB, Work Disk Free: 746 GB, Tmp Disk Free: 5 GB
Information: Total number of MV cells in the design.
----------------------------------------------------------------------------------------------------
 MV Cells                                           Total Number                                   
----------------------------------------------------------------------------------------------------
 Level Shifter:                                     0                                             
 Enable Level Shifter:                              0                                             
 Isolation Cell:                                    0                                             
 Retention Cell:                                    0                                             
 Retention Clamp Cell:                              0                                             
 Switch Cell:                                       0                                             
 Always-On Cell:                                    0                                             
 Repeater Cell:                                     0                                             

----------------------------------------------------------------------------------------------------
Unmapped MV Cells 
----------------------------------------------------------------------------------------------------
0 Isolation Cells are unmapped 
0 Retention Clamp Cells are unmapped 
----------------------------------------------------------------------------------------------------
1
compile -incremental_mapping -map_effort medium
CPU Load: 6%, Ram Free: 21 GB, Swap Free: 15 GB, Work Disk Free: 746 GB, Tmp Disk Free: 5 GB
====================================================================================================
| Flow Information                                                                                 |
----------------------------------------------------------------------------------------------------
| Flow         | Design Compiler                                                                   |
====================================================================================================
| Design Information                                      | Value                                  |
====================================================================================================
| Number of Scenarios                                     | 0                                      |
| Leaf Cell Count                                         | 178                                    |
| Number of User Hierarchies                              | 0                                      |
| Sequential Cell Count                                   | 16                                     |
| Macro Count                                             | 0                                      |
| Number of Power Domains                                 | 0                                      |
| Number of Path Groups                                   | 2                                      |
| Number of VT Class                                      | 0                                      |
| Number of Clocks                                        | 1                                      |
| Number of Dont Touch Cells                              | 0                                      |
| Number of Dont Touch Nets                               | 0                                      |
| Number of Size Only Cells                               | 0                                      |
| Design with UPF Data                                    | false                                  |
====================================================================================================


  Beginning Pass 1 Mapping  (Incremental)
  ------------------------

  Updating timing information
Information: Updating design information... (UID-85)

  Beginning Mapping Optimizations  (Medium effort)  (Incremental)
  -------------------------------

  Beginning Incremental Implementation Selection
  ----------------------------------------------
Information: Command 'do_operand_isolation' is obsolete and is being ignored.  Please refer to the replacement command 'set power_enable_datapath_gating true' instead. (INFO-118)

  Beginning Delay Optimization Phase
  ----------------------------------

                                  TOTAL                                      
   ELAPSED            WORST NEG   SETUP    DESIGN                            
    TIME      AREA      SLACK     COST    RULE COST         ENDPOINT         
  --------- --------- --------- --------- --------- -------------------------
    0:00:00   53397.0      0.00       0.0       0.0                          
    0:00:00   53397.0      0.00       0.0       0.0                          
    0:00:00   53397.0      0.00       0.0       0.0                          
Loading db file '/clear/apps/osu/soc/synopsys/lib/ami05/osu05_stdcells.db'


Note: Symbol # after min delay cost means estimated hold TNS across all active scenarios 


  Optimization Complete
  ---------------------
CPU Load: 6%, Ram Free: 21 GB, Swap Free: 15 GB, Work Disk Free: 746 GB, Tmp Disk Free: 5 GB
Information: Total number of MV cells in the design.
----------------------------------------------------------------------------------------------------
 MV Cells                                           Total Number                                   
----------------------------------------------------------------------------------------------------
 Level Shifter:                                     0                                             
 Enable Level Shifter:                              0                                             
 Isolation Cell:                                    0                                             
 Retention Cell:                                    0                                             
 Retention Clamp Cell:                              0                                             
 Switch Cell:                                       0                                             
 Always-On Cell:                                    0                                             
 Repeater Cell:                                     0                                             

----------------------------------------------------------------------------------------------------
Unmapped MV Cells 
----------------------------------------------------------------------------------------------------
0 Isolation Cells are unmapped 
0 Retention Clamp Cells are unmapped 
----------------------------------------------------------------------------------------------------
1
check_design
1
report_constraint -all_violators
Information: Updating design information... (UID-85)
 
****************************************
Report : constraint
        -all_violators
Design : invader_fsm
Version: U-2022.12-SP7
Date   : Tue Apr 28 22:32:19 2026
****************************************

This design has no violated constraints.

1
set filename [format "%s%s"  $my_toplevel ".vh"]
invader_fsm.vh
write -f verilog -output $filename
Writing verilog file '/storage-home/e/ely2/ELEC422/project/elec422_space_invaders/No_Datapath_less_outputs/FSMs_Questa/invader/synth/invader_fsm.vh'.
Warning: Verilog 'assign' or 'tran' statements are written out. (VO-4)
1
set filename [format "%s%s"  $my_toplevel ".sdc"]
invader_fsm.sdc
write_sdc $filename
1
report_cell 
 
****************************************
Report : cell
Design : invader_fsm
Version: U-2022.12-SP7
Date   : Tue Apr 28 22:32:19 2026
****************************************

Attributes:
    b - black box (unknown)
    h - hierarchical
   mo - map_only
    n - noncombinational
    r - removable
    u - contains unmapped logic

Cell                      Reference       Library             Area  Attributes
--------------------------------------------------------------------------------
U3                        AND2X2          osu05_stdcells  288.000000
U4                        AND2X2          osu05_stdcells  288.000000
U5                        AND2X2          osu05_stdcells  288.000000
U6                        AND2X2          osu05_stdcells  288.000000
U7                        AND2X2          osu05_stdcells  288.000000
U47                       OAI21X1         osu05_stdcells  207.000000
U48                       AOI22X1         osu05_stdcells  360.000000
U49                       OAI21X1         osu05_stdcells  207.000000
U50                       OAI21X1         osu05_stdcells  207.000000
U51                       NAND2X1         osu05_stdcells  216.000000
U52                       OAI21X1         osu05_stdcells  207.000000
U53                       NAND3X1         osu05_stdcells  324.000000
U54                       OAI21X1         osu05_stdcells  207.000000
U55                       NAND3X1         osu05_stdcells  324.000000
U56                       OAI21X1         osu05_stdcells  207.000000
U57                       AOI22X1         osu05_stdcells  360.000000
U58                       OAI21X1         osu05_stdcells  207.000000
U59                       OAI21X1         osu05_stdcells  207.000000
U60                       AOI22X1         osu05_stdcells  360.000000
U61                       OAI21X1         osu05_stdcells  207.000000
U62                       AOI22X1         osu05_stdcells  360.000000
U63                       NAND3X1         osu05_stdcells  324.000000
U64                       NAND3X1         osu05_stdcells  324.000000
U65                       OAI21X1         osu05_stdcells  207.000000
U66                       AOI21X1         osu05_stdcells  288.000000
U67                       OAI21X1         osu05_stdcells  207.000000
U68                       AOI21X1         osu05_stdcells  288.000000
U69                       XOR2X1          osu05_stdcells  504.000000
U70                       NOR2X1          osu05_stdcells  216.000000
U71                       NAND2X1         osu05_stdcells  216.000000
U72                       OAI21X1         osu05_stdcells  207.000000
U73                       NOR2X1          osu05_stdcells  216.000000
U74                       OR2X1           osu05_stdcells  288.000000
U75                       OAI21X1         osu05_stdcells  207.000000
U76                       NAND3X1         osu05_stdcells  324.000000
U77                       OAI21X1         osu05_stdcells  207.000000
U78                       OAI22X1         osu05_stdcells  360.000000
U79                       NAND2X1         osu05_stdcells  216.000000
U80                       NAND2X1         osu05_stdcells  216.000000
U81                       OAI21X1         osu05_stdcells  207.000000
U82                       OAI21X1         osu05_stdcells  207.000000
U83                       OAI21X1         osu05_stdcells  207.000000
U84                       AOI22X1         osu05_stdcells  360.000000
U85                       OAI21X1         osu05_stdcells  207.000000
U86                       NAND2X1         osu05_stdcells  216.000000
U87                       NAND2X1         osu05_stdcells  216.000000
U88                       OAI21X1         osu05_stdcells  207.000000
U89                       NAND2X1         osu05_stdcells  216.000000
U90                       NOR2X1          osu05_stdcells  216.000000
U91                       OAI21X1         osu05_stdcells  207.000000
U92                       NAND3X1         osu05_stdcells  324.000000
U93                       OAI21X1         osu05_stdcells  207.000000
U94                       NAND3X1         osu05_stdcells  324.000000
U95                       NOR2X1          osu05_stdcells  216.000000
U96                       NAND3X1         osu05_stdcells  324.000000
U97                       NAND3X1         osu05_stdcells  324.000000
U98                       AND2X2          osu05_stdcells  288.000000
U99                       INVX1           osu05_stdcells  144.000000
U100                      INVX2           osu05_stdcells  144.000000
U101                      XOR2X1          osu05_stdcells  504.000000
U102                      XOR2X1          osu05_stdcells  504.000000
U103                      NAND2X1         osu05_stdcells  216.000000
U104                      INVX2           osu05_stdcells  144.000000
U105                      INVX2           osu05_stdcells  144.000000
U106                      INVX2           osu05_stdcells  144.000000
U107                      INVX2           osu05_stdcells  144.000000
U108                      INVX2           osu05_stdcells  144.000000
U109                      INVX2           osu05_stdcells  144.000000
U110                      INVX2           osu05_stdcells  144.000000
U111                      INVX2           osu05_stdcells  144.000000
U112                      INVX2           osu05_stdcells  144.000000
U113                      INVX2           osu05_stdcells  144.000000
U114                      INVX2           osu05_stdcells  144.000000
U115                      INVX2           osu05_stdcells  144.000000
U116                      INVX2           osu05_stdcells  144.000000
U117                      INVX2           osu05_stdcells  144.000000
U118                      INVX2           osu05_stdcells  144.000000
U119                      INVX2           osu05_stdcells  144.000000
U120                      INVX2           osu05_stdcells  144.000000
U121                      INVX2           osu05_stdcells  144.000000
U122                      INVX2           osu05_stdcells  144.000000
U123                      INVX2           osu05_stdcells  144.000000
U124                      INVX2           osu05_stdcells  144.000000
U125                      INVX2           osu05_stdcells  144.000000
U126                      INVX2           osu05_stdcells  144.000000
U127                      INVX2           osu05_stdcells  144.000000
U128                      INVX2           osu05_stdcells  144.000000
U129                      INVX2           osu05_stdcells  144.000000
U130                      INVX2           osu05_stdcells  144.000000
U131                      INVX2           osu05_stdcells  144.000000
U132                      INVX2           osu05_stdcells  144.000000
U133                      INVX2           osu05_stdcells  144.000000
U134                      INVX2           osu05_stdcells  144.000000
U135                      INVX2           osu05_stdcells  144.000000
U136                      INVX2           osu05_stdcells  144.000000
U137                      INVX2           osu05_stdcells  144.000000
U138                      INVX2           osu05_stdcells  144.000000
U139                      INVX2           osu05_stdcells  144.000000
U140                      INVX2           osu05_stdcells  144.000000
U141                      INVX2           osu05_stdcells  144.000000
U142                      INVX2           osu05_stdcells  144.000000
U143                      INVX2           osu05_stdcells  144.000000
U144                      INVX2           osu05_stdcells  144.000000
U145                      INVX2           osu05_stdcells  144.000000
U146                      INVX2           osu05_stdcells  144.000000
U147                      INVX2           osu05_stdcells  144.000000
U148                      INVX2           osu05_stdcells  144.000000
U149                      INVX2           osu05_stdcells  144.000000
U150                      INVX2           osu05_stdcells  144.000000
U151                      INVX2           osu05_stdcells  144.000000
U152                      NOR2X1          osu05_stdcells  216.000000
U153                      AOI21X1         osu05_stdcells  288.000000
U154                      NAND2X1         osu05_stdcells  216.000000
U155                      OAI21X1         osu05_stdcells  207.000000
U156                      NOR2X1          osu05_stdcells  216.000000
U157                      AOI21X1         osu05_stdcells  288.000000
U158                      AOI22X1         osu05_stdcells  360.000000
U159                      AOI21X1         osu05_stdcells  288.000000
U160                      NAND2X1         osu05_stdcells  216.000000
U161                      NAND3X1         osu05_stdcells  324.000000
U162                      OAI21X1         osu05_stdcells  207.000000
U163                      OAI21X1         osu05_stdcells  207.000000
U164                      AOI22X1         osu05_stdcells  360.000000
U165                      OR2X1           osu05_stdcells  288.000000
U166                      NAND2X1         osu05_stdcells  216.000000
U167                      NAND3X1         osu05_stdcells  324.000000
U168                      OAI21X1         osu05_stdcells  207.000000
U169                      OAI21X1         osu05_stdcells  207.000000
U170                      OAI22X1         osu05_stdcells  360.000000
U171                      OAI21X1         osu05_stdcells  207.000000
U172                      OAI21X1         osu05_stdcells  207.000000
U173                      AOI21X1         osu05_stdcells  288.000000
U174                      AOI22X1         osu05_stdcells  360.000000
U175                      AOI21X1         osu05_stdcells  288.000000
U176                      NAND2X1         osu05_stdcells  216.000000
U177                      NAND3X1         osu05_stdcells  324.000000
U178                      OAI21X1         osu05_stdcells  207.000000
U179                      OAI21X1         osu05_stdcells  207.000000
U180                      AOI22X1         osu05_stdcells  360.000000
U181                      OR2X1           osu05_stdcells  288.000000
U182                      NOR2X1          osu05_stdcells  216.000000
U183                      AOI21X1         osu05_stdcells  288.000000
U184                      NAND2X1         osu05_stdcells  216.000000
U185                      OAI21X1         osu05_stdcells  207.000000
U186                      NOR2X1          osu05_stdcells  216.000000
U187                      AOI21X1         osu05_stdcells  288.000000
U188                      NAND2X1         osu05_stdcells  216.000000
U189                      NAND3X1         osu05_stdcells  324.000000
U190                      OAI21X1         osu05_stdcells  207.000000
U191                      OAI21X1         osu05_stdcells  207.000000
U192                      OAI22X1         osu05_stdcells  360.000000
U193                      OAI21X1         osu05_stdcells  207.000000
U194                      OAI21X1         osu05_stdcells  207.000000
U195                      AOI21X1         osu05_stdcells  288.000000
U196                      NAND3X1         osu05_stdcells  324.000000
U197                      NAND2X1         osu05_stdcells  216.000000
add_50/U1_1_1             HAX1            osu05_stdcells  720.000000
                                                                    mo, r
add_50/U1_1_2             HAX1            osu05_stdcells  720.000000
                                                                    mo, r
add_50/U1_1_3             HAX1            osu05_stdcells  720.000000
                                                                    mo, r
display_reg               DFFNEGX1        osu05_stdcells  864.000000
                                                                    n
invader_coord_x_reg[0]    DFFNEGX1        osu05_stdcells  864.000000
                                                                    n
invader_coord_x_reg[1]    DFFNEGX1        osu05_stdcells  864.000000
                                                                    n
invader_coord_x_reg[2]    DFFNEGX1        osu05_stdcells  864.000000
                                                                    n
invader_coord_x_reg[3]    DFFNEGX1        osu05_stdcells  864.000000
                                                                    n
invader_coord_y_reg[0]    DFFNEGX1        osu05_stdcells  864.000000
                                                                    n
invader_coord_y_reg[1]    DFFNEGX1        osu05_stdcells  864.000000
                                                                    n
invader_coord_y_reg[2]    DFFNEGX1        osu05_stdcells  864.000000
                                                                    n
invader_coord_y_reg[3]    DFFNEGX1        osu05_stdcells  864.000000
                                                                    n
invader_outofbounds_signal_reg
                          DFFNEGX1        osu05_stdcells  864.000000
                                                                    n
move_interval_toggle_reg  DFFNEGX1        osu05_stdcells  864.000000
                                                                    n
next_state_reg[0]         DFFNEGX1        osu05_stdcells  864.000000
                                                                    n
next_state_reg[1]         DFFNEGX1        osu05_stdcells  864.000000
                                                                    n
playerbullet_invader_collision_signal_reg
                          DFFNEGX1        osu05_stdcells  864.000000
                                                                    n
r410/U1_1_1               HAX1            osu05_stdcells  720.000000
                                                                    mo, r
r410/U1_1_2               HAX1            osu05_stdcells  720.000000
                                                                    mo, r
r410/U1_1_3               HAX1            osu05_stdcells  720.000000
                                                                    mo, r
state_reg[0]              DFFNEGX1        osu05_stdcells  864.000000
                                                                    n
state_reg[1]              DFFNEGX1        osu05_stdcells  864.000000
                                                                    n
--------------------------------------------------------------------------------
Total 178 cells                                           53397.000000
1
report_area 
 
****************************************
Report : area
Design : invader_fsm
Version: U-2022.12-SP7
Date   : Tue Apr 28 22:32:19 2026
****************************************

Information: Updating design information... (UID-85)
Library(s) Used:

    osu05_stdcells (File: /clear/apps/osu/soc/synopsys/lib/ami05/osu05_stdcells.db)

Number of ports:                           27
Number of nets:                           198
Number of cells:                          178
Number of combinational cells:            162
Number of sequential cells:                16
Number of macros/black boxes:               0
Number of buf/inv:                         50
Number of references:                      14

Combinational area:              39573.000000
Buf/Inv area:                     7200.000000
Noncombinational area:           13824.000000
Macro/Black Box area:                0.000000
Net Interconnect area:      undefined  (No wire load specified)

Total cell area:                 53397.000000
Total area:                 undefined
1
report_timing -path full -delay max -max_paths 3 -nworst 1
 
****************************************
Report : timing
        -path full
        -delay max
        -max_paths 3
Design : invader_fsm
Version: U-2022.12-SP7
Date   : Tue Apr 28 22:32:19 2026
****************************************

Operating Conditions: typical   Library: osu05_stdcells
Wire Load Model Mode: top

  Startpoint: player_bullet_coord_x[3]
              (input port clocked by clka)
  Endpoint: next_state_reg[0]
            (falling edge-triggered flip-flop clocked by clka)
  Path Group: clka
  Path Type: max

  Point                                    Incr       Path
  -----------------------------------------------------------
  clock clka (rise edge)                   0.00       0.00
  clock network delay (ideal)              0.00       0.00
  input external delay                     1.00       1.00 f
  player_bullet_coord_x[3] (in)            0.19       1.19 f
  U118/Y (INVX2)                           0.13       1.33 r
  U166/Y (NAND2X1)                         0.12       1.44 f
  U167/Y (NAND3X1)                         0.17       1.61 r
  U168/Y (OAI21X1)                         0.16       1.77 f
  U172/Y (OAI21X1)                         0.14       1.91 r
  U173/Y (AOI21X1)                         0.13       2.04 f
  U7/Y (AND2X2)                            0.19       2.24 f
  U97/Y (NAND3X1)                          0.18       2.42 r
  U115/Y (INVX2)                           0.09       2.51 f
  U93/Y (OAI21X1)                          0.11       2.62 r
  next_state_reg[0]/D (DFFNEGX1)           0.00       2.62 r
  data arrival time                                   2.62

  clock clka (fall edge)                  10.00      10.00
  clock network delay (ideal)              0.00      10.00
  next_state_reg[0]/CLK (DFFNEGX1)         0.00      10.00 f
  library setup time                      -0.34       9.66
  data required time                                  9.66
  -----------------------------------------------------------
  data required time                                  9.66
  data arrival time                                  -2.62
  -----------------------------------------------------------
  slack (MET)                                         7.04


  Startpoint: player_bullet_coord_x[3]
              (input port clocked by clka)
  Endpoint: next_state_reg[1]
            (falling edge-triggered flip-flop clocked by clka)
  Path Group: clka
  Path Type: max

  Point                                    Incr       Path
  -----------------------------------------------------------
  clock clka (rise edge)                   0.00       0.00
  clock network delay (ideal)              0.00       0.00
  input external delay                     1.00       1.00 f
  player_bullet_coord_x[3] (in)            0.19       1.19 f
  U118/Y (INVX2)                           0.13       1.33 r
  U166/Y (NAND2X1)                         0.12       1.44 f
  U167/Y (NAND3X1)                         0.17       1.61 r
  U168/Y (OAI21X1)                         0.16       1.77 f
  U172/Y (OAI21X1)                         0.14       1.91 r
  U173/Y (AOI21X1)                         0.13       2.04 f
  U7/Y (AND2X2)                            0.19       2.24 f
  U97/Y (NAND3X1)                          0.18       2.42 r
  U91/Y (OAI21X1)                          0.07       2.49 f
  next_state_reg[1]/D (DFFNEGX1)           0.00       2.49 f
  data arrival time                                   2.49

  clock clka (fall edge)                  10.00      10.00
  clock network delay (ideal)              0.00      10.00
  next_state_reg[1]/CLK (DFFNEGX1)         0.00      10.00 f
  library setup time                      -0.37       9.63
  data required time                                  9.63
  -----------------------------------------------------------
  data required time                                  9.63
  data arrival time                                  -2.49
  -----------------------------------------------------------
  slack (MET)                                         7.14


1
report_power
Loading db file '/clear/apps/osu/soc/synopsys/lib/ami05/osu05_stdcells.db'
Information: Propagating switching activity (low effort zero delay simulation). (PWR-6)
Warning: Design has unannotated primary inputs. (PWR-414)
Warning: Design has unannotated sequential cell outputs. (PWR-415)
 
****************************************
Report : power
        -analysis_effort low
Design : invader_fsm
Version: U-2022.12-SP7
Date   : Tue Apr 28 22:32:20 2026
****************************************


Library(s) Used:

    osu05_stdcells (File: /clear/apps/osu/soc/synopsys/lib/ami05/osu05_stdcells.db)


Operating Conditions: typical   Library: osu05_stdcells
Wire Load Model Mode: top


Global Operating Voltage = 5    
Power-specific unit information :
    Voltage Units = 1V
    Capacitance Units = 1.000000pf
    Time Units = 1ns
    Dynamic Power Units = 1mW    (derived from V,C,T units)
    Leakage Power Units = 1nW


Attributes
----------
i - Including register clock pin internal power


  Cell Internal Power  = 583.3721 uW   (68%)
  Net Switching Power  = 273.2621 uW   (32%)
                         ---------
Total Dynamic Power    = 856.6343 uW  (100%)

Cell Leakage Power     =  15.3293 nW


                 Internal         Switching           Leakage            Total
Power Group      Power            Power               Power              Power   (   %    )  Attrs
--------------------------------------------------------------------------------------------------
io_pad             0.0000            0.0000            0.0000            0.0000  (   0.00%)
memory             0.0000            0.0000            0.0000            0.0000  (   0.00%)
black_box          0.0000            0.0000            0.0000            0.0000  (   0.00%)
clock_network      0.1486            0.0000            0.0000            0.1486  (  17.35%)  i
register       1.5840e-02        6.1632e-03            0.4943        2.2004e-02  (   2.57%)
sequential         0.2187        5.6929e-03            3.4603            0.2244  (  26.19%)
combinational      0.2003            0.2614           11.3747            0.4617  (  53.89%)
--------------------------------------------------------------------------------------------------
Total              0.5834 mW         0.2733 mW        15.3293 nW         0.8566 mW
1
redirect timing.rep { report_timing }
redirect cell.rep { report_cell }
redirect power.rep { report_power }
quit

Memory usage for this session 107 Mbytes.
Memory usage for this session including child processes 107 Mbytes.
CPU usage for this session 5 seconds ( 0.00 hours ).
Elapsed time for this session 7 seconds ( 0.00 hours ).

Thank you...
